-- The C compiler identification is GNU 9.3.0
-- The CXX compiler identification is GNU 9.3.0
-- Check for working C compiler: /usr/bin/cc
-- Check for working C compiler: /usr/bin/cc -- works
-- Detecting C compiler ABI info
-- Detecting C compiler ABI info - done
-- Detecting C compile features
-- Detecting C compile features - done
-- Check for working CXX compiler: /usr/bin/c++
-- Check for working CXX compiler: /usr/bin/c++ -- works
-- Detecting CXX compiler ABI info
-- Detecting CXX compiler ABI info - done
-- Detecting CXX compile features
-- Detecting CXX compile features - done
-- Found ament_cmake: 0.9.8 (/opt/ros/foxy/share/ament_cmake/cmake)
-- Found PythonInterp: /usr/bin/python3 (found suitable version "3.8.10", minimum required is "3") 
-- Using PYTHON_EXECUTABLE: /usr/bin/python3
-- Found controller_interface: 0.6.1 (/opt/ros/foxy/share/controller_interface/cmake)
-- Using all available rosidl_typesupport_c: rosidl_typesupport_fastrtps_c;rosidl_typesupport_introspection_c
-- Found rosidl_adapter: 1.2.1 (/opt/ros/foxy/share/rosidl_adapter/cmake)
-- Found OpenSSL: /usr/lib/x86_64-linux-gnu/libcrypto.so (found version "1.1.1f")  
-- Found FastRTPS: /opt/ros/foxy/include  
-- Using all available rosidl_typesupport_cpp: rosidl_typesupport_fastrtps_cpp;rosidl_typesupport_introspection_cpp
-- Found rmw_implementation_cmake: 1.0.3 (/opt/ros/foxy/share/rmw_implementation_cmake/cmake)
-- Using RMW implementation 'rmw_fastrtps_cpp' as default
-- Looking for pthread.h
-- Looking for pthread.h - found
-- Performing Test CMAKE_HAVE_LIBC_PTHREAD
-- Performing Test CMAKE_HAVE_LIBC_PTHREAD - Failed
-- Looking for pthread_create in pthreads
-- Looking for pthread_create in pthreads - not found
-- Looking for pthread_create in pthread
-- Looking for pthread_create in pthread - found
-- Found Threads: TRUE  
-- Found realtime_tools: 2.1.1 (/opt/ros/foxy/share/realtime_tools/cmake)
-- Found a1_msgs: 0.0.1 (/root/try/a1_ros2_simulation/install/a1_msgs/share/a1_msgs/cmake)
-- Found ament_lint_auto: 0.9.6 (/opt/ros/foxy/share/ament_lint_auto/cmake)
-- Added test 'copyright' to check source files copyright and LICENSE
-- Added test 'cppcheck' to perform static code analysis on C / C++ code
-- Configured cppcheck include dirs: /root/try/a1_ros2_simulation/a1_joint_control/include
-- Configured cppcheck exclude dirs and/or files: 
-- Added test 'cpplint' to check C / C++ code against the Google style
-- Configured cpplint exclude dirs and/or files: 
-- Added test 'lint_cmake' to check CMake code style
-- Added test 'uncrustify' to check C / C++ code style
-- Configured uncrustify additional arguments: 
-- Added test 'xmllint' to check XML markup files
-- Configuring done
-- Generating done
-- Build files have been written to: /root/try/a1_ros2_simulation/build/a1_joint_control
[35m[1mScanning dependencies of target unitree_legged_control[0m
[ 50%] [32mBuilding CXX object CMakeFiles/unitree_legged_control.dir/src/a1_joint.cpp.o[0m
[01m[K/root/try/a1_ros2_simulation/a1_joint_control/src/a1_joint.cpp:[m[K In constructor ‘[01m[Kunitree_legged_control::UnitreeJointController::UnitreeJointController()[m[K’:
[01m[K/root/try/a1_ros2_simulation/a1_joint_control/src/a1_joint.cpp:39:59:[m[K [01;35m[Kwarning: [m[K‘[01m[Kvoid* memset(void*, int, size_t)[m[K’ clearing an object of non-trivial type ‘[01m[Kusing MotorCmd = struct a1_msgs::msg::MotorCmd_<std::allocator<void> >[m[K’ {aka ‘[01m[Kstruct a1_msgs::msg::MotorCmd_<std::allocator<void> >[m[K’}; use assignment or value-initialization instead [[01;35m[K-Wclass-memaccess[m[K]
   39 |         memset(&lastCmd, 0, sizeof(a1_msgs::msg::MotorCmd)[01;35m[K)[m[K;
      |                                                           [01;35m[K^[m[K
In file included from [01m[K/root/try/a1_ros2_simulation/install/a1_msgs/include/a1_msgs/msg/motor_cmd.hpp:7[m[K,
                 from [01m[K/root/try/a1_ros2_simulation/a1_joint_control/include/a1_joint.h:7[m[K,
                 from [01m[K/root/try/a1_ros2_simulation/a1_joint_control/src/a1_joint.cpp:2[m[K:
[01m[K/root/try/a1_ros2_simulation/install/a1_msgs/include/a1_msgs/msg/detail/motor_cmd__struct.hpp:31:8:[m[K [01;36m[Knote: [m[K‘[01m[Kusing MotorCmd = struct a1_msgs::msg::MotorCmd_<std::allocator<void> >[m[K’ {aka ‘[01m[Kstruct a1_msgs::msg::MotorCmd_<std::allocator<void> >[m[K’} declared here
   31 | struct [01;36m[KMotorCmd_[m[K
      |        [01;36m[K^~~~~~~~~[m[K
[01m[K/root/try/a1_ros2_simulation/a1_joint_control/src/a1_joint.cpp:40:63:[m[K [01;35m[Kwarning: [m[K‘[01m[Kvoid* memset(void*, int, size_t)[m[K’ clearing an object of non-trivial type ‘[01m[Kusing MotorState = struct a1_msgs::msg::MotorState_<std::allocator<void> >[m[K’ {aka ‘[01m[Kstruct a1_msgs::msg::MotorState_<std::allocator<void> >[m[K’}; use assignment or value-initialization instead [[01;35m[K-Wclass-memaccess[m[K]
   40 |         memset(&lastState, 0, sizeof(a1_msgs::msg::MotorState)[01;35m[K)[m[K;
      |                                                               [01;35m[K^[m[K
In file included from [01m[K/root/try/a1_ros2_simulation/install/a1_msgs/include/a1_msgs/msg/motor_state.hpp:7[m[K,
                 from [01m[K/root/try/a1_ros2_simulation/a1_joint_control/include/a1_joint.h:8[m[K,
                 from [01m[K/root/try/a1_ros2_simulation/a1_joint_control/src/a1_joint.cpp:2[m[K:
[01m[K/root/try/a1_ros2_simulation/install/a1_msgs/include/a1_msgs/msg/detail/motor_state__struct.hpp:31:8:[m[K [01;36m[Knote: [m[K‘[01m[Kusing MotorState = struct a1_msgs::msg::MotorState_<std::allocator<void> >[m[K’ {aka ‘[01m[Kstruct a1_msgs::msg::MotorState_<std::allocator<void> >[m[K’} declared here
   31 | struct [01;36m[KMotorState_[m[K
      |        [01;36m[K^~~~~~~~~~~[m[K
[01m[K/root/try/a1_ros2_simulation/a1_joint_control/src/a1_joint.cpp:[m[K In member function ‘[01m[Kvirtual controller_interface::return_type unitree_legged_control::UnitreeJointController::update()[m[K’:
[01m[K/root/try/a1_ros2_simulation/a1_joint_control/src/a1_joint.cpp:169:32:[m[K [01;35m[Kwarning: [m[K‘[01m[KcurrentPos[m[K’ may be used uninitialized in this function [[01;35m[K-Wmaybe-uninitialized[m[K]
  169 |         currentVel = [01;35m[KcomputeVel(currentPos, (double)lastState.q, (double)lastState.dq, /*period.toSec()*/0)[m[K;
      |                      [01;35m[K~~~~~~~~~~^~~~~~~~~~~~~~~~~~~~~~~~~~~~~~~~~~~~~~~~~~~~~~~~~~~~~~~~~~~~~~~~~~~~~~~~~~~~[m[K
[100%] [32m[1mLinking CXX static library libunitree_legged_control.a[0m
[100%] Built target unitree_legged_control
-- Install configuration: ""
-- Installing: /root/try/a1_ros2_simulation/install/a1_joint_control/share/a1_joint_control/unitree_controller_plugins.xml
-- Installing: /root/try/a1_ros2_simulation/install/a1_joint_control/lib/libunitree_legged_control.a
-- Installing: /root/try/a1_ros2_simulation/install/a1_joint_control/share/ament_index/resource_index/package_run_dependencies/a1_joint_control
-- Installing: /root/try/a1_ros2_simulation/install/a1_joint_control/share/ament_index/resource_index/parent_prefix_path/a1_joint_control
-- Installing: /root/try/a1_ros2_simulation/install/a1_joint_control/share/a1_joint_control/environment/ament_prefix_path.sh
-- Installing: /root/try/a1_ros2_simulation/install/a1_joint_control/share/a1_joint_control/environment/ament_prefix_path.dsv
-- Installing: /root/try/a1_ros2_simulation/install/a1_joint_control/share/a1_joint_control/environment/path.sh
-- Installing: /root/try/a1_ros2_simulation/install/a1_joint_control/share/a1_joint_control/environment/path.dsv
-- Installing: /root/try/a1_ros2_simulation/install/a1_joint_control/share/a1_joint_control/local_setup.bash
-- Installing: /root/try/a1_ros2_simulation/install/a1_joint_control/share/a1_joint_control/local_setup.sh
-- Installing: /root/try/a1_ros2_simulation/install/a1_joint_control/share/a1_joint_control/local_setup.zsh
-- Installing: /root/try/a1_ros2_simulation/install/a1_joint_control/share/a1_joint_control/local_setup.dsv
-- Installing: /root/try/a1_ros2_simulation/install/a1_joint_control/share/a1_joint_control/package.dsv
-- Installing: /root/try/a1_ros2_simulation/install/a1_joint_control/share/ament_index/resource_index/packages/a1_joint_control
-- Installing: /root/try/a1_ros2_simulation/install/a1_joint_control/share/ament_index/resource_index/controller_interface__pluginlib__plugin/a1_joint_control
-- Installing: /root/try/a1_ros2_simulation/install/a1_joint_control/share/a1_joint_control/cmake/a1_joint_controlConfig.cmake
-- Installing: /root/try/a1_ros2_simulation/install/a1_joint_control/share/a1_joint_control/cmake/a1_joint_controlConfig-version.cmake
-- Installing: /root/try/a1_ros2_simulation/install/a1_joint_control/share/a1_joint_control/package.xml
