[0.011s] Invoking command in '/root/try/a1_ros2_simulation/build/a1_joint_control': CMAKE_PREFIX_PATH=${CMAKE_PREFIX_PATH}:/opt/ros/foxy /usr/bin/cmake /root/try/a1_ros2_simulation/a1_joint_control -DCMAKE_INSTALL_PREFIX=/root/try/a1_ros2_simulation/install/a1_joint_control
[0.062s] -- The C compiler identification is GNU 9.3.0
[0.105s] -- The CXX compiler identification is GNU 9.3.0
[0.109s] -- Check for working C compiler: /usr/bin/cc
[0.172s] -- Check for working C compiler: /usr/bin/cc -- works
[0.173s] -- Detecting C compiler ABI info
[0.230s] -- Detecting C compiler ABI info - done
[0.240s] -- Detecting C compile features
[0.241s] -- Detecting C compile features - done
[0.243s] -- Check for working CXX compiler: /usr/bin/c++
[0.311s] -- Check for working CXX compiler: /usr/bin/c++ -- works
[0.312s] -- Detecting CXX compiler ABI info
[0.382s] -- Detecting CXX compiler ABI info - done
[0.391s] -- Detecting CXX compile features
[0.392s] -- Detecting CXX compile features - done
[0.394s] -- Found ament_cmake: 0.9.8 (/opt/ros/foxy/share/ament_cmake/cmake)
[0.414s] -- Found PythonInterp: /usr/bin/python3 (found suitable version "3.8.10", minimum required is "3") 
[0.415s] -- Using PYTHON_EXECUTABLE: /usr/bin/python3
[0.575s] -- Found controller_interface: 0.6.1 (/opt/ros/foxy/share/controller_interface/cmake)
[0.604s] -- Using all available rosidl_typesupport_c: rosidl_typesupport_fastrtps_c;rosidl_typesupport_introspection_c
[0.609s] -- Found rosidl_adapter: 1.2.1 (/opt/ros/foxy/share/rosidl_adapter/cmake)
[0.676s] -- Found OpenSSL: /usr/lib/x86_64-linux-gnu/libcrypto.so (found version "1.1.1f")  
[0.700s] -- Found FastRTPS: /opt/ros/foxy/include  
[0.767s] -- Using all available rosidl_typesupport_cpp: rosidl_typesupport_fastrtps_cpp;rosidl_typesupport_introspection_cpp
[1.271s] -- Found rmw_implementation_cmake: 1.0.3 (/opt/ros/foxy/share/rmw_implementation_cmake/cmake)
[1.273s] -- Using RMW implementation 'rmw_fastrtps_cpp' as default
[1.274s] -- Looking for pthread.h
[1.336s] -- Looking for pthread.h - found
[1.336s] -- Performing Test CMAKE_HAVE_LIBC_PTHREAD
[1.399s] -- Performing Test CMAKE_HAVE_LIBC_PTHREAD - Failed
[1.400s] -- Looking for pthread_create in pthreads
[1.450s] -- Looking for pthread_create in pthreads - not found
[1.450s] -- Looking for pthread_create in pthread
[1.510s] -- Looking for pthread_create in pthread - found
[1.511s] -- Found Threads: TRUE  
[1.667s] -- Found realtime_tools: 2.1.1 (/opt/ros/foxy/share/realtime_tools/cmake)
[1.704s] -- Found a1_msgs: 0.0.1 (/root/try/a1_ros2_simulation/install/a1_msgs/share/a1_msgs/cmake)
[1.711s] -- Found ament_lint_auto: 0.9.6 (/opt/ros/foxy/share/ament_lint_auto/cmake)
[1.773s] -- Added test 'copyright' to check source files copyright and LICENSE
[1.777s] -- Added test 'cppcheck' to perform static code analysis on C / C++ code
[1.777s] -- Configured cppcheck include dirs: /root/try/a1_ros2_simulation/a1_joint_control/include
[1.777s] -- Configured cppcheck exclude dirs and/or files: 
[1.778s] -- Added test 'cpplint' to check C / C++ code against the Google style
[1.778s] -- Configured cpplint exclude dirs and/or files: 
[1.779s] -- Added test 'lint_cmake' to check CMake code style
[1.780s] -- Added test 'uncrustify' to check C / C++ code style
[1.780s] -- Configured uncrustify additional arguments: 
[1.780s] -- Added test 'xmllint' to check XML markup files
[1.783s] -- Configuring done
[1.788s] -- Generating done
[1.789s] -- Build files have been written to: /root/try/a1_ros2_simulation/build/a1_joint_control
[1.796s] Invoked command in '/root/try/a1_ros2_simulation/build/a1_joint_control' returned '0': CMAKE_PREFIX_PATH=${CMAKE_PREFIX_PATH}:/opt/ros/foxy /usr/bin/cmake /root/try/a1_ros2_simulation/a1_joint_control -DCMAKE_INSTALL_PREFIX=/root/try/a1_ros2_simulation/install/a1_joint_control
[1.799s] Invoking command in '/root/try/a1_ros2_simulation/build/a1_joint_control': CMAKE_PREFIX_PATH=${CMAKE_PREFIX_PATH}:/opt/ros/foxy /usr/bin/cmake --build /root/try/a1_ros2_simulation/build/a1_joint_control -- -j4 -l4
[1.837s] [35m[1mScanning dependencies of target unitree_legged_control[0m
[1.942s] [ 50%] [32mBuilding CXX object CMakeFiles/unitree_legged_control.dir/src/a1_joint.cpp.o[0m
[3.817s] [01m[K/root/try/a1_ros2_simulation/a1_joint_control/src/a1_joint.cpp:[m[K In constructor ‘[01m[Kunitree_legged_control::UnitreeJointController::UnitreeJointController()[m[K’:
[3.817s] [01m[K/root/try/a1_ros2_simulation/a1_joint_control/src/a1_joint.cpp:39:59:[m[K [01;35m[Kwarning: [m[K‘[01m[Kvoid* memset(void*, int, size_t)[m[K’ clearing an object of non-trivial type ‘[01m[Kusing MotorCmd = struct a1_msgs::msg::MotorCmd_<std::allocator<void> >[m[K’ {aka ‘[01m[Kstruct a1_msgs::msg::MotorCmd_<std::allocator<void> >[m[K’}; use assignment or value-initialization instead [[01;35m[K-Wclass-memaccess[m[K]
[3.817s]    39 |         memset(&lastCmd, 0, sizeof(a1_msgs::msg::MotorCmd)[01;35m[K)[m[K;
[3.817s]       |                                                           [01;35m[K^[m[K
[3.817s] In file included from [01m[K/root/try/a1_ros2_simulation/install/a1_msgs/include/a1_msgs/msg/motor_cmd.hpp:7[m[K,
[3.817s]                  from [01m[K/root/try/a1_ros2_simulation/a1_joint_control/include/a1_joint.h:7[m[K,
[3.817s]                  from [01m[K/root/try/a1_ros2_simulation/a1_joint_control/src/a1_joint.cpp:2[m[K:
[3.817s] [01m[K/root/try/a1_ros2_simulation/install/a1_msgs/include/a1_msgs/msg/detail/motor_cmd__struct.hpp:31:8:[m[K [01;36m[Knote: [m[K‘[01m[Kusing MotorCmd = struct a1_msgs::msg::MotorCmd_<std::allocator<void> >[m[K’ {aka ‘[01m[Kstruct a1_msgs::msg::MotorCmd_<std::allocator<void> >[m[K’} declared here
[3.818s]    31 | struct [01;36m[KMotorCmd_[m[K
[3.818s]       |        [01;36m[K^~~~~~~~~[m[K
[3.818s] [01m[K/root/try/a1_ros2_simulation/a1_joint_control/src/a1_joint.cpp:40:63:[m[K [01;35m[Kwarning: [m[K‘[01m[Kvoid* memset(void*, int, size_t)[m[K’ clearing an object of non-trivial type ‘[01m[Kusing MotorState = struct a1_msgs::msg::MotorState_<std::allocator<void> >[m[K’ {aka ‘[01m[Kstruct a1_msgs::msg::MotorState_<std::allocator<void> >[m[K’}; use assignment or value-initialization instead [[01;35m[K-Wclass-memaccess[m[K]
[3.818s]    40 |         memset(&lastState, 0, sizeof(a1_msgs::msg::MotorState)[01;35m[K)[m[K;
[3.818s]       |                                                               [01;35m[K^[m[K
[3.818s] In file included from [01m[K/root/try/a1_ros2_simulation/install/a1_msgs/include/a1_msgs/msg/motor_state.hpp:7[m[K,
[3.818s]                  from [01m[K/root/try/a1_ros2_simulation/a1_joint_control/include/a1_joint.h:8[m[K,
[3.818s]                  from [01m[K/root/try/a1_ros2_simulation/a1_joint_control/src/a1_joint.cpp:2[m[K:
[3.818s] [01m[K/root/try/a1_ros2_simulation/install/a1_msgs/include/a1_msgs/msg/detail/motor_state__struct.hpp:31:8:[m[K [01;36m[Knote: [m[K‘[01m[Kusing MotorState = struct a1_msgs::msg::MotorState_<std::allocator<void> >[m[K’ {aka ‘[01m[Kstruct a1_msgs::msg::MotorState_<std::allocator<void> >[m[K’} declared here
[3.818s]    31 | struct [01;36m[KMotorState_[m[K
[3.819s]       |        [01;36m[K^~~~~~~~~~~[m[K
[5.794s] [01m[K/root/try/a1_ros2_simulation/a1_joint_control/src/a1_joint.cpp:[m[K In member function ‘[01m[Kvirtual controller_interface::return_type unitree_legged_control::UnitreeJointController::update()[m[K’:
[5.794s] [01m[K/root/try/a1_ros2_simulation/a1_joint_control/src/a1_joint.cpp:169:32:[m[K [01;35m[Kwarning: [m[K‘[01m[KcurrentPos[m[K’ may be used uninitialized in this function [[01;35m[K-Wmaybe-uninitialized[m[K]
[5.794s]   169 |         currentVel = [01;35m[KcomputeVel(currentPos, (double)lastState.q, (double)lastState.dq, /*period.toSec()*/0)[m[K;
[5.794s]       |                      [01;35m[K~~~~~~~~~~^~~~~~~~~~~~~~~~~~~~~~~~~~~~~~~~~~~~~~~~~~~~~~~~~~~~~~~~~~~~~~~~~~~~~~~~~~~~[m[K
[8.368s] [100%] [32m[1mLinking CXX static library libunitree_legged_control.a[0m
[8.469s] [100%] Built target unitree_legged_control
[8.480s] Invoked command in '/root/try/a1_ros2_simulation/build/a1_joint_control' returned '0': CMAKE_PREFIX_PATH=${CMAKE_PREFIX_PATH}:/opt/ros/foxy /usr/bin/cmake --build /root/try/a1_ros2_simulation/build/a1_joint_control -- -j4 -l4
[8.512s] Invoking command in '/root/try/a1_ros2_simulation/build/a1_joint_control': CMAKE_PREFIX_PATH=${CMAKE_PREFIX_PATH}:/opt/ros/foxy /usr/bin/cmake --install /root/try/a1_ros2_simulation/build/a1_joint_control
[8.520s] -- Install configuration: ""
[8.520s] -- Installing: /root/try/a1_ros2_simulation/install/a1_joint_control/share/a1_joint_control/unitree_controller_plugins.xml
[8.521s] -- Installing: /root/try/a1_ros2_simulation/install/a1_joint_control/lib/libunitree_legged_control.a
[8.528s] -- Installing: /root/try/a1_ros2_simulation/install/a1_joint_control/share/ament_index/resource_index/package_run_dependencies/a1_joint_control
[8.529s] -- Installing: /root/try/a1_ros2_simulation/install/a1_joint_control/share/ament_index/resource_index/parent_prefix_path/a1_joint_control
[8.529s] -- Installing: /root/try/a1_ros2_simulation/install/a1_joint_control/share/a1_joint_control/environment/ament_prefix_path.sh
[8.529s] -- Installing: /root/try/a1_ros2_simulation/install/a1_joint_control/share/a1_joint_control/environment/ament_prefix_path.dsv
[8.529s] -- Installing: /root/try/a1_ros2_simulation/install/a1_joint_control/share/a1_joint_control/environment/path.sh
[8.529s] -- Installing: /root/try/a1_ros2_simulation/install/a1_joint_control/share/a1_joint_control/environment/path.dsv
[8.529s] -- Installing: /root/try/a1_ros2_simulation/install/a1_joint_control/share/a1_joint_control/local_setup.bash
[8.529s] -- Installing: /root/try/a1_ros2_simulation/install/a1_joint_control/share/a1_joint_control/local_setup.sh
[8.529s] -- Installing: /root/try/a1_ros2_simulation/install/a1_joint_control/share/a1_joint_control/local_setup.zsh
[8.529s] -- Installing: /root/try/a1_ros2_simulation/install/a1_joint_control/share/a1_joint_control/local_setup.dsv
[8.530s] -- Installing: /root/try/a1_ros2_simulation/install/a1_joint_control/share/a1_joint_control/package.dsv
[8.530s] -- Installing: /root/try/a1_ros2_simulation/install/a1_joint_control/share/ament_index/resource_index/packages/a1_joint_control
[8.530s] -- Installing: /root/try/a1_ros2_simulation/install/a1_joint_control/share/ament_index/resource_index/controller_interface__pluginlib__plugin/a1_joint_control
[8.532s] -- Installing: /root/try/a1_ros2_simulation/install/a1_joint_control/share/a1_joint_control/cmake/a1_joint_controlConfig.cmake
[8.532s] -- Installing: /root/try/a1_ros2_simulation/install/a1_joint_control/share/a1_joint_control/cmake/a1_joint_controlConfig-version.cmake
[8.532s] -- Installing: /root/try/a1_ros2_simulation/install/a1_joint_control/share/a1_joint_control/package.xml
[8.535s] Invoked command in '/root/try/a1_ros2_simulation/build/a1_joint_control' returned '0': CMAKE_PREFIX_PATH=${CMAKE_PREFIX_PATH}:/opt/ros/foxy /usr/bin/cmake --install /root/try/a1_ros2_simulation/build/a1_joint_control
