-- Install configuration: ""
-- Up-to-date: /root/try/a1_ros2_simulation/install/a1_description/share/a1_description/launch
-- Up-to-date: /root/try/a1_ros2_simulation/install/a1_description/share/a1_description/launch/model.sdf
-- Up-to-date: /root/try/a1_ros2_simulation/install/a1_description/share/a1_description/launch/dd.launch.py
-- Up-to-date: /root/try/a1_ros2_simulation/install/a1_description/share/a1_description/launch/demo.launch.py
-- Up-to-date: /root/try/a1_ros2_simulation/install/a1_description/share/a1_description/launch/model.config
-- Up-to-date: /root/try/a1_ros2_simulation/install/a1_description/share/a1_description/launch/normal.launch.py
-- Up-to-date: /root/try/a1_ros2_simulation/install/a1_description/share/a1_description/urdf
-- Up-to-date: /root/try/a1_ros2_simulation/install/a1_description/share/a1_description/urdf/model.sdf
-- Up-to-date: /root/try/a1_ros2_simulation/install/a1_description/share/a1_description/urdf/a1.urdf.xml
-- Up-to-date: /root/try/a1_ros2_simulation/install/a1_description/share/a1_description/urdf/a1_description.gv
-- Up-to-date: /root/try/a1_ros2_simulation/install/a1_description/share/a1_description/urdf/a1.urdf
-- Up-to-date: /root/try/a1_ros2_simulation/install/a1_description/share/a1_description/urdf/a1_description.pdf
-- Up-to-date: /root/try/a1_ros2_simulation/install/a1_description/share/a1_description/urdf/model.config
-- Up-to-date: /root/try/a1_ros2_simulation/install/a1_description/share/a1_description/xacro
-- Up-to-date: /root/try/a1_ros2_simulation/install/a1_description/share/a1_description/xacro/a1.normal
-- Up-to-date: /root/try/a1_ros2_simulation/install/a1_description/share/a1_description/xacro/model.sdf
-- Up-to-date: /root/try/a1_ros2_simulation/install/a1_description/share/a1_description/xacro/a1.backup
-- Up-to-date: /root/try/a1_ros2_simulation/install/a1_description/share/a1_description/xacro/a1.ros2_control.xacro.bak
-- Up-to-date: /root/try/a1_ros2_simulation/install/a1_description/share/a1_description/xacro/a1.ros2_control.xacro
-- Up-to-date: /root/try/a1_ros2_simulation/install/a1_description/share/a1_description/xacro/leg.xacro
-- Up-to-date: /root/try/a1_ros2_simulation/install/a1_description/share/a1_description/xacro/robot.xacro
-- Up-to-date: /root/try/a1_ros2_simulation/install/a1_description/share/a1_description/xacro/model.config
-- Up-to-date: /root/try/a1_ros2_simulation/install/a1_description/share/a1_description/xacro/transmission.xacro
-- Up-to-date: /root/try/a1_ros2_simulation/install/a1_description/share/a1_description/xacro/const.xacro
-- Up-to-date: /root/try/a1_ros2_simulation/install/a1_description/share/a1_description/xacro/materials.xacro
-- Up-to-date: /root/try/a1_ros2_simulation/install/a1_description/share/a1_description/xacro/gazebo.xacro
-- Up-to-date: /root/try/a1_ros2_simulation/install/a1_description/share/a1_description/xacro/stairs.xacro
-- Up-to-date: /root/try/a1_ros2_simulation/install/a1_description/share/a1_description/meshes
-- Up-to-date: /root/try/a1_ros2_simulation/install/a1_description/share/a1_description/meshes/calf.dae
-- Up-to-date: /root/try/a1_ros2_simulation/install/a1_description/share/a1_description/meshes/thigh.dae
-- Up-to-date: /root/try/a1_ros2_simulation/install/a1_description/share/a1_description/meshes/thigh_mirror.dae
-- Up-to-date: /root/try/a1_ros2_simulation/install/a1_description/share/a1_description/meshes/trunk_A1.png
-- Up-to-date: /root/try/a1_ros2_simulation/install/a1_description/share/a1_description/meshes/trunk.dae
-- Up-to-date: /root/try/a1_ros2_simulation/install/a1_description/share/a1_description/meshes/hip.dae
-- Up-to-date: /root/try/a1_ros2_simulation/install/a1_description/share/a1_description/rviz
-- Up-to-date: /root/try/a1_ros2_simulation/install/a1_description/share/a1_description/rviz/model.sdf
-- Up-to-date: /root/try/a1_ros2_simulation/install/a1_description/share/a1_description/rviz/nav2_default_view.rviz
-- Up-to-date: /root/try/a1_ros2_simulation/install/a1_description/share/a1_description/rviz/model.config
-- Up-to-date: /root/try/a1_ros2_simulation/install/a1_description/share/a1_description/rviz/check_joint.rviz
-- Up-to-date: /root/try/a1_ros2_simulation/install/a1_description/share/a1_description/config
-- Up-to-date: /root/try/a1_ros2_simulation/install/a1_description/share/a1_description/config/robot_control.yaml.first
-- Up-to-date: /root/try/a1_ros2_simulation/install/a1_description/share/a1_description/config/robot_control.yaml.bak
-- Up-to-date: /root/try/a1_ros2_simulation/install/a1_description/share/a1_description/config/robot_control.yaml.ll
-- Installing: /root/try/a1_ros2_simulation/install/a1_description/share/a1_description/config/robot_control.yaml
-- Up-to-date: /root/try/a1_ros2_simulation/install/a1_description/share/a1_description/models
-- Up-to-date: /root/try/a1_ros2_simulation/install/a1_description/share/a1_description/models/model.sdf
-- Up-to-date: /root/try/a1_ros2_simulation/install/a1_description/share/a1_description/models/meshes
-- Up-to-date: /root/try/a1_ros2_simulation/install/a1_description/share/a1_description/models/meshes/calf.dae
-- Up-to-date: /root/try/a1_ros2_simulation/install/a1_description/share/a1_description/models/meshes/thigh.dae
-- Up-to-date: /root/try/a1_ros2_simulation/install/a1_description/share/a1_description/models/meshes/thigh_mirror.dae
-- Up-to-date: /root/try/a1_ros2_simulation/install/a1_description/share/a1_description/models/meshes/trunk_A1.png
-- Up-to-date: /root/try/a1_ros2_simulation/install/a1_description/share/a1_description/models/meshes/trunk.dae
-- Up-to-date: /root/try/a1_ros2_simulation/install/a1_description/share/a1_description/models/meshes/hip.dae
-- Up-to-date: /root/try/a1_ros2_simulation/install/a1_description/share/a1_description/models/model.config
-- Up-to-date: /root/try/a1_ros2_simulation/install/a1_description/share/ament_index/resource_index/package_run_dependencies/a1_description
-- Up-to-date: /root/try/a1_ros2_simulation/install/a1_description/share/ament_index/resource_index/parent_prefix_path/a1_description
-- Up-to-date: /root/try/a1_ros2_simulation/install/a1_description/share/a1_description/environment/ament_prefix_path.sh
-- Up-to-date: /root/try/a1_ros2_simulation/install/a1_description/share/a1_description/environment/ament_prefix_path.dsv
-- Up-to-date: /root/try/a1_ros2_simulation/install/a1_description/share/a1_description/environment/path.sh
-- Up-to-date: /root/try/a1_ros2_simulation/install/a1_description/share/a1_description/environment/path.dsv
-- Up-to-date: /root/try/a1_ros2_simulation/install/a1_description/share/a1_description/local_setup.bash
-- Up-to-date: /root/try/a1_ros2_simulation/install/a1_description/share/a1_description/local_setup.sh
-- Up-to-date: /root/try/a1_ros2_simulation/install/a1_description/share/a1_description/local_setup.zsh
-- Up-to-date: /root/try/a1_ros2_simulation/install/a1_description/share/a1_description/local_setup.dsv
-- Up-to-date: /root/try/a1_ros2_simulation/install/a1_description/share/a1_description/package.dsv
-- Up-to-date: /root/try/a1_ros2_simulation/install/a1_description/share/ament_index/resource_index/packages/a1_description
-- Up-to-date: /root/try/a1_ros2_simulation/install/a1_description/share/a1_description/cmake/a1_descriptionConfig.cmake
-- Up-to-date: /root/try/a1_ros2_simulation/install/a1_description/share/a1_description/cmake/a1_descriptionConfig-version.cmake
-- Up-to-date: /root/try/a1_ros2_simulation/install/a1_description/share/a1_description/package.xml
