[0.026s] Invoking command in '/root/try/a1_ros2_simulation/build/a1_description': CMAKE_PREFIX_PATH=${CMAKE_PREFIX_PATH}:/opt/ros/foxy /usr/bin/cmake --build /root/try/a1_ros2_simulation/build/a1_description -- -j4 -l4
[0.077s] Invoked command in '/root/try/a1_ros2_simulation/build/a1_description' returned '0': CMAKE_PREFIX_PATH=${CMAKE_PREFIX_PATH}:/opt/ros/foxy /usr/bin/cmake --build /root/try/a1_ros2_simulation/build/a1_description -- -j4 -l4
[0.108s] Invoking command in '/root/try/a1_ros2_simulation/build/a1_description': CMAKE_PREFIX_PATH=${CMAKE_PREFIX_PATH}:/opt/ros/foxy /usr/bin/cmake --install /root/try/a1_ros2_simulation/build/a1_description
[0.120s] -- Install configuration: ""
[0.126s] -- Up-to-date: /root/try/a1_ros2_simulation/install/a1_description/share/a1_description/launch
[0.127s] -- Up-to-date: /root/try/a1_ros2_simulation/install/a1_description/share/a1_description/launch/model.sdf
[0.127s] -- Up-to-date: /root/try/a1_ros2_simulation/install/a1_description/share/a1_description/launch/dd.launch.py
[0.128s] -- Up-to-date: /root/try/a1_ros2_simulation/install/a1_description/share/a1_description/launch/demo.launch.py
[0.128s] -- Up-to-date: /root/try/a1_ros2_simulation/install/a1_description/share/a1_description/launch/model.config
[0.128s] -- Up-to-date: /root/try/a1_ros2_simulation/install/a1_description/share/a1_description/launch/normal.launch.py
[0.128s] -- Up-to-date: /root/try/a1_ros2_simulation/install/a1_description/share/a1_description/urdf
[0.129s] -- Up-to-date: /root/try/a1_ros2_simulation/install/a1_description/share/a1_description/urdf/model.sdf
[0.129s] -- Up-to-date: /root/try/a1_ros2_simulation/install/a1_description/share/a1_description/urdf/a1.urdf.xml
[0.129s] -- Up-to-date: /root/try/a1_ros2_simulation/install/a1_description/share/a1_description/urdf/a1_description.gv
[0.129s] -- Up-to-date: /root/try/a1_ros2_simulation/install/a1_description/share/a1_description/urdf/a1.urdf
[0.129s] -- Up-to-date: /root/try/a1_ros2_simulation/install/a1_description/share/a1_description/urdf/a1_description.pdf
[0.129s] -- Up-to-date: /root/try/a1_ros2_simulation/install/a1_description/share/a1_description/urdf/model.config
[0.130s] -- Up-to-date: /root/try/a1_ros2_simulation/install/a1_description/share/a1_description/xacro
[0.130s] -- Up-to-date: /root/try/a1_ros2_simulation/install/a1_description/share/a1_description/xacro/a1.normal
[0.130s] -- Up-to-date: /root/try/a1_ros2_simulation/install/a1_description/share/a1_description/xacro/model.sdf
[0.130s] -- Up-to-date: /root/try/a1_ros2_simulation/install/a1_description/share/a1_description/xacro/a1.backup
[0.130s] -- Up-to-date: /root/try/a1_ros2_simulation/install/a1_description/share/a1_description/xacro/a1.ros2_control.xacro.bak
[0.130s] -- Up-to-date: /root/try/a1_ros2_simulation/install/a1_description/share/a1_description/xacro/a1.ros2_control.xacro
[0.130s] -- Up-to-date: /root/try/a1_ros2_simulation/install/a1_description/share/a1_description/xacro/leg.xacro
[0.130s] -- Up-to-date: /root/try/a1_ros2_simulation/install/a1_description/share/a1_description/xacro/robot.xacro
[0.130s] -- Up-to-date: /root/try/a1_ros2_simulation/install/a1_description/share/a1_description/xacro/model.config
[0.130s] -- Up-to-date: /root/try/a1_ros2_simulation/install/a1_description/share/a1_description/xacro/transmission.xacro
[0.130s] -- Up-to-date: /root/try/a1_ros2_simulation/install/a1_description/share/a1_description/xacro/const.xacro
[0.131s] -- Up-to-date: /root/try/a1_ros2_simulation/install/a1_description/share/a1_description/xacro/materials.xacro
[0.131s] -- Up-to-date: /root/try/a1_ros2_simulation/install/a1_description/share/a1_description/xacro/gazebo.xacro
[0.131s] -- Up-to-date: /root/try/a1_ros2_simulation/install/a1_description/share/a1_description/xacro/stairs.xacro
[0.131s] -- Up-to-date: /root/try/a1_ros2_simulation/install/a1_description/share/a1_description/meshes
[0.131s] -- Up-to-date: /root/try/a1_ros2_simulation/install/a1_description/share/a1_description/meshes/calf.dae
[0.131s] -- Up-to-date: /root/try/a1_ros2_simulation/install/a1_description/share/a1_description/meshes/thigh.dae
[0.131s] -- Up-to-date: /root/try/a1_ros2_simulation/install/a1_description/share/a1_description/meshes/thigh_mirror.dae
[0.131s] -- Up-to-date: /root/try/a1_ros2_simulation/install/a1_description/share/a1_description/meshes/trunk_A1.png
[0.131s] -- Up-to-date: /root/try/a1_ros2_simulation/install/a1_description/share/a1_description/meshes/trunk.dae
[0.131s] -- Up-to-date: /root/try/a1_ros2_simulation/install/a1_description/share/a1_description/meshes/hip.dae
[0.131s] -- Up-to-date: /root/try/a1_ros2_simulation/install/a1_description/share/a1_description/rviz
[0.131s] -- Up-to-date: /root/try/a1_ros2_simulation/install/a1_description/share/a1_description/rviz/model.sdf
[0.131s] -- Up-to-date: /root/try/a1_ros2_simulation/install/a1_description/share/a1_description/rviz/nav2_default_view.rviz
[0.131s] -- Up-to-date: /root/try/a1_ros2_simulation/install/a1_description/share/a1_description/rviz/model.config
[0.132s] -- Up-to-date: /root/try/a1_ros2_simulation/install/a1_description/share/a1_description/rviz/check_joint.rviz
[0.132s] -- Up-to-date: /root/try/a1_ros2_simulation/install/a1_description/share/a1_description/config
[0.132s] -- Up-to-date: /root/try/a1_ros2_simulation/install/a1_description/share/a1_description/config/robot_control.yaml.first
[0.132s] -- Up-to-date: /root/try/a1_ros2_simulation/install/a1_description/share/a1_description/config/robot_control.yaml.bak
[0.132s] -- Up-to-date: /root/try/a1_ros2_simulation/install/a1_description/share/a1_description/config/robot_control.yaml.ll
[0.132s] -- Installing: /root/try/a1_ros2_simulation/install/a1_description/share/a1_description/config/robot_control.yaml
[0.132s] -- Up-to-date: /root/try/a1_ros2_simulation/install/a1_description/share/a1_description/models
[0.133s] -- Up-to-date: /root/try/a1_ros2_simulation/install/a1_description/share/a1_description/models/model.sdf
[0.133s] -- Up-to-date: /root/try/a1_ros2_simulation/install/a1_description/share/a1_description/models/meshes
[0.133s] -- Up-to-date: /root/try/a1_ros2_simulation/install/a1_description/share/a1_description/models/meshes/calf.dae
[0.133s] -- Up-to-date: /root/try/a1_ros2_simulation/install/a1_description/share/a1_description/models/meshes/thigh.dae
[0.133s] -- Up-to-date: /root/try/a1_ros2_simulation/install/a1_description/share/a1_description/models/meshes/thigh_mirror.dae
[0.133s] -- Up-to-date: /root/try/a1_ros2_simulation/install/a1_description/share/a1_description/models/meshes/trunk_A1.png
[0.133s] -- Up-to-date: /root/try/a1_ros2_simulation/install/a1_description/share/a1_description/models/meshes/trunk.dae
[0.134s] -- Up-to-date: /root/try/a1_ros2_simulation/install/a1_description/share/a1_description/models/meshes/hip.dae
[0.134s] -- Up-to-date: /root/try/a1_ros2_simulation/install/a1_description/share/a1_description/models/model.config
[0.134s] -- Up-to-date: /root/try/a1_ros2_simulation/install/a1_description/share/ament_index/resource_index/package_run_dependencies/a1_description
[0.134s] -- Up-to-date: /root/try/a1_ros2_simulation/install/a1_description/share/ament_index/resource_index/parent_prefix_path/a1_description
[0.134s] -- Up-to-date: /root/try/a1_ros2_simulation/install/a1_description/share/a1_description/environment/ament_prefix_path.sh
[0.135s] -- Up-to-date: /root/try/a1_ros2_simulation/install/a1_description/share/a1_description/environment/ament_prefix_path.dsv
[0.135s] -- Up-to-date: /root/try/a1_ros2_simulation/install/a1_description/share/a1_description/environment/path.sh
[0.135s] -- Up-to-date: /root/try/a1_ros2_simulation/install/a1_description/share/a1_description/environment/path.dsv
[0.136s] -- Up-to-date: /root/try/a1_ros2_simulation/install/a1_description/share/a1_description/local_setup.bash
[0.136s] -- Up-to-date: /root/try/a1_ros2_simulation/install/a1_description/share/a1_description/local_setup.sh
[0.136s] -- Up-to-date: /root/try/a1_ros2_simulation/install/a1_description/share/a1_description/local_setup.zsh
[0.137s] -- Up-to-date: /root/try/a1_ros2_simulation/install/a1_description/share/a1_description/local_setup.dsv
[0.137s] -- Up-to-date: /root/try/a1_ros2_simulation/install/a1_description/share/a1_description/package.dsv
[0.137s] -- Up-to-date: /root/try/a1_ros2_simulation/install/a1_description/share/ament_index/resource_index/packages/a1_description
[0.138s] -- Up-to-date: /root/try/a1_ros2_simulation/install/a1_description/share/a1_description/cmake/a1_descriptionConfig.cmake
[0.138s] -- Up-to-date: /root/try/a1_ros2_simulation/install/a1_description/share/a1_description/cmake/a1_descriptionConfig-version.cmake
[0.138s] -- Up-to-date: /root/try/a1_ros2_simulation/install/a1_description/share/a1_description/package.xml
[0.140s] Invoked command in '/root/try/a1_ros2_simulation/build/a1_description' returned '0': CMAKE_PREFIX_PATH=${CMAKE_PREFIX_PATH}:/opt/ros/foxy /usr/bin/cmake --install /root/try/a1_ros2_simulation/build/a1_description
