-- The C compiler identification is GNU 9.3.0
-- The CXX compiler identification is GNU 9.3.0
-- Check for working C compiler: /usr/bin/cc
-- Check for working C compiler: /usr/bin/cc -- works
-- Detecting C compiler ABI info
-- Detecting C compiler ABI info - done
-- Detecting C compile features
-- Detecting C compile features - done
-- Check for working CXX compiler: /usr/bin/c++
-- Check for working CXX compiler: /usr/bin/c++ -- works
-- Detecting CXX compiler ABI info
-- Detecting CXX compiler ABI info - done
-- Detecting CXX compile features
-- Detecting CXX compile features - done
-- Found ament_cmake: 0.9.8 (/opt/ros/foxy/share/ament_cmake/cmake)
-- Found PythonInterp: /usr/bin/python3 (found suitable version "3.8.10", minimum required is "3") 
-- Using PYTHON_EXECUTABLE: /usr/bin/python3
-- Found rosidl_default_generators: 1.0.1 (/opt/ros/foxy/share/rosidl_default_generators/cmake)
-- Using all available rosidl_typesupport_c: rosidl_typesupport_fastrtps_c;rosidl_typesupport_introspection_c
-- Found rosidl_adapter: 1.2.1 (/opt/ros/foxy/share/rosidl_adapter/cmake)
-- Found OpenSSL: /usr/lib/x86_64-linux-gnu/libcrypto.so (found version "1.1.1f")  
-- Found FastRTPS: /opt/ros/foxy/include  
-- Using all available rosidl_typesupport_cpp: rosidl_typesupport_fastrtps_cpp;rosidl_typesupport_introspection_cpp
-- Found PythonInterp: /usr/bin/python3 (found version "3.8.10") 
-- Found ament_cmake_ros: 0.9.1 (/opt/ros/foxy/share/ament_cmake_ros/cmake)
-- Using all available rosidl_typesupport_c: rosidl_typesupport_fastrtps_c;rosidl_typesupport_introspection_c
-- Using all available rosidl_typesupport_cpp: rosidl_typesupport_fastrtps_cpp;rosidl_typesupport_introspection_cpp
-- Found PythonInterp: /usr/bin/python3 (found suitable version "3.8.10", minimum required is "3.5") 
-- Found python_cmake_module: 0.8.1 (/opt/ros/foxy/share/python_cmake_module/cmake)
-- Found PythonLibs: /usr/lib/x86_64-linux-gnu/libpython3.8.so (found suitable version "3.8.10", minimum required is "3.5") 
-- Using PYTHON_EXECUTABLE: /usr/bin/python3
-- Using PYTHON_INCLUDE_DIRS: /usr/include/python3.8
-- Using PYTHON_LIBRARIES: /usr/lib/x86_64-linux-gnu/libpython3.8.so
-- Found PythonExtra: .so  
-- Found ament_lint_auto: 0.9.6 (/opt/ros/foxy/share/ament_lint_auto/cmake)
-- Added test 'copyright' to check source files copyright and LICENSE
-- Added test 'flake8' to check Python code syntax and style conventions
-- Added test 'lint_cmake' to check CMake code style
-- Added test 'pep257' to check Python code against some of the style conventions in PEP 257
-- Added test 'xmllint' to check XML markup files
-- Configuring done
-- Generating done
-- Build files have been written to: /root/try/a1_ros2_simulation/build/a1_msgs
[  1%] [34m[1mGenerating C code for ROS interfaces[0m
[35m[1mScanning dependencies of target a1_msgs__cpp[0m
[  1%] [34m[1mGenerating C++ code for ROS interfaces[0m
[  1%] Built target a1_msgs__cpp
[  2%] [34m[1mGenerating C++ type support for eProsima Fast-RTPS[0m
[  2%] [34m[1mGenerating C++ introspection for ROS interfaces[0m
[  3%] [34m[1mGenerating C++ type support dispatch for ROS interfaces[0m
[35m[1mScanning dependencies of target a1_msgs__rosidl_generator_c[0m
[  3%] [32mBuilding C object CMakeFiles/a1_msgs__rosidl_generator_c.dir/rosidl_generator_c/a1_msgs/msg/detail/cartesian__functions.c.o[0m
[  4%] [32mBuilding C object CMakeFiles/a1_msgs__rosidl_generator_c.dir/rosidl_generator_c/a1_msgs/msg/detail/imu__functions.c.o[0m
[  5%] [32mBuilding C object CMakeFiles/a1_msgs__rosidl_generator_c.dir/rosidl_generator_c/a1_msgs/msg/detail/motor_state__functions.c.o[0m
[  6%] [32mBuilding C object CMakeFiles/a1_msgs__rosidl_generator_c.dir/rosidl_generator_c/a1_msgs/msg/detail/pose__functions.c.o[0m
[  6%] [32mBuilding C object CMakeFiles/a1_msgs__rosidl_generator_c.dir/rosidl_generator_c/a1_msgs/msg/detail/low_cmd__functions.c.o[0m
[  7%] [32mBuilding C object CMakeFiles/a1_msgs__rosidl_generator_c.dir/rosidl_generator_c/a1_msgs/msg/detail/high_cmd__functions.c.o[0m
[  8%] [32mBuilding C object CMakeFiles/a1_msgs__rosidl_generator_c.dir/rosidl_generator_c/a1_msgs/msg/detail/low_state__functions.c.o[0m
[  8%] [32mBuilding C object CMakeFiles/a1_msgs__rosidl_generator_c.dir/rosidl_generator_c/a1_msgs/msg/detail/motor_cmd__functions.c.o[0m
[  9%] [32mBuilding C object CMakeFiles/a1_msgs__rosidl_generator_c.dir/rosidl_generator_c/a1_msgs/msg/detail/led__functions.c.o[0m
[ 10%] [32mBuilding C object CMakeFiles/a1_msgs__rosidl_generator_c.dir/rosidl_generator_c/a1_msgs/msg/detail/high_state__functions.c.o[0m
[ 10%] [32mBuilding C object CMakeFiles/a1_msgs__rosidl_generator_c.dir/rosidl_generator_c/a1_msgs/srv/detail/cartesian__functions.c.o[0m
[ 11%] [32mBuilding C object CMakeFiles/a1_msgs__rosidl_generator_c.dir/rosidl_generator_c/a1_msgs/srv/detail/high_state__functions.c.o[0m
[ 12%] [32mBuilding C object CMakeFiles/a1_msgs__rosidl_generator_c.dir/rosidl_generator_c/a1_msgs/srv/detail/imu__functions.c.o[0m
[ 13%] [32mBuilding C object CMakeFiles/a1_msgs__rosidl_generator_c.dir/rosidl_generator_c/a1_msgs/srv/detail/mode__functions.c.o[0m
[ 13%] [32mBuilding C object CMakeFiles/a1_msgs__rosidl_generator_c.dir/rosidl_generator_c/a1_msgs/srv/detail/low_state__functions.c.o[0m
[ 14%] [32m[1mLinking C shared library liba1_msgs__rosidl_generator_c.so[0m
[ 14%] Built target a1_msgs__rosidl_generator_c
[ 15%] [34m[1mGenerating C introspection for ROS interfaces[0m
[35m[1mScanning dependencies of target a1_msgs__rosidl_typesupport_cpp[0m
[ 16%] [32mBuilding CXX object CMakeFiles/a1_msgs__rosidl_typesupport_cpp.dir/rosidl_typesupport_cpp/a1_msgs/msg/cartesian__type_support.cpp.o[0m
[35m[1mScanning dependencies of target a1_msgs__rosidl_typesupport_introspection_cpp[0m
[ 16%] [32mBuilding CXX object CMakeFiles/a1_msgs__rosidl_typesupport_cpp.dir/rosidl_typesupport_cpp/a1_msgs/msg/imu__type_support.cpp.o[0m
[ 17%] [32mBuilding CXX object CMakeFiles/a1_msgs__rosidl_typesupport_introspection_cpp.dir/rosidl_typesupport_introspection_cpp/a1_msgs/msg/detail/cartesian__type_support.cpp.o[0m
[35m[1mScanning dependencies of target a1_msgs__rosidl_typesupport_fastrtps_cpp[0m
[ 18%] [32mBuilding CXX object CMakeFiles/a1_msgs__rosidl_typesupport_fastrtps_cpp.dir/rosidl_typesupport_fastrtps_cpp/a1_msgs/msg/detail/dds_fastrtps/cartesian__type_support.cpp.o[0m
[ 19%] [32mBuilding CXX object CMakeFiles/a1_msgs__rosidl_typesupport_cpp.dir/rosidl_typesupport_cpp/a1_msgs/msg/motor_state__type_support.cpp.o[0m
[ 20%] [32mBuilding CXX object CMakeFiles/a1_msgs__rosidl_typesupport_introspection_cpp.dir/rosidl_typesupport_introspection_cpp/a1_msgs/msg/detail/imu__type_support.cpp.o[0m
[ 21%] [32mBuilding CXX object CMakeFiles/a1_msgs__rosidl_typesupport_cpp.dir/rosidl_typesupport_cpp/a1_msgs/msg/pose__type_support.cpp.o[0m
[ 21%] [32mBuilding CXX object CMakeFiles/a1_msgs__rosidl_typesupport_introspection_cpp.dir/rosidl_typesupport_introspection_cpp/a1_msgs/msg/detail/motor_state__type_support.cpp.o[0m
[ 22%] [32mBuilding CXX object CMakeFiles/a1_msgs__rosidl_typesupport_fastrtps_cpp.dir/rosidl_typesupport_fastrtps_cpp/a1_msgs/msg/detail/dds_fastrtps/imu__type_support.cpp.o[0m
[35m[1mScanning dependencies of target a1_msgs__rosidl_typesupport_introspection_c[0m
[ 23%] [32mBuilding C object CMakeFiles/a1_msgs__rosidl_typesupport_introspection_c.dir/rosidl_typesupport_introspection_c/a1_msgs/msg/detail/cartesian__type_support.c.o[0m
[ 23%] [32mBuilding C object CMakeFiles/a1_msgs__rosidl_typesupport_introspection_c.dir/rosidl_typesupport_introspection_c/a1_msgs/msg/detail/imu__type_support.c.o[0m
[ 24%] [32mBuilding C object CMakeFiles/a1_msgs__rosidl_typesupport_introspection_c.dir/rosidl_typesupport_introspection_c/a1_msgs/msg/detail/motor_state__type_support.c.o[0m
[ 24%] [32mBuilding CXX object CMakeFiles/a1_msgs__rosidl_typesupport_cpp.dir/rosidl_typesupport_cpp/a1_msgs/msg/low_cmd__type_support.cpp.o[0m
[ 25%] [32mBuilding C object CMakeFiles/a1_msgs__rosidl_typesupport_introspection_c.dir/rosidl_typesupport_introspection_c/a1_msgs/msg/detail/pose__type_support.c.o[0m
[ 26%] [32mBuilding CXX object CMakeFiles/a1_msgs__rosidl_typesupport_introspection_cpp.dir/rosidl_typesupport_introspection_cpp/a1_msgs/msg/detail/pose__type_support.cpp.o[0m
[ 27%] [32mBuilding C object CMakeFiles/a1_msgs__rosidl_typesupport_introspection_c.dir/rosidl_typesupport_introspection_c/a1_msgs/msg/detail/low_cmd__type_support.c.o[0m
[ 27%] [32mBuilding C object CMakeFiles/a1_msgs__rosidl_typesupport_introspection_c.dir/rosidl_typesupport_introspection_c/a1_msgs/msg/detail/high_cmd__type_support.c.o[0m
[ 28%] [32mBuilding C object CMakeFiles/a1_msgs__rosidl_typesupport_introspection_c.dir/rosidl_typesupport_introspection_c/a1_msgs/msg/detail/low_state__type_support.c.o[0m
[ 29%] [32mBuilding C object CMakeFiles/a1_msgs__rosidl_typesupport_introspection_c.dir/rosidl_typesupport_introspection_c/a1_msgs/msg/detail/motor_cmd__type_support.c.o[0m
[ 29%] [32mBuilding C object CMakeFiles/a1_msgs__rosidl_typesupport_introspection_c.dir/rosidl_typesupport_introspection_c/a1_msgs/msg/detail/led__type_support.c.o[0m
[ 29%] [32mBuilding CXX object CMakeFiles/a1_msgs__rosidl_typesupport_fastrtps_cpp.dir/rosidl_typesupport_fastrtps_cpp/a1_msgs/msg/detail/dds_fastrtps/motor_state__type_support.cpp.o[0m
[ 30%] [32mBuilding C object CMakeFiles/a1_msgs__rosidl_typesupport_introspection_c.dir/rosidl_typesupport_introspection_c/a1_msgs/msg/detail/high_state__type_support.c.o[0m
[ 31%] [32mBuilding C object CMakeFiles/a1_msgs__rosidl_typesupport_introspection_c.dir/rosidl_typesupport_introspection_c/a1_msgs/srv/detail/cartesian__type_support.c.o[0m
[ 32%] [32mBuilding CXX object CMakeFiles/a1_msgs__rosidl_typesupport_cpp.dir/rosidl_typesupport_cpp/a1_msgs/msg/high_cmd__type_support.cpp.o[0m
[ 32%] [32mBuilding C object CMakeFiles/a1_msgs__rosidl_typesupport_introspection_c.dir/rosidl_typesupport_introspection_c/a1_msgs/srv/detail/high_state__type_support.c.o[0m
[ 33%] [32mBuilding CXX object CMakeFiles/a1_msgs__rosidl_typesupport_introspection_cpp.dir/rosidl_typesupport_introspection_cpp/a1_msgs/msg/detail/low_cmd__type_support.cpp.o[0m
[ 34%] [32mBuilding C object CMakeFiles/a1_msgs__rosidl_typesupport_introspection_c.dir/rosidl_typesupport_introspection_c/a1_msgs/srv/detail/imu__type_support.c.o[0m
[ 35%] [32mBuilding C object CMakeFiles/a1_msgs__rosidl_typesupport_introspection_c.dir/rosidl_typesupport_introspection_c/a1_msgs/srv/detail/mode__type_support.c.o[0m
[ 36%] [32mBuilding C object CMakeFiles/a1_msgs__rosidl_typesupport_introspection_c.dir/rosidl_typesupport_introspection_c/a1_msgs/srv/detail/low_state__type_support.c.o[0m
[ 36%] [32m[1mLinking C shared library liba1_msgs__rosidl_typesupport_introspection_c.so[0m
[ 36%] Built target a1_msgs__rosidl_typesupport_introspection_c
[ 37%] [34m[1mGenerating C type support dispatch for ROS interfaces[0m
[ 38%] [32mBuilding CXX object CMakeFiles/a1_msgs__rosidl_typesupport_cpp.dir/rosidl_typesupport_cpp/a1_msgs/msg/low_state__type_support.cpp.o[0m
[ 39%] [32mBuilding CXX object CMakeFiles/a1_msgs__rosidl_typesupport_fastrtps_cpp.dir/rosidl_typesupport_fastrtps_cpp/a1_msgs/msg/detail/dds_fastrtps/pose__type_support.cpp.o[0m
[ 40%] [32mBuilding CXX object CMakeFiles/a1_msgs__rosidl_typesupport_introspection_cpp.dir/rosidl_typesupport_introspection_cpp/a1_msgs/msg/detail/high_cmd__type_support.cpp.o[0m
[ 41%] [32mBuilding CXX object CMakeFiles/a1_msgs__rosidl_typesupport_cpp.dir/rosidl_typesupport_cpp/a1_msgs/msg/motor_cmd__type_support.cpp.o[0m
[ 41%] [32mBuilding CXX object CMakeFiles/a1_msgs__rosidl_typesupport_introspection_cpp.dir/rosidl_typesupport_introspection_cpp/a1_msgs/msg/detail/low_state__type_support.cpp.o[0m
[ 42%] [32mBuilding CXX object CMakeFiles/a1_msgs__rosidl_typesupport_fastrtps_cpp.dir/rosidl_typesupport_fastrtps_cpp/a1_msgs/msg/detail/dds_fastrtps/low_cmd__type_support.cpp.o[0m
[ 42%] [32mBuilding CXX object CMakeFiles/a1_msgs__rosidl_typesupport_cpp.dir/rosidl_typesupport_cpp/a1_msgs/msg/led__type_support.cpp.o[0m
[ 43%] [32mBuilding CXX object CMakeFiles/a1_msgs__rosidl_typesupport_introspection_cpp.dir/rosidl_typesupport_introspection_cpp/a1_msgs/msg/detail/motor_cmd__type_support.cpp.o[0m
[ 44%] [32mBuilding CXX object CMakeFiles/a1_msgs__rosidl_typesupport_cpp.dir/rosidl_typesupport_cpp/a1_msgs/msg/high_state__type_support.cpp.o[0m
[ 44%] [32mBuilding CXX object CMakeFiles/a1_msgs__rosidl_typesupport_fastrtps_cpp.dir/rosidl_typesupport_fastrtps_cpp/a1_msgs/msg/detail/dds_fastrtps/high_cmd__type_support.cpp.o[0m
[ 45%] [32mBuilding CXX object CMakeFiles/a1_msgs__rosidl_typesupport_introspection_cpp.dir/rosidl_typesupport_introspection_cpp/a1_msgs/msg/detail/led__type_support.cpp.o[0m
[ 46%] [32mBuilding CXX object CMakeFiles/a1_msgs__rosidl_typesupport_cpp.dir/rosidl_typesupport_cpp/a1_msgs/srv/cartesian__type_support.cpp.o[0m
[ 46%] [32mBuilding CXX object CMakeFiles/a1_msgs__rosidl_typesupport_introspection_cpp.dir/rosidl_typesupport_introspection_cpp/a1_msgs/msg/detail/high_state__type_support.cpp.o[0m
[ 47%] [32mBuilding CXX object CMakeFiles/a1_msgs__rosidl_typesupport_fastrtps_cpp.dir/rosidl_typesupport_fastrtps_cpp/a1_msgs/msg/detail/dds_fastrtps/low_state__type_support.cpp.o[0m
[ 47%] [32mBuilding CXX object CMakeFiles/a1_msgs__rosidl_typesupport_cpp.dir/rosidl_typesupport_cpp/a1_msgs/srv/high_state__type_support.cpp.o[0m
[35m[1mScanning dependencies of target a1_msgs__rosidl_typesupport_c[0m
[ 47%] [32mBuilding CXX object CMakeFiles/a1_msgs__rosidl_typesupport_c.dir/rosidl_typesupport_c/a1_msgs/msg/cartesian__type_support.cpp.o[0m
[ 48%] [32mBuilding CXX object CMakeFiles/a1_msgs__rosidl_typesupport_c.dir/rosidl_typesupport_c/a1_msgs/msg/imu__type_support.cpp.o[0m
[ 49%] [32mBuilding CXX object CMakeFiles/a1_msgs__rosidl_typesupport_c.dir/rosidl_typesupport_c/a1_msgs/msg/motor_state__type_support.cpp.o[0m
[ 49%] [32mBuilding CXX object CMakeFiles/a1_msgs__rosidl_typesupport_c.dir/rosidl_typesupport_c/a1_msgs/msg/pose__type_support.cpp.o[0m
[ 50%] [32mBuilding CXX object CMakeFiles/a1_msgs__rosidl_typesupport_c.dir/rosidl_typesupport_c/a1_msgs/msg/low_cmd__type_support.cpp.o[0m
[ 51%] [32mBuilding CXX object CMakeFiles/a1_msgs__rosidl_typesupport_c.dir/rosidl_typesupport_c/a1_msgs/msg/high_cmd__type_support.cpp.o[0m
[ 52%] [32mBuilding CXX object CMakeFiles/a1_msgs__rosidl_typesupport_introspection_cpp.dir/rosidl_typesupport_introspection_cpp/a1_msgs/srv/detail/cartesian__type_support.cpp.o[0m
[ 53%] [32mBuilding CXX object CMakeFiles/a1_msgs__rosidl_typesupport_c.dir/rosidl_typesupport_c/a1_msgs/msg/low_state__type_support.cpp.o[0m
[ 53%] [32mBuilding CXX object CMakeFiles/a1_msgs__rosidl_typesupport_c.dir/rosidl_typesupport_c/a1_msgs/msg/motor_cmd__type_support.cpp.o[0m
[ 54%] [32mBuilding CXX object CMakeFiles/a1_msgs__rosidl_typesupport_cpp.dir/rosidl_typesupport_cpp/a1_msgs/srv/imu__type_support.cpp.o[0m
[ 55%] [32mBuilding CXX object CMakeFiles/a1_msgs__rosidl_typesupport_c.dir/rosidl_typesupport_c/a1_msgs/msg/led__type_support.cpp.o[0m
[ 56%] [32mBuilding CXX object CMakeFiles/a1_msgs__rosidl_typesupport_c.dir/rosidl_typesupport_c/a1_msgs/msg/high_state__type_support.cpp.o[0m
[ 56%] [32mBuilding CXX object CMakeFiles/a1_msgs__rosidl_typesupport_c.dir/rosidl_typesupport_c/a1_msgs/srv/cartesian__type_support.cpp.o[0m
[ 57%] [32mBuilding CXX object CMakeFiles/a1_msgs__rosidl_typesupport_fastrtps_cpp.dir/rosidl_typesupport_fastrtps_cpp/a1_msgs/msg/detail/dds_fastrtps/motor_cmd__type_support.cpp.o[0m
[ 58%] [32mBuilding CXX object CMakeFiles/a1_msgs__rosidl_typesupport_c.dir/rosidl_typesupport_c/a1_msgs/srv/high_state__type_support.cpp.o[0m
[ 59%] [32mBuilding CXX object CMakeFiles/a1_msgs__rosidl_typesupport_c.dir/rosidl_typesupport_c/a1_msgs/srv/imu__type_support.cpp.o[0m
[ 59%] [32mBuilding CXX object CMakeFiles/a1_msgs__rosidl_typesupport_c.dir/rosidl_typesupport_c/a1_msgs/srv/mode__type_support.cpp.o[0m
[ 60%] [32mBuilding CXX object CMakeFiles/a1_msgs__rosidl_typesupport_c.dir/rosidl_typesupport_c/a1_msgs/srv/low_state__type_support.cpp.o[0m
[ 61%] [32mBuilding CXX object CMakeFiles/a1_msgs__rosidl_typesupport_introspection_cpp.dir/rosidl_typesupport_introspection_cpp/a1_msgs/srv/detail/high_state__type_support.cpp.o[0m
[ 62%] [32m[1mLinking CXX shared library liba1_msgs__rosidl_typesupport_c.so[0m
[ 63%] [32mBuilding CXX object CMakeFiles/a1_msgs__rosidl_typesupport_cpp.dir/rosidl_typesupport_cpp/a1_msgs/srv/mode__type_support.cpp.o[0m
[ 63%] Built target a1_msgs__rosidl_typesupport_c
[ 63%] [32mBuilding CXX object CMakeFiles/a1_msgs__rosidl_typesupport_cpp.dir/rosidl_typesupport_cpp/a1_msgs/srv/low_state__type_support.cpp.o[0m
[ 63%] [32mBuilding CXX object CMakeFiles/a1_msgs__rosidl_typesupport_fastrtps_cpp.dir/rosidl_typesupport_fastrtps_cpp/a1_msgs/msg/detail/dds_fastrtps/led__type_support.cpp.o[0m
[ 63%] [32mBuilding CXX object CMakeFiles/a1_msgs__rosidl_typesupport_introspection_cpp.dir/rosidl_typesupport_introspection_cpp/a1_msgs/srv/detail/imu__type_support.cpp.o[0m
[ 64%] [32mBuilding CXX object CMakeFiles/a1_msgs__rosidl_typesupport_introspection_cpp.dir/rosidl_typesupport_introspection_cpp/a1_msgs/srv/detail/mode__type_support.cpp.o[0m
[ 65%] [32m[1mLinking CXX shared library liba1_msgs__rosidl_typesupport_cpp.so[0m
[ 65%] Built target a1_msgs__rosidl_typesupport_cpp
[ 66%] [32mBuilding CXX object CMakeFiles/a1_msgs__rosidl_typesupport_introspection_cpp.dir/rosidl_typesupport_introspection_cpp/a1_msgs/srv/detail/low_state__type_support.cpp.o[0m
[ 67%] [32mBuilding CXX object CMakeFiles/a1_msgs__rosidl_typesupport_fastrtps_cpp.dir/rosidl_typesupport_fastrtps_cpp/a1_msgs/msg/detail/dds_fastrtps/high_state__type_support.cpp.o[0m
[ 68%] [32mBuilding CXX object CMakeFiles/a1_msgs__rosidl_typesupport_fastrtps_cpp.dir/rosidl_typesupport_fastrtps_cpp/a1_msgs/srv/detail/dds_fastrtps/cartesian__type_support.cpp.o[0m
[ 69%] [32mBuilding CXX object CMakeFiles/a1_msgs__rosidl_typesupport_fastrtps_cpp.dir/rosidl_typesupport_fastrtps_cpp/a1_msgs/srv/detail/dds_fastrtps/high_state__type_support.cpp.o[0m
[ 70%] [32m[1mLinking CXX shared library liba1_msgs__rosidl_typesupport_introspection_cpp.so[0m
[ 70%] Built target a1_msgs__rosidl_typesupport_introspection_cpp
[ 70%] [32mBuilding CXX object CMakeFiles/a1_msgs__rosidl_typesupport_fastrtps_cpp.dir/rosidl_typesupport_fastrtps_cpp/a1_msgs/srv/detail/dds_fastrtps/imu__type_support.cpp.o[0m
[ 71%] [32mBuilding CXX object CMakeFiles/a1_msgs__rosidl_typesupport_fastrtps_cpp.dir/rosidl_typesupport_fastrtps_cpp/a1_msgs/srv/detail/dds_fastrtps/mode__type_support.cpp.o[0m
[ 72%] [32mBuilding CXX object CMakeFiles/a1_msgs__rosidl_typesupport_fastrtps_cpp.dir/rosidl_typesupport_fastrtps_cpp/a1_msgs/srv/detail/dds_fastrtps/low_state__type_support.cpp.o[0m
[ 72%] [32m[1mLinking CXX shared library liba1_msgs__rosidl_typesupport_fastrtps_cpp.so[0m
[ 72%] Built target a1_msgs__rosidl_typesupport_fastrtps_cpp
[ 73%] [34m[1mGenerating C type support for eProsima Fast-RTPS[0m
[35m[1mScanning dependencies of target a1_msgs__rosidl_typesupport_fastrtps_c[0m
[ 75%] [32mBuilding CXX object CMakeFiles/a1_msgs__rosidl_typesupport_fastrtps_c.dir/rosidl_typesupport_fastrtps_c/a1_msgs/msg/detail/pose__type_support_c.cpp.o[0m
[ 75%] [32mBuilding CXX object CMakeFiles/a1_msgs__rosidl_typesupport_fastrtps_c.dir/rosidl_typesupport_fastrtps_c/a1_msgs/msg/detail/cartesian__type_support_c.cpp.o[0m
[ 75%] [32mBuilding CXX object CMakeFiles/a1_msgs__rosidl_typesupport_fastrtps_c.dir/rosidl_typesupport_fastrtps_c/a1_msgs/msg/detail/imu__type_support_c.cpp.o[0m
[ 76%] [32mBuilding CXX object CMakeFiles/a1_msgs__rosidl_typesupport_fastrtps_c.dir/rosidl_typesupport_fastrtps_c/a1_msgs/msg/detail/motor_state__type_support_c.cpp.o[0m
[ 76%] [32mBuilding CXX object CMakeFiles/a1_msgs__rosidl_typesupport_fastrtps_c.dir/rosidl_typesupport_fastrtps_c/a1_msgs/msg/detail/low_cmd__type_support_c.cpp.o[0m
[ 77%] [32mBuilding CXX object CMakeFiles/a1_msgs__rosidl_typesupport_fastrtps_c.dir/rosidl_typesupport_fastrtps_c/a1_msgs/msg/detail/high_cmd__type_support_c.cpp.o[0m
[ 78%] [32mBuilding CXX object CMakeFiles/a1_msgs__rosidl_typesupport_fastrtps_c.dir/rosidl_typesupport_fastrtps_c/a1_msgs/msg/detail/low_state__type_support_c.cpp.o[0m
[ 78%] [32mBuilding CXX object CMakeFiles/a1_msgs__rosidl_typesupport_fastrtps_c.dir/rosidl_typesupport_fastrtps_c/a1_msgs/msg/detail/motor_cmd__type_support_c.cpp.o[0m
[ 79%] [32mBuilding CXX object CMakeFiles/a1_msgs__rosidl_typesupport_fastrtps_c.dir/rosidl_typesupport_fastrtps_c/a1_msgs/msg/detail/led__type_support_c.cpp.o[0m
[ 80%] [32mBuilding CXX object CMakeFiles/a1_msgs__rosidl_typesupport_fastrtps_c.dir/rosidl_typesupport_fastrtps_c/a1_msgs/msg/detail/high_state__type_support_c.cpp.o[0m
[ 81%] [32mBuilding CXX object CMakeFiles/a1_msgs__rosidl_typesupport_fastrtps_c.dir/rosidl_typesupport_fastrtps_c/a1_msgs/srv/detail/cartesian__type_support_c.cpp.o[0m
[ 81%] [32mBuilding CXX object CMakeFiles/a1_msgs__rosidl_typesupport_fastrtps_c.dir/rosidl_typesupport_fastrtps_c/a1_msgs/srv/detail/high_state__type_support_c.cpp.o[0m
[ 82%] [32mBuilding CXX object CMakeFiles/a1_msgs__rosidl_typesupport_fastrtps_c.dir/rosidl_typesupport_fastrtps_c/a1_msgs/srv/detail/imu__type_support_c.cpp.o[0m
[ 83%] [32mBuilding CXX object CMakeFiles/a1_msgs__rosidl_typesupport_fastrtps_c.dir/rosidl_typesupport_fastrtps_c/a1_msgs/srv/detail/mode__type_support_c.cpp.o[0m
[ 83%] [32mBuilding CXX object CMakeFiles/a1_msgs__rosidl_typesupport_fastrtps_c.dir/rosidl_typesupport_fastrtps_c/a1_msgs/srv/detail/low_state__type_support_c.cpp.o[0m
[ 84%] [32m[1mLinking CXX shared library liba1_msgs__rosidl_typesupport_fastrtps_c.so[0m
[ 84%] Built target a1_msgs__rosidl_typesupport_fastrtps_c
[35m[1mScanning dependencies of target a1_msgs[0m
[ 84%] Built target a1_msgs
[35m[1mScanning dependencies of target a1_msgs__py[0m
[ 85%] [34m[1mGenerating Python code for ROS interfaces[0m
[ 85%] Built target a1_msgs__py
[35m[1mScanning dependencies of target a1_msgs__python[0m
[ 87%] [32mBuilding C object CMakeFiles/a1_msgs__python.dir/rosidl_generator_py/a1_msgs/msg/_motor_state_s.c.o[0m
[ 87%] [32mBuilding C object CMakeFiles/a1_msgs__python.dir/rosidl_generator_py/a1_msgs/msg/_cartesian_s.c.o[0m
[ 87%] [32mBuilding C object CMakeFiles/a1_msgs__python.dir/rosidl_generator_py/a1_msgs/msg/_imu_s.c.o[0m
[ 88%] [32mBuilding C object CMakeFiles/a1_msgs__python.dir/rosidl_generator_py/a1_msgs/msg/_pose_s.c.o[0m
[ 88%] [32mBuilding C object CMakeFiles/a1_msgs__python.dir/rosidl_generator_py/a1_msgs/msg/_low_cmd_s.c.o[0m
[ 89%] [32mBuilding C object CMakeFiles/a1_msgs__python.dir/rosidl_generator_py/a1_msgs/msg/_high_cmd_s.c.o[0m
[ 90%] [32mBuilding C object CMakeFiles/a1_msgs__python.dir/rosidl_generator_py/a1_msgs/msg/_low_state_s.c.o[0m
[ 90%] [32mBuilding C object CMakeFiles/a1_msgs__python.dir/rosidl_generator_py/a1_msgs/msg/_motor_cmd_s.c.o[0m
[ 91%] [32mBuilding C object CMakeFiles/a1_msgs__python.dir/rosidl_generator_py/a1_msgs/msg/_led_s.c.o[0m
[ 93%] [32mBuilding C object CMakeFiles/a1_msgs__python.dir/rosidl_generator_py/a1_msgs/msg/_high_state_s.c.o[0m
[ 93%] [32mBuilding C object CMakeFiles/a1_msgs__python.dir/rosidl_generator_py/a1_msgs/srv/_cartesian_s.c.o[0m
[ 93%] [32mBuilding C object CMakeFiles/a1_msgs__python.dir/rosidl_generator_py/a1_msgs/srv/_high_state_s.c.o[0m
[ 94%] [32mBuilding C object CMakeFiles/a1_msgs__python.dir/rosidl_generator_py/a1_msgs/srv/_imu_s.c.o[0m
[ 95%] [32mBuilding C object CMakeFiles/a1_msgs__python.dir/rosidl_generator_py/a1_msgs/srv/_mode_s.c.o[0m
[ 95%] [32mBuilding C object CMakeFiles/a1_msgs__python.dir/rosidl_generator_py/a1_msgs/srv/_low_state_s.c.o[0m
[ 96%] [32m[1mLinking C shared library rosidl_generator_py/a1_msgs/liba1_msgs__python.so[0m
[ 96%] Built target a1_msgs__python
[35m[1mScanning dependencies of target a1_msgs__rosidl_typesupport_introspection_c__pyext[0m
[35m[1mScanning dependencies of target a1_msgs__rosidl_typesupport_fastrtps_c__pyext[0m
[35m[1mScanning dependencies of target a1_msgs__rosidl_typesupport_c__pyext[0m
[ 97%] [32mBuilding C object CMakeFiles/a1_msgs__rosidl_typesupport_c__pyext.dir/rosidl_generator_py/a1_msgs/_a1_msgs_s.ep.rosidl_typesupport_c.c.o[0m
[ 99%] [32mBuilding C object CMakeFiles/a1_msgs__rosidl_typesupport_fastrtps_c__pyext.dir/rosidl_generator_py/a1_msgs/_a1_msgs_s.ep.rosidl_typesupport_fastrtps_c.c.o[0m
[ 99%] [32mBuilding C object CMakeFiles/a1_msgs__rosidl_typesupport_introspection_c__pyext.dir/rosidl_generator_py/a1_msgs/_a1_msgs_s.ep.rosidl_typesupport_introspection_c.c.o[0m
[ 99%] [32m[1mLinking C shared library rosidl_generator_py/a1_msgs/a1_msgs_s__rosidl_typesupport_c.cpython-38-x86_64-linux-gnu.so[0m
[100%] [32m[1mLinking C shared library rosidl_generator_py/a1_msgs/a1_msgs_s__rosidl_typesupport_introspection_c.cpython-38-x86_64-linux-gnu.so[0m
[100%] [32m[1mLinking CXX shared library rosidl_generator_py/a1_msgs/a1_msgs_s__rosidl_typesupport_fastrtps_c.cpython-38-x86_64-linux-gnu.so[0m
[100%] Built target a1_msgs__rosidl_typesupport_c__pyext
[100%] Built target a1_msgs__rosidl_typesupport_introspection_c__pyext
[100%] Built target a1_msgs__rosidl_typesupport_fastrtps_c__pyext
-- Install configuration: ""
-- Installing: /root/try/a1_ros2_simulation/install/a1_msgs/share/ament_index/resource_index/rosidl_interfaces/a1_msgs
-- Installing: /root/try/a1_ros2_simulation/install/a1_msgs/include/a1_msgs
-- Installing: /root/try/a1_ros2_simulation/install/a1_msgs/include/a1_msgs/msg
-- Installing: /root/try/a1_ros2_simulation/install/a1_msgs/include/a1_msgs/msg/high_cmd.h
-- Installing: /root/try/a1_ros2_simulation/install/a1_msgs/include/a1_msgs/msg/rosidl_generator_c__visibility_control.h
-- Installing: /root/try/a1_ros2_simulation/install/a1_msgs/include/a1_msgs/msg/cartesian.h
-- Installing: /root/try/a1_ros2_simulation/install/a1_msgs/include/a1_msgs/msg/motor_state.h
-- Installing: /root/try/a1_ros2_simulation/install/a1_msgs/include/a1_msgs/msg/high_state.h
-- Installing: /root/try/a1_ros2_simulation/install/a1_msgs/include/a1_msgs/msg/low_state.h
-- Installing: /root/try/a1_ros2_simulation/install/a1_msgs/include/a1_msgs/msg/motor_cmd.h
-- Installing: /root/try/a1_ros2_simulation/install/a1_msgs/include/a1_msgs/msg/detail
-- Installing: /root/try/a1_ros2_simulation/install/a1_msgs/include/a1_msgs/msg/detail/motor_cmd__functions.h
-- Installing: /root/try/a1_ros2_simulation/install/a1_msgs/include/a1_msgs/msg/detail/low_state__struct.h
-- Installing: /root/try/a1_ros2_simulation/install/a1_msgs/include/a1_msgs/msg/detail/low_cmd__struct.h
-- Installing: /root/try/a1_ros2_simulation/install/a1_msgs/include/a1_msgs/msg/detail/led__functions.h
-- Installing: /root/try/a1_ros2_simulation/install/a1_msgs/include/a1_msgs/msg/detail/pose__struct.h
-- Installing: /root/try/a1_ros2_simulation/install/a1_msgs/include/a1_msgs/msg/detail/led__functions.c
-- Installing: /root/try/a1_ros2_simulation/install/a1_msgs/include/a1_msgs/msg/detail/low_cmd__functions.c
-- Installing: /root/try/a1_ros2_simulation/install/a1_msgs/include/a1_msgs/msg/detail/low_state__functions.c
-- Installing: /root/try/a1_ros2_simulation/install/a1_msgs/include/a1_msgs/msg/detail/cartesian__functions.h
-- Installing: /root/try/a1_ros2_simulation/install/a1_msgs/include/a1_msgs/msg/detail/low_state__functions.h
-- Installing: /root/try/a1_ros2_simulation/install/a1_msgs/include/a1_msgs/msg/detail/cartesian__functions.c
-- Installing: /root/try/a1_ros2_simulation/install/a1_msgs/include/a1_msgs/msg/detail/pose__functions.h
-- Installing: /root/try/a1_ros2_simulation/install/a1_msgs/include/a1_msgs/msg/detail/high_cmd__type_support.h
-- Installing: /root/try/a1_ros2_simulation/install/a1_msgs/include/a1_msgs/msg/detail/led__type_support.h
-- Installing: /root/try/a1_ros2_simulation/install/a1_msgs/include/a1_msgs/msg/detail/low_cmd__functions.h
-- Installing: /root/try/a1_ros2_simulation/install/a1_msgs/include/a1_msgs/msg/detail/high_state__type_support.h
-- Installing: /root/try/a1_ros2_simulation/install/a1_msgs/include/a1_msgs/msg/detail/cartesian__type_support.h
-- Installing: /root/try/a1_ros2_simulation/install/a1_msgs/include/a1_msgs/msg/detail/high_cmd__struct.h
-- Installing: /root/try/a1_ros2_simulation/install/a1_msgs/include/a1_msgs/msg/detail/high_state__functions.c
-- Installing: /root/try/a1_ros2_simulation/install/a1_msgs/include/a1_msgs/msg/detail/high_state__functions.h
-- Installing: /root/try/a1_ros2_simulation/install/a1_msgs/include/a1_msgs/msg/detail/pose__functions.c
-- Installing: /root/try/a1_ros2_simulation/install/a1_msgs/include/a1_msgs/msg/detail/high_cmd__functions.c
-- Installing: /root/try/a1_ros2_simulation/install/a1_msgs/include/a1_msgs/msg/detail/low_state__type_support.h
-- Installing: /root/try/a1_ros2_simulation/install/a1_msgs/include/a1_msgs/msg/detail/imu__functions.h
-- Installing: /root/try/a1_ros2_simulation/install/a1_msgs/include/a1_msgs/msg/detail/cartesian__struct.h
-- Installing: /root/try/a1_ros2_simulation/install/a1_msgs/include/a1_msgs/msg/detail/motor_state__functions.c
-- Installing: /root/try/a1_ros2_simulation/install/a1_msgs/include/a1_msgs/msg/detail/motor_state__functions.h
-- Installing: /root/try/a1_ros2_simulation/install/a1_msgs/include/a1_msgs/msg/detail/motor_cmd__functions.c
-- Installing: /root/try/a1_ros2_simulation/install/a1_msgs/include/a1_msgs/msg/detail/motor_state__type_support.h
-- Installing: /root/try/a1_ros2_simulation/install/a1_msgs/include/a1_msgs/msg/detail/motor_state__struct.h
-- Installing: /root/try/a1_ros2_simulation/install/a1_msgs/include/a1_msgs/msg/detail/led__struct.h
-- Installing: /root/try/a1_ros2_simulation/install/a1_msgs/include/a1_msgs/msg/detail/imu__struct.h
-- Installing: /root/try/a1_ros2_simulation/install/a1_msgs/include/a1_msgs/msg/detail/motor_cmd__type_support.h
-- Installing: /root/try/a1_ros2_simulation/install/a1_msgs/include/a1_msgs/msg/detail/high_cmd__functions.h
-- Installing: /root/try/a1_ros2_simulation/install/a1_msgs/include/a1_msgs/msg/detail/imu__functions.c
-- Installing: /root/try/a1_ros2_simulation/install/a1_msgs/include/a1_msgs/msg/detail/pose__type_support.h
-- Installing: /root/try/a1_ros2_simulation/install/a1_msgs/include/a1_msgs/msg/detail/imu__type_support.h
-- Installing: /root/try/a1_ros2_simulation/install/a1_msgs/include/a1_msgs/msg/detail/low_cmd__type_support.h
-- Installing: /root/try/a1_ros2_simulation/install/a1_msgs/include/a1_msgs/msg/detail/high_state__struct.h
-- Installing: /root/try/a1_ros2_simulation/install/a1_msgs/include/a1_msgs/msg/detail/motor_cmd__struct.h
-- Installing: /root/try/a1_ros2_simulation/install/a1_msgs/include/a1_msgs/msg/low_cmd.h
-- Installing: /root/try/a1_ros2_simulation/install/a1_msgs/include/a1_msgs/msg/led.h
-- Installing: /root/try/a1_ros2_simulation/install/a1_msgs/include/a1_msgs/msg/imu.h
-- Installing: /root/try/a1_ros2_simulation/install/a1_msgs/include/a1_msgs/msg/pose.h
-- Installing: /root/try/a1_ros2_simulation/install/a1_msgs/include/a1_msgs/srv
-- Installing: /root/try/a1_ros2_simulation/install/a1_msgs/include/a1_msgs/srv/cartesian.h
-- Installing: /root/try/a1_ros2_simulation/install/a1_msgs/include/a1_msgs/srv/mode.h
-- Installing: /root/try/a1_ros2_simulation/install/a1_msgs/include/a1_msgs/srv/high_state.h
-- Installing: /root/try/a1_ros2_simulation/install/a1_msgs/include/a1_msgs/srv/low_state.h
-- Installing: /root/try/a1_ros2_simulation/install/a1_msgs/include/a1_msgs/srv/detail
-- Installing: /root/try/a1_ros2_simulation/install/a1_msgs/include/a1_msgs/srv/detail/low_state__struct.h
-- Installing: /root/try/a1_ros2_simulation/install/a1_msgs/include/a1_msgs/srv/detail/mode__functions.h
-- Installing: /root/try/a1_ros2_simulation/install/a1_msgs/include/a1_msgs/srv/detail/mode__functions.c
-- Installing: /root/try/a1_ros2_simulation/install/a1_msgs/include/a1_msgs/srv/detail/low_state__functions.c
-- Installing: /root/try/a1_ros2_simulation/install/a1_msgs/include/a1_msgs/srv/detail/cartesian__functions.h
-- Installing: /root/try/a1_ros2_simulation/install/a1_msgs/include/a1_msgs/srv/detail/low_state__functions.h
-- Installing: /root/try/a1_ros2_simulation/install/a1_msgs/include/a1_msgs/srv/detail/cartesian__functions.c
-- Installing: /root/try/a1_ros2_simulation/install/a1_msgs/include/a1_msgs/srv/detail/high_state__type_support.h
-- Installing: /root/try/a1_ros2_simulation/install/a1_msgs/include/a1_msgs/srv/detail/cartesian__type_support.h
-- Installing: /root/try/a1_ros2_simulation/install/a1_msgs/include/a1_msgs/srv/detail/high_state__functions.c
-- Installing: /root/try/a1_ros2_simulation/install/a1_msgs/include/a1_msgs/srv/detail/high_state__functions.h
-- Installing: /root/try/a1_ros2_simulation/install/a1_msgs/include/a1_msgs/srv/detail/low_state__type_support.h
-- Installing: /root/try/a1_ros2_simulation/install/a1_msgs/include/a1_msgs/srv/detail/imu__functions.h
-- Installing: /root/try/a1_ros2_simulation/install/a1_msgs/include/a1_msgs/srv/detail/cartesian__struct.h
-- Installing: /root/try/a1_ros2_simulation/install/a1_msgs/include/a1_msgs/srv/detail/mode__type_support.h
-- Installing: /root/try/a1_ros2_simulation/install/a1_msgs/include/a1_msgs/srv/detail/mode__struct.h
-- Installing: /root/try/a1_ros2_simulation/install/a1_msgs/include/a1_msgs/srv/detail/imu__struct.h
-- Installing: /root/try/a1_ros2_simulation/install/a1_msgs/include/a1_msgs/srv/detail/imu__functions.c
-- Installing: /root/try/a1_ros2_simulation/install/a1_msgs/include/a1_msgs/srv/detail/imu__type_support.h
-- Installing: /root/try/a1_ros2_simulation/install/a1_msgs/include/a1_msgs/srv/detail/high_state__struct.h
-- Installing: /root/try/a1_ros2_simulation/install/a1_msgs/include/a1_msgs/srv/imu.h
-- Installing: /root/try/a1_ros2_simulation/install/a1_msgs/share/a1_msgs/environment/library_path.sh
-- Installing: /root/try/a1_ros2_simulation/install/a1_msgs/share/a1_msgs/environment/library_path.dsv
-- Installing: /root/try/a1_ros2_simulation/install/a1_msgs/lib/liba1_msgs__rosidl_generator_c.so
-- Set runtime path of "/root/try/a1_ros2_simulation/install/a1_msgs/lib/liba1_msgs__rosidl_generator_c.so" to ""
-- Up-to-date: /root/try/a1_ros2_simulation/install/a1_msgs/include/a1_msgs
-- Up-to-date: /root/try/a1_ros2_simulation/install/a1_msgs/include/a1_msgs/msg
-- Installing: /root/try/a1_ros2_simulation/install/a1_msgs/include/a1_msgs/msg/rosidl_typesupport_fastrtps_c__visibility_control.h
-- Up-to-date: /root/try/a1_ros2_simulation/install/a1_msgs/include/a1_msgs/msg/detail
-- Installing: /root/try/a1_ros2_simulation/install/a1_msgs/include/a1_msgs/msg/detail/low_state__rosidl_typesupport_fastrtps_c.h
-- Installing: /root/try/a1_ros2_simulation/install/a1_msgs/include/a1_msgs/msg/detail/pose__rosidl_typesupport_fastrtps_c.h
-- Installing: /root/try/a1_ros2_simulation/install/a1_msgs/include/a1_msgs/msg/detail/motor_state__rosidl_typesupport_fastrtps_c.h
-- Installing: /root/try/a1_ros2_simulation/install/a1_msgs/include/a1_msgs/msg/detail/low_cmd__rosidl_typesupport_fastrtps_c.h
-- Installing: /root/try/a1_ros2_simulation/install/a1_msgs/include/a1_msgs/msg/detail/high_cmd__rosidl_typesupport_fastrtps_c.h
-- Installing: /root/try/a1_ros2_simulation/install/a1_msgs/include/a1_msgs/msg/detail/high_state__rosidl_typesupport_fastrtps_c.h
-- Installing: /root/try/a1_ros2_simulation/install/a1_msgs/include/a1_msgs/msg/detail/motor_cmd__rosidl_typesupport_fastrtps_c.h
-- Installing: /root/try/a1_ros2_simulation/install/a1_msgs/include/a1_msgs/msg/detail/led__rosidl_typesupport_fastrtps_c.h
-- Installing: /root/try/a1_ros2_simulation/install/a1_msgs/include/a1_msgs/msg/detail/cartesian__rosidl_typesupport_fastrtps_c.h
-- Installing: /root/try/a1_ros2_simulation/install/a1_msgs/include/a1_msgs/msg/detail/imu__rosidl_typesupport_fastrtps_c.h
-- Up-to-date: /root/try/a1_ros2_simulation/install/a1_msgs/include/a1_msgs/srv
-- Up-to-date: /root/try/a1_ros2_simulation/install/a1_msgs/include/a1_msgs/srv/detail
-- Installing: /root/try/a1_ros2_simulation/install/a1_msgs/include/a1_msgs/srv/detail/low_state__rosidl_typesupport_fastrtps_c.h
-- Installing: /root/try/a1_ros2_simulation/install/a1_msgs/include/a1_msgs/srv/detail/mode__rosidl_typesupport_fastrtps_c.h
-- Installing: /root/try/a1_ros2_simulation/install/a1_msgs/include/a1_msgs/srv/detail/high_state__rosidl_typesupport_fastrtps_c.h
-- Installing: /root/try/a1_ros2_simulation/install/a1_msgs/include/a1_msgs/srv/detail/cartesian__rosidl_typesupport_fastrtps_c.h
-- Installing: /root/try/a1_ros2_simulation/install/a1_msgs/include/a1_msgs/srv/detail/imu__rosidl_typesupport_fastrtps_c.h
-- Installing: /root/try/a1_ros2_simulation/install/a1_msgs/lib/liba1_msgs__rosidl_typesupport_fastrtps_c.so
-- Set runtime path of "/root/try/a1_ros2_simulation/install/a1_msgs/lib/liba1_msgs__rosidl_typesupport_fastrtps_c.so" to ""
-- Up-to-date: /root/try/a1_ros2_simulation/install/a1_msgs/include/a1_msgs
-- Up-to-date: /root/try/a1_ros2_simulation/install/a1_msgs/include/a1_msgs/msg
-- Installing: /root/try/a1_ros2_simulation/install/a1_msgs/include/a1_msgs/msg/rosidl_typesupport_fastrtps_cpp__visibility_control.h
-- Up-to-date: /root/try/a1_ros2_simulation/install/a1_msgs/include/a1_msgs/msg/detail
-- Installing: /root/try/a1_ros2_simulation/install/a1_msgs/include/a1_msgs/msg/detail/imu__rosidl_typesupport_fastrtps_cpp.hpp
-- Installing: /root/try/a1_ros2_simulation/install/a1_msgs/include/a1_msgs/msg/detail/low_cmd__rosidl_typesupport_fastrtps_cpp.hpp
-- Installing: /root/try/a1_ros2_simulation/install/a1_msgs/include/a1_msgs/msg/detail/motor_cmd__rosidl_typesupport_fastrtps_cpp.hpp
-- Installing: /root/try/a1_ros2_simulation/install/a1_msgs/include/a1_msgs/msg/detail/dds_fastrtps
-- Installing: /root/try/a1_ros2_simulation/install/a1_msgs/include/a1_msgs/msg/detail/motor_state__rosidl_typesupport_fastrtps_cpp.hpp
-- Installing: /root/try/a1_ros2_simulation/install/a1_msgs/include/a1_msgs/msg/detail/cartesian__rosidl_typesupport_fastrtps_cpp.hpp
-- Installing: /root/try/a1_ros2_simulation/install/a1_msgs/include/a1_msgs/msg/detail/high_cmd__rosidl_typesupport_fastrtps_cpp.hpp
-- Installing: /root/try/a1_ros2_simulation/install/a1_msgs/include/a1_msgs/msg/detail/low_state__rosidl_typesupport_fastrtps_cpp.hpp
-- Installing: /root/try/a1_ros2_simulation/install/a1_msgs/include/a1_msgs/msg/detail/pose__rosidl_typesupport_fastrtps_cpp.hpp
-- Installing: /root/try/a1_ros2_simulation/install/a1_msgs/include/a1_msgs/msg/detail/high_state__rosidl_typesupport_fastrtps_cpp.hpp
-- Installing: /root/try/a1_ros2_simulation/install/a1_msgs/include/a1_msgs/msg/detail/led__rosidl_typesupport_fastrtps_cpp.hpp
-- Up-to-date: /root/try/a1_ros2_simulation/install/a1_msgs/include/a1_msgs/srv
-- Up-to-date: /root/try/a1_ros2_simulation/install/a1_msgs/include/a1_msgs/srv/detail
-- Installing: /root/try/a1_ros2_simulation/install/a1_msgs/include/a1_msgs/srv/detail/imu__rosidl_typesupport_fastrtps_cpp.hpp
-- Installing: /root/try/a1_ros2_simulation/install/a1_msgs/include/a1_msgs/srv/detail/mode__rosidl_typesupport_fastrtps_cpp.hpp
-- Installing: /root/try/a1_ros2_simulation/install/a1_msgs/include/a1_msgs/srv/detail/dds_fastrtps
-- Installing: /root/try/a1_ros2_simulation/install/a1_msgs/include/a1_msgs/srv/detail/cartesian__rosidl_typesupport_fastrtps_cpp.hpp
-- Installing: /root/try/a1_ros2_simulation/install/a1_msgs/include/a1_msgs/srv/detail/low_state__rosidl_typesupport_fastrtps_cpp.hpp
-- Installing: /root/try/a1_ros2_simulation/install/a1_msgs/include/a1_msgs/srv/detail/high_state__rosidl_typesupport_fastrtps_cpp.hpp
-- Installing: /root/try/a1_ros2_simulation/install/a1_msgs/lib/liba1_msgs__rosidl_typesupport_fastrtps_cpp.so
-- Set runtime path of "/root/try/a1_ros2_simulation/install/a1_msgs/lib/liba1_msgs__rosidl_typesupport_fastrtps_cpp.so" to ""
-- Up-to-date: /root/try/a1_ros2_simulation/install/a1_msgs/include/a1_msgs
-- Up-to-date: /root/try/a1_ros2_simulation/install/a1_msgs/include/a1_msgs/msg
-- Up-to-date: /root/try/a1_ros2_simulation/install/a1_msgs/include/a1_msgs/msg/detail
-- Installing: /root/try/a1_ros2_simulation/install/a1_msgs/include/a1_msgs/msg/detail/motor_cmd__rosidl_typesupport_introspection_c.h
-- Installing: /root/try/a1_ros2_simulation/install/a1_msgs/include/a1_msgs/msg/detail/motor_state__rosidl_typesupport_introspection_c.h
-- Installing: /root/try/a1_ros2_simulation/install/a1_msgs/include/a1_msgs/msg/detail/cartesian__type_support.c
-- Installing: /root/try/a1_ros2_simulation/install/a1_msgs/include/a1_msgs/msg/detail/high_cmd__type_support.c
-- Installing: /root/try/a1_ros2_simulation/install/a1_msgs/include/a1_msgs/msg/detail/pose__rosidl_typesupport_introspection_c.h
-- Installing: /root/try/a1_ros2_simulation/install/a1_msgs/include/a1_msgs/msg/detail/high_state__type_support.c
-- Installing: /root/try/a1_ros2_simulation/install/a1_msgs/include/a1_msgs/msg/detail/high_state__rosidl_typesupport_introspection_c.h
-- Installing: /root/try/a1_ros2_simulation/install/a1_msgs/include/a1_msgs/msg/detail/cartesian__rosidl_typesupport_introspection_c.h
-- Installing: /root/try/a1_ros2_simulation/install/a1_msgs/include/a1_msgs/msg/detail/high_cmd__rosidl_typesupport_introspection_c.h
-- Installing: /root/try/a1_ros2_simulation/install/a1_msgs/include/a1_msgs/msg/detail/imu__type_support.c
-- Installing: /root/try/a1_ros2_simulation/install/a1_msgs/include/a1_msgs/msg/detail/motor_cmd__type_support.c
-- Installing: /root/try/a1_ros2_simulation/install/a1_msgs/include/a1_msgs/msg/detail/low_cmd__rosidl_typesupport_introspection_c.h
-- Installing: /root/try/a1_ros2_simulation/install/a1_msgs/include/a1_msgs/msg/detail/low_state__type_support.c
-- Installing: /root/try/a1_ros2_simulation/install/a1_msgs/include/a1_msgs/msg/detail/led__rosidl_typesupport_introspection_c.h
-- Installing: /root/try/a1_ros2_simulation/install/a1_msgs/include/a1_msgs/msg/detail/low_cmd__type_support.c
-- Installing: /root/try/a1_ros2_simulation/install/a1_msgs/include/a1_msgs/msg/detail/low_state__rosidl_typesupport_introspection_c.h
-- Installing: /root/try/a1_ros2_simulation/install/a1_msgs/include/a1_msgs/msg/detail/pose__type_support.c
-- Installing: /root/try/a1_ros2_simulation/install/a1_msgs/include/a1_msgs/msg/detail/led__type_support.c
-- Installing: /root/try/a1_ros2_simulation/install/a1_msgs/include/a1_msgs/msg/detail/imu__rosidl_typesupport_introspection_c.h
-- Installing: /root/try/a1_ros2_simulation/install/a1_msgs/include/a1_msgs/msg/detail/motor_state__type_support.c
-- Installing: /root/try/a1_ros2_simulation/install/a1_msgs/include/a1_msgs/msg/rosidl_typesupport_introspection_c__visibility_control.h
-- Up-to-date: /root/try/a1_ros2_simulation/install/a1_msgs/include/a1_msgs/srv
-- Up-to-date: /root/try/a1_ros2_simulation/install/a1_msgs/include/a1_msgs/srv/detail
-- Installing: /root/try/a1_ros2_simulation/install/a1_msgs/include/a1_msgs/srv/detail/cartesian__type_support.c
-- Installing: /root/try/a1_ros2_simulation/install/a1_msgs/include/a1_msgs/srv/detail/mode__type_support.c
-- Installing: /root/try/a1_ros2_simulation/install/a1_msgs/include/a1_msgs/srv/detail/high_state__type_support.c
-- Installing: /root/try/a1_ros2_simulation/install/a1_msgs/include/a1_msgs/srv/detail/high_state__rosidl_typesupport_introspection_c.h
-- Installing: /root/try/a1_ros2_simulation/install/a1_msgs/include/a1_msgs/srv/detail/cartesian__rosidl_typesupport_introspection_c.h
-- Installing: /root/try/a1_ros2_simulation/install/a1_msgs/include/a1_msgs/srv/detail/imu__type_support.c
-- Installing: /root/try/a1_ros2_simulation/install/a1_msgs/include/a1_msgs/srv/detail/mode__rosidl_typesupport_introspection_c.h
-- Installing: /root/try/a1_ros2_simulation/install/a1_msgs/include/a1_msgs/srv/detail/low_state__type_support.c
-- Installing: /root/try/a1_ros2_simulation/install/a1_msgs/include/a1_msgs/srv/detail/low_state__rosidl_typesupport_introspection_c.h
-- Installing: /root/try/a1_ros2_simulation/install/a1_msgs/include/a1_msgs/srv/detail/imu__rosidl_typesupport_introspection_c.h
-- Installing: /root/try/a1_ros2_simulation/install/a1_msgs/lib/liba1_msgs__rosidl_typesupport_introspection_c.so
-- Set runtime path of "/root/try/a1_ros2_simulation/install/a1_msgs/lib/liba1_msgs__rosidl_typesupport_introspection_c.so" to ""
-- Installing: /root/try/a1_ros2_simulation/install/a1_msgs/lib/liba1_msgs__rosidl_typesupport_c.so
-- Set runtime path of "/root/try/a1_ros2_simulation/install/a1_msgs/lib/liba1_msgs__rosidl_typesupport_c.so" to ""
-- Up-to-date: /root/try/a1_ros2_simulation/install/a1_msgs/include/a1_msgs
-- Up-to-date: /root/try/a1_ros2_simulation/install/a1_msgs/include/a1_msgs/msg
-- Installing: /root/try/a1_ros2_simulation/install/a1_msgs/include/a1_msgs/msg/low_state.hpp
-- Installing: /root/try/a1_ros2_simulation/install/a1_msgs/include/a1_msgs/msg/motor_state.hpp
-- Installing: /root/try/a1_ros2_simulation/install/a1_msgs/include/a1_msgs/msg/high_cmd.hpp
-- Installing: /root/try/a1_ros2_simulation/install/a1_msgs/include/a1_msgs/msg/imu.hpp
-- Installing: /root/try/a1_ros2_simulation/install/a1_msgs/include/a1_msgs/msg/pose.hpp
-- Installing: /root/try/a1_ros2_simulation/install/a1_msgs/include/a1_msgs/msg/led.hpp
-- Installing: /root/try/a1_ros2_simulation/install/a1_msgs/include/a1_msgs/msg/low_cmd.hpp
-- Up-to-date: /root/try/a1_ros2_simulation/install/a1_msgs/include/a1_msgs/msg/detail
-- Installing: /root/try/a1_ros2_simulation/install/a1_msgs/include/a1_msgs/msg/detail/high_cmd__traits.hpp
-- Installing: /root/try/a1_ros2_simulation/install/a1_msgs/include/a1_msgs/msg/detail/low_cmd__builder.hpp
-- Installing: /root/try/a1_ros2_simulation/install/a1_msgs/include/a1_msgs/msg/detail/low_cmd__struct.hpp
-- Installing: /root/try/a1_ros2_simulation/install/a1_msgs/include/a1_msgs/msg/detail/motor_state__builder.hpp
-- Installing: /root/try/a1_ros2_simulation/install/a1_msgs/include/a1_msgs/msg/detail/motor_cmd__traits.hpp
-- Installing: /root/try/a1_ros2_simulation/install/a1_msgs/include/a1_msgs/msg/detail/cartesian__traits.hpp
-- Installing: /root/try/a1_ros2_simulation/install/a1_msgs/include/a1_msgs/msg/detail/high_cmd__struct.hpp
-- Installing: /root/try/a1_ros2_simulation/install/a1_msgs/include/a1_msgs/msg/detail/low_state__traits.hpp
-- Installing: /root/try/a1_ros2_simulation/install/a1_msgs/include/a1_msgs/msg/detail/pose__struct.hpp
-- Installing: /root/try/a1_ros2_simulation/install/a1_msgs/include/a1_msgs/msg/detail/imu__struct.hpp
-- Installing: /root/try/a1_ros2_simulation/install/a1_msgs/include/a1_msgs/msg/detail/motor_state__traits.hpp
-- Installing: /root/try/a1_ros2_simulation/install/a1_msgs/include/a1_msgs/msg/detail/led__struct.hpp
-- Installing: /root/try/a1_ros2_simulation/install/a1_msgs/include/a1_msgs/msg/detail/low_state__struct.hpp
-- Installing: /root/try/a1_ros2_simulation/install/a1_msgs/include/a1_msgs/msg/detail/high_state__builder.hpp
-- Installing: /root/try/a1_ros2_simulation/install/a1_msgs/include/a1_msgs/msg/detail/high_state__traits.hpp
-- Installing: /root/try/a1_ros2_simulation/install/a1_msgs/include/a1_msgs/msg/detail/led__traits.hpp
-- Installing: /root/try/a1_ros2_simulation/install/a1_msgs/include/a1_msgs/msg/detail/imu__traits.hpp
-- Installing: /root/try/a1_ros2_simulation/install/a1_msgs/include/a1_msgs/msg/detail/low_cmd__traits.hpp
-- Installing: /root/try/a1_ros2_simulation/install/a1_msgs/include/a1_msgs/msg/detail/led__builder.hpp
-- Installing: /root/try/a1_ros2_simulation/install/a1_msgs/include/a1_msgs/msg/detail/motor_state__struct.hpp
-- Installing: /root/try/a1_ros2_simulation/install/a1_msgs/include/a1_msgs/msg/detail/pose__traits.hpp
-- Installing: /root/try/a1_ros2_simulation/install/a1_msgs/include/a1_msgs/msg/detail/pose__builder.hpp
-- Installing: /root/try/a1_ros2_simulation/install/a1_msgs/include/a1_msgs/msg/detail/high_cmd__builder.hpp
-- Installing: /root/try/a1_ros2_simulation/install/a1_msgs/include/a1_msgs/msg/detail/cartesian__builder.hpp
-- Installing: /root/try/a1_ros2_simulation/install/a1_msgs/include/a1_msgs/msg/detail/cartesian__struct.hpp
-- Installing: /root/try/a1_ros2_simulation/install/a1_msgs/include/a1_msgs/msg/detail/low_state__builder.hpp
-- Installing: /root/try/a1_ros2_simulation/install/a1_msgs/include/a1_msgs/msg/detail/motor_cmd__builder.hpp
-- Installing: /root/try/a1_ros2_simulation/install/a1_msgs/include/a1_msgs/msg/detail/high_state__struct.hpp
-- Installing: /root/try/a1_ros2_simulation/install/a1_msgs/include/a1_msgs/msg/detail/motor_cmd__struct.hpp
-- Installing: /root/try/a1_ros2_simulation/install/a1_msgs/include/a1_msgs/msg/detail/imu__builder.hpp
-- Installing: /root/try/a1_ros2_simulation/install/a1_msgs/include/a1_msgs/msg/high_state.hpp
-- Installing: /root/try/a1_ros2_simulation/install/a1_msgs/include/a1_msgs/msg/cartesian.hpp
-- Installing: /root/try/a1_ros2_simulation/install/a1_msgs/include/a1_msgs/msg/motor_cmd.hpp
-- Up-to-date: /root/try/a1_ros2_simulation/install/a1_msgs/include/a1_msgs/srv
-- Installing: /root/try/a1_ros2_simulation/install/a1_msgs/include/a1_msgs/srv/low_state.hpp
-- Installing: /root/try/a1_ros2_simulation/install/a1_msgs/include/a1_msgs/srv/mode.hpp
-- Installing: /root/try/a1_ros2_simulation/install/a1_msgs/include/a1_msgs/srv/imu.hpp
-- Up-to-date: /root/try/a1_ros2_simulation/install/a1_msgs/include/a1_msgs/srv/detail
-- Installing: /root/try/a1_ros2_simulation/install/a1_msgs/include/a1_msgs/srv/detail/mode__builder.hpp
-- Installing: /root/try/a1_ros2_simulation/install/a1_msgs/include/a1_msgs/srv/detail/cartesian__traits.hpp
-- Installing: /root/try/a1_ros2_simulation/install/a1_msgs/include/a1_msgs/srv/detail/low_state__traits.hpp
-- Installing: /root/try/a1_ros2_simulation/install/a1_msgs/include/a1_msgs/srv/detail/imu__struct.hpp
-- Installing: /root/try/a1_ros2_simulation/install/a1_msgs/include/a1_msgs/srv/detail/low_state__struct.hpp
-- Installing: /root/try/a1_ros2_simulation/install/a1_msgs/include/a1_msgs/srv/detail/high_state__builder.hpp
-- Installing: /root/try/a1_ros2_simulation/install/a1_msgs/include/a1_msgs/srv/detail/high_state__traits.hpp
-- Installing: /root/try/a1_ros2_simulation/install/a1_msgs/include/a1_msgs/srv/detail/imu__traits.hpp
-- Installing: /root/try/a1_ros2_simulation/install/a1_msgs/include/a1_msgs/srv/detail/cartesian__builder.hpp
-- Installing: /root/try/a1_ros2_simulation/install/a1_msgs/include/a1_msgs/srv/detail/cartesian__struct.hpp
-- Installing: /root/try/a1_ros2_simulation/install/a1_msgs/include/a1_msgs/srv/detail/low_state__builder.hpp
-- Installing: /root/try/a1_ros2_simulation/install/a1_msgs/include/a1_msgs/srv/detail/high_state__struct.hpp
-- Installing: /root/try/a1_ros2_simulation/install/a1_msgs/include/a1_msgs/srv/detail/mode__struct.hpp
-- Installing: /root/try/a1_ros2_simulation/install/a1_msgs/include/a1_msgs/srv/detail/mode__traits.hpp
-- Installing: /root/try/a1_ros2_simulation/install/a1_msgs/include/a1_msgs/srv/detail/imu__builder.hpp
-- Installing: /root/try/a1_ros2_simulation/install/a1_msgs/include/a1_msgs/srv/high_state.hpp
-- Installing: /root/try/a1_ros2_simulation/install/a1_msgs/include/a1_msgs/srv/cartesian.hpp
-- Up-to-date: /root/try/a1_ros2_simulation/install/a1_msgs/include/a1_msgs
-- Up-to-date: /root/try/a1_ros2_simulation/install/a1_msgs/include/a1_msgs/msg
-- Up-to-date: /root/try/a1_ros2_simulation/install/a1_msgs/include/a1_msgs/msg/detail
-- Installing: /root/try/a1_ros2_simulation/install/a1_msgs/include/a1_msgs/msg/detail/high_state__type_support.cpp
-- Installing: /root/try/a1_ros2_simulation/install/a1_msgs/include/a1_msgs/msg/detail/motor_cmd__type_support.cpp
-- Installing: /root/try/a1_ros2_simulation/install/a1_msgs/include/a1_msgs/msg/detail/imu__type_support.cpp
-- Installing: /root/try/a1_ros2_simulation/install/a1_msgs/include/a1_msgs/msg/detail/cartesian__rosidl_typesupport_introspection_cpp.hpp
-- Installing: /root/try/a1_ros2_simulation/install/a1_msgs/include/a1_msgs/msg/detail/high_state__rosidl_typesupport_introspection_cpp.hpp
-- Installing: /root/try/a1_ros2_simulation/install/a1_msgs/include/a1_msgs/msg/detail/low_cmd__rosidl_typesupport_introspection_cpp.hpp
-- Installing: /root/try/a1_ros2_simulation/install/a1_msgs/include/a1_msgs/msg/detail/led__rosidl_typesupport_introspection_cpp.hpp
-- Installing: /root/try/a1_ros2_simulation/install/a1_msgs/include/a1_msgs/msg/detail/motor_state__rosidl_typesupport_introspection_cpp.hpp
-- Installing: /root/try/a1_ros2_simulation/install/a1_msgs/include/a1_msgs/msg/detail/cartesian__type_support.cpp
-- Installing: /root/try/a1_ros2_simulation/install/a1_msgs/include/a1_msgs/msg/detail/pose__rosidl_typesupport_introspection_cpp.hpp
-- Installing: /root/try/a1_ros2_simulation/install/a1_msgs/include/a1_msgs/msg/detail/imu__rosidl_typesupport_introspection_cpp.hpp
-- Installing: /root/try/a1_ros2_simulation/install/a1_msgs/include/a1_msgs/msg/detail/led__type_support.cpp
-- Installing: /root/try/a1_ros2_simulation/install/a1_msgs/include/a1_msgs/msg/detail/low_state__type_support.cpp
-- Installing: /root/try/a1_ros2_simulation/install/a1_msgs/include/a1_msgs/msg/detail/low_state__rosidl_typesupport_introspection_cpp.hpp
-- Installing: /root/try/a1_ros2_simulation/install/a1_msgs/include/a1_msgs/msg/detail/high_cmd__rosidl_typesupport_introspection_cpp.hpp
-- Installing: /root/try/a1_ros2_simulation/install/a1_msgs/include/a1_msgs/msg/detail/pose__type_support.cpp
-- Installing: /root/try/a1_ros2_simulation/install/a1_msgs/include/a1_msgs/msg/detail/motor_cmd__rosidl_typesupport_introspection_cpp.hpp
-- Installing: /root/try/a1_ros2_simulation/install/a1_msgs/include/a1_msgs/msg/detail/low_cmd__type_support.cpp
-- Installing: /root/try/a1_ros2_simulation/install/a1_msgs/include/a1_msgs/msg/detail/high_cmd__type_support.cpp
-- Installing: /root/try/a1_ros2_simulation/install/a1_msgs/include/a1_msgs/msg/detail/motor_state__type_support.cpp
-- Up-to-date: /root/try/a1_ros2_simulation/install/a1_msgs/include/a1_msgs/srv
-- Up-to-date: /root/try/a1_ros2_simulation/install/a1_msgs/include/a1_msgs/srv/detail
-- Installing: /root/try/a1_ros2_simulation/install/a1_msgs/include/a1_msgs/srv/detail/high_state__type_support.cpp
-- Installing: /root/try/a1_ros2_simulation/install/a1_msgs/include/a1_msgs/srv/detail/imu__type_support.cpp
-- Installing: /root/try/a1_ros2_simulation/install/a1_msgs/include/a1_msgs/srv/detail/cartesian__rosidl_typesupport_introspection_cpp.hpp
-- Installing: /root/try/a1_ros2_simulation/install/a1_msgs/include/a1_msgs/srv/detail/mode__type_support.cpp
-- Installing: /root/try/a1_ros2_simulation/install/a1_msgs/include/a1_msgs/srv/detail/high_state__rosidl_typesupport_introspection_cpp.hpp
-- Installing: /root/try/a1_ros2_simulation/install/a1_msgs/include/a1_msgs/srv/detail/cartesian__type_support.cpp
-- Installing: /root/try/a1_ros2_simulation/install/a1_msgs/include/a1_msgs/srv/detail/imu__rosidl_typesupport_introspection_cpp.hpp
-- Installing: /root/try/a1_ros2_simulation/install/a1_msgs/include/a1_msgs/srv/detail/low_state__type_support.cpp
-- Installing: /root/try/a1_ros2_simulation/install/a1_msgs/include/a1_msgs/srv/detail/low_state__rosidl_typesupport_introspection_cpp.hpp
-- Installing: /root/try/a1_ros2_simulation/install/a1_msgs/include/a1_msgs/srv/detail/mode__rosidl_typesupport_introspection_cpp.hpp
-- Installing: /root/try/a1_ros2_simulation/install/a1_msgs/lib/liba1_msgs__rosidl_typesupport_introspection_cpp.so
-- Set runtime path of "/root/try/a1_ros2_simulation/install/a1_msgs/lib/liba1_msgs__rosidl_typesupport_introspection_cpp.so" to ""
-- Installing: /root/try/a1_ros2_simulation/install/a1_msgs/lib/liba1_msgs__rosidl_typesupport_cpp.so
-- Set runtime path of "/root/try/a1_ros2_simulation/install/a1_msgs/lib/liba1_msgs__rosidl_typesupport_cpp.so" to ""
-- Installing: /root/try/a1_ros2_simulation/install/a1_msgs/share/a1_msgs/environment/pythonpath.sh
-- Installing: /root/try/a1_ros2_simulation/install/a1_msgs/share/a1_msgs/environment/pythonpath.dsv
-- Installing: /root/try/a1_ros2_simulation/install/a1_msgs/lib/python3.8/site-packages/a1_msgs/__init__.py
Compiling '/root/try/a1_ros2_simulation/install/a1_msgs/lib/python3.8/site-packages/a1_msgs/__init__.py'...
-- Installing: /root/try/a1_ros2_simulation/install/a1_msgs/lib/python3.8/site-packages/a1_msgs/msg
-- Installing: /root/try/a1_ros2_simulation/install/a1_msgs/lib/python3.8/site-packages/a1_msgs/msg/_low_state.py
-- Installing: /root/try/a1_ros2_simulation/install/a1_msgs/lib/python3.8/site-packages/a1_msgs/msg/_motor_cmd.py
-- Installing: /root/try/a1_ros2_simulation/install/a1_msgs/lib/python3.8/site-packages/a1_msgs/msg/_motor_state_s.c
-- Installing: /root/try/a1_ros2_simulation/install/a1_msgs/lib/python3.8/site-packages/a1_msgs/msg/_pose.py
-- Installing: /root/try/a1_ros2_simulation/install/a1_msgs/lib/python3.8/site-packages/a1_msgs/msg/_high_cmd_s.c
-- Installing: /root/try/a1_ros2_simulation/install/a1_msgs/lib/python3.8/site-packages/a1_msgs/msg/_led.py
-- Installing: /root/try/a1_ros2_simulation/install/a1_msgs/lib/python3.8/site-packages/a1_msgs/msg/_cartesian.py
-- Installing: /root/try/a1_ros2_simulation/install/a1_msgs/lib/python3.8/site-packages/a1_msgs/msg/_motor_state.py
-- Installing: /root/try/a1_ros2_simulation/install/a1_msgs/lib/python3.8/site-packages/a1_msgs/msg/_low_cmd.py
-- Installing: /root/try/a1_ros2_simulation/install/a1_msgs/lib/python3.8/site-packages/a1_msgs/msg/_imu.py
-- Installing: /root/try/a1_ros2_simulation/install/a1_msgs/lib/python3.8/site-packages/a1_msgs/msg/_high_state_s.c
-- Installing: /root/try/a1_ros2_simulation/install/a1_msgs/lib/python3.8/site-packages/a1_msgs/msg/_pose_s.c
-- Installing: /root/try/a1_ros2_simulation/install/a1_msgs/lib/python3.8/site-packages/a1_msgs/msg/_led_s.c
-- Installing: /root/try/a1_ros2_simulation/install/a1_msgs/lib/python3.8/site-packages/a1_msgs/msg/_high_cmd.py
-- Installing: /root/try/a1_ros2_simulation/install/a1_msgs/lib/python3.8/site-packages/a1_msgs/msg/_imu_s.c
-- Installing: /root/try/a1_ros2_simulation/install/a1_msgs/lib/python3.8/site-packages/a1_msgs/msg/_cartesian_s.c
-- Installing: /root/try/a1_ros2_simulation/install/a1_msgs/lib/python3.8/site-packages/a1_msgs/msg/_motor_cmd_s.c
-- Installing: /root/try/a1_ros2_simulation/install/a1_msgs/lib/python3.8/site-packages/a1_msgs/msg/_high_state.py
-- Installing: /root/try/a1_ros2_simulation/install/a1_msgs/lib/python3.8/site-packages/a1_msgs/msg/_low_state_s.c
-- Installing: /root/try/a1_ros2_simulation/install/a1_msgs/lib/python3.8/site-packages/a1_msgs/msg/_low_cmd_s.c
-- Installing: /root/try/a1_ros2_simulation/install/a1_msgs/lib/python3.8/site-packages/a1_msgs/msg/__init__.py
-- Installing: /root/try/a1_ros2_simulation/install/a1_msgs/lib/python3.8/site-packages/a1_msgs/srv
-- Installing: /root/try/a1_ros2_simulation/install/a1_msgs/lib/python3.8/site-packages/a1_msgs/srv/_low_state.py
-- Installing: /root/try/a1_ros2_simulation/install/a1_msgs/lib/python3.8/site-packages/a1_msgs/srv/_cartesian.py
-- Installing: /root/try/a1_ros2_simulation/install/a1_msgs/lib/python3.8/site-packages/a1_msgs/srv/_imu.py
-- Installing: /root/try/a1_ros2_simulation/install/a1_msgs/lib/python3.8/site-packages/a1_msgs/srv/_high_state_s.c
-- Installing: /root/try/a1_ros2_simulation/install/a1_msgs/lib/python3.8/site-packages/a1_msgs/srv/_mode.py
-- Installing: /root/try/a1_ros2_simulation/install/a1_msgs/lib/python3.8/site-packages/a1_msgs/srv/_imu_s.c
-- Installing: /root/try/a1_ros2_simulation/install/a1_msgs/lib/python3.8/site-packages/a1_msgs/srv/_mode_s.c
-- Installing: /root/try/a1_ros2_simulation/install/a1_msgs/lib/python3.8/site-packages/a1_msgs/srv/_cartesian_s.c
-- Installing: /root/try/a1_ros2_simulation/install/a1_msgs/lib/python3.8/site-packages/a1_msgs/srv/_high_state.py
-- Installing: /root/try/a1_ros2_simulation/install/a1_msgs/lib/python3.8/site-packages/a1_msgs/srv/_low_state_s.c
-- Installing: /root/try/a1_ros2_simulation/install/a1_msgs/lib/python3.8/site-packages/a1_msgs/srv/__init__.py
-- Installing: /root/try/a1_ros2_simulation/install/a1_msgs/lib/python3.8/site-packages/a1_msgs/a1_msgs_s__rosidl_typesupport_fastrtps_c.cpython-38-x86_64-linux-gnu.so
-- Set runtime path of "/root/try/a1_ros2_simulation/install/a1_msgs/lib/python3.8/site-packages/a1_msgs/a1_msgs_s__rosidl_typesupport_fastrtps_c.cpython-38-x86_64-linux-gnu.so" to ""
-- Installing: /root/try/a1_ros2_simulation/install/a1_msgs/lib/python3.8/site-packages/a1_msgs/a1_msgs_s__rosidl_typesupport_introspection_c.cpython-38-x86_64-linux-gnu.so
-- Set runtime path of "/root/try/a1_ros2_simulation/install/a1_msgs/lib/python3.8/site-packages/a1_msgs/a1_msgs_s__rosidl_typesupport_introspection_c.cpython-38-x86_64-linux-gnu.so" to ""
-- Installing: /root/try/a1_ros2_simulation/install/a1_msgs/lib/python3.8/site-packages/a1_msgs/a1_msgs_s__rosidl_typesupport_c.cpython-38-x86_64-linux-gnu.so
-- Set runtime path of "/root/try/a1_ros2_simulation/install/a1_msgs/lib/python3.8/site-packages/a1_msgs/a1_msgs_s__rosidl_typesupport_c.cpython-38-x86_64-linux-gnu.so" to ""
-- Installing: /root/try/a1_ros2_simulation/install/a1_msgs/lib/liba1_msgs__python.so
-- Set runtime path of "/root/try/a1_ros2_simulation/install/a1_msgs/lib/liba1_msgs__python.so" to ""
-- Installing: /root/try/a1_ros2_simulation/install/a1_msgs/share/a1_msgs/msg/Cartesian.idl
-- Installing: /root/try/a1_ros2_simulation/install/a1_msgs/share/a1_msgs/msg/IMU.idl
-- Installing: /root/try/a1_ros2_simulation/install/a1_msgs/share/a1_msgs/msg/MotorState.idl
-- Installing: /root/try/a1_ros2_simulation/install/a1_msgs/share/a1_msgs/msg/Pose.idl
-- Installing: /root/try/a1_ros2_simulation/install/a1_msgs/share/a1_msgs/msg/LowCmd.idl
-- Installing: /root/try/a1_ros2_simulation/install/a1_msgs/share/a1_msgs/msg/HighCmd.idl
-- Installing: /root/try/a1_ros2_simulation/install/a1_msgs/share/a1_msgs/msg/LowState.idl
-- Installing: /root/try/a1_ros2_simulation/install/a1_msgs/share/a1_msgs/msg/MotorCmd.idl
-- Installing: /root/try/a1_ros2_simulation/install/a1_msgs/share/a1_msgs/msg/LED.idl
-- Installing: /root/try/a1_ros2_simulation/install/a1_msgs/share/a1_msgs/msg/HighState.idl
-- Installing: /root/try/a1_ros2_simulation/install/a1_msgs/share/a1_msgs/srv/Cartesian.idl
-- Installing: /root/try/a1_ros2_simulation/install/a1_msgs/share/a1_msgs/srv/HighState.idl
-- Installing: /root/try/a1_ros2_simulation/install/a1_msgs/share/a1_msgs/srv/Imu.idl
-- Installing: /root/try/a1_ros2_simulation/install/a1_msgs/share/a1_msgs/srv/Mode.idl
-- Installing: /root/try/a1_ros2_simulation/install/a1_msgs/share/a1_msgs/srv/LowState.idl
-- Installing: /root/try/a1_ros2_simulation/install/a1_msgs/share/a1_msgs/msg/Cartesian.msg
-- Installing: /root/try/a1_ros2_simulation/install/a1_msgs/share/a1_msgs/msg/IMU.msg
-- Installing: /root/try/a1_ros2_simulation/install/a1_msgs/share/a1_msgs/msg/MotorState.msg
-- Installing: /root/try/a1_ros2_simulation/install/a1_msgs/share/a1_msgs/msg/Pose.msg
-- Installing: /root/try/a1_ros2_simulation/install/a1_msgs/share/a1_msgs/msg/LowCmd.msg
-- Installing: /root/try/a1_ros2_simulation/install/a1_msgs/share/a1_msgs/msg/HighCmd.msg
-- Installing: /root/try/a1_ros2_simulation/install/a1_msgs/share/a1_msgs/msg/LowState.msg
-- Installing: /root/try/a1_ros2_simulation/install/a1_msgs/share/a1_msgs/msg/MotorCmd.msg
-- Installing: /root/try/a1_ros2_simulation/install/a1_msgs/share/a1_msgs/msg/LED.msg
-- Installing: /root/try/a1_ros2_simulation/install/a1_msgs/share/a1_msgs/msg/HighState.msg
-- Installing: /root/try/a1_ros2_simulation/install/a1_msgs/share/a1_msgs/srv/Cartesian.srv
-- Installing: /root/try/a1_ros2_simulation/install/a1_msgs/share/a1_msgs/srv/Cartesian_Request.msg
-- Installing: /root/try/a1_ros2_simulation/install/a1_msgs/share/a1_msgs/srv/Cartesian_Response.msg
-- Installing: /root/try/a1_ros2_simulation/install/a1_msgs/share/a1_msgs/srv/HighState.srv
-- Installing: /root/try/a1_ros2_simulation/install/a1_msgs/share/a1_msgs/srv/HighState_Request.msg
-- Installing: /root/try/a1_ros2_simulation/install/a1_msgs/share/a1_msgs/srv/HighState_Response.msg
-- Installing: /root/try/a1_ros2_simulation/install/a1_msgs/share/a1_msgs/srv/Imu.srv
-- Installing: /root/try/a1_ros2_simulation/install/a1_msgs/share/a1_msgs/srv/Imu_Request.msg
-- Installing: /root/try/a1_ros2_simulation/install/a1_msgs/share/a1_msgs/srv/Imu_Response.msg
-- Installing: /root/try/a1_ros2_simulation/install/a1_msgs/share/a1_msgs/srv/Mode.srv
-- Installing: /root/try/a1_ros2_simulation/install/a1_msgs/share/a1_msgs/srv/Mode_Request.msg
-- Installing: /root/try/a1_ros2_simulation/install/a1_msgs/share/a1_msgs/srv/Mode_Response.msg
-- Installing: /root/try/a1_ros2_simulation/install/a1_msgs/share/a1_msgs/srv/LowState.srv
-- Installing: /root/try/a1_ros2_simulation/install/a1_msgs/share/a1_msgs/srv/LowState_Request.msg
-- Installing: /root/try/a1_ros2_simulation/install/a1_msgs/share/a1_msgs/srv/LowState_Response.msg
-- Installing: /root/try/a1_ros2_simulation/install/a1_msgs/share/ament_index/resource_index/package_run_dependencies/a1_msgs
-- Installing: /root/try/a1_ros2_simulation/install/a1_msgs/share/ament_index/resource_index/parent_prefix_path/a1_msgs
-- Installing: /root/try/a1_ros2_simulation/install/a1_msgs/share/a1_msgs/environment/ament_prefix_path.sh
-- Installing: /root/try/a1_ros2_simulation/install/a1_msgs/share/a1_msgs/environment/ament_prefix_path.dsv
-- Installing: /root/try/a1_ros2_simulation/install/a1_msgs/share/a1_msgs/environment/path.sh
-- Installing: /root/try/a1_ros2_simulation/install/a1_msgs/share/a1_msgs/environment/path.dsv
-- Installing: /root/try/a1_ros2_simulation/install/a1_msgs/share/a1_msgs/local_setup.bash
-- Installing: /root/try/a1_ros2_simulation/install/a1_msgs/share/a1_msgs/local_setup.sh
-- Installing: /root/try/a1_ros2_simulation/install/a1_msgs/share/a1_msgs/local_setup.zsh
-- Installing: /root/try/a1_ros2_simulation/install/a1_msgs/share/a1_msgs/local_setup.dsv
-- Installing: /root/try/a1_ros2_simulation/install/a1_msgs/share/a1_msgs/package.dsv
-- Installing: /root/try/a1_ros2_simulation/install/a1_msgs/share/ament_index/resource_index/packages/a1_msgs
-- Installing: /root/try/a1_ros2_simulation/install/a1_msgs/share/a1_msgs/cmake/a1_msgs__rosidl_generator_cExport.cmake
-- Installing: /root/try/a1_ros2_simulation/install/a1_msgs/share/a1_msgs/cmake/a1_msgs__rosidl_generator_cExport-noconfig.cmake
-- Installing: /root/try/a1_ros2_simulation/install/a1_msgs/share/a1_msgs/cmake/a1_msgs__rosidl_typesupport_introspection_cExport.cmake
-- Installing: /root/try/a1_ros2_simulation/install/a1_msgs/share/a1_msgs/cmake/a1_msgs__rosidl_typesupport_introspection_cExport-noconfig.cmake
-- Installing: /root/try/a1_ros2_simulation/install/a1_msgs/share/a1_msgs/cmake/a1_msgs__rosidl_typesupport_cExport.cmake
-- Installing: /root/try/a1_ros2_simulation/install/a1_msgs/share/a1_msgs/cmake/a1_msgs__rosidl_typesupport_cExport-noconfig.cmake
-- Installing: /root/try/a1_ros2_simulation/install/a1_msgs/share/a1_msgs/cmake/a1_msgs__rosidl_generator_cppExport.cmake
-- Installing: /root/try/a1_ros2_simulation/install/a1_msgs/share/a1_msgs/cmake/a1_msgs__rosidl_typesupport_introspection_cppExport.cmake
-- Installing: /root/try/a1_ros2_simulation/install/a1_msgs/share/a1_msgs/cmake/a1_msgs__rosidl_typesupport_introspection_cppExport-noconfig.cmake
-- Installing: /root/try/a1_ros2_simulation/install/a1_msgs/share/a1_msgs/cmake/a1_msgs__rosidl_typesupport_cppExport.cmake
-- Installing: /root/try/a1_ros2_simulation/install/a1_msgs/share/a1_msgs/cmake/a1_msgs__rosidl_typesupport_cppExport-noconfig.cmake
-- Installing: /root/try/a1_ros2_simulation/install/a1_msgs/share/a1_msgs/cmake/rosidl_cmake-extras.cmake
-- Installing: /root/try/a1_ros2_simulation/install/a1_msgs/share/a1_msgs/cmake/ament_cmake_export_dependencies-extras.cmake
-- Installing: /root/try/a1_ros2_simulation/install/a1_msgs/share/a1_msgs/cmake/ament_cmake_export_libraries-extras.cmake
-- Installing: /root/try/a1_ros2_simulation/install/a1_msgs/share/a1_msgs/cmake/ament_cmake_export_targets-extras.cmake
-- Installing: /root/try/a1_ros2_simulation/install/a1_msgs/share/a1_msgs/cmake/ament_cmake_export_include_directories-extras.cmake
-- Installing: /root/try/a1_ros2_simulation/install/a1_msgs/share/a1_msgs/cmake/rosidl_cmake_export_typesupport_libraries-extras.cmake
-- Installing: /root/try/a1_ros2_simulation/install/a1_msgs/share/a1_msgs/cmake/rosidl_cmake_export_typesupport_targets-extras.cmake
-- Installing: /root/try/a1_ros2_simulation/install/a1_msgs/share/a1_msgs/cmake/a1_msgsConfig.cmake
-- Installing: /root/try/a1_ros2_simulation/install/a1_msgs/share/a1_msgs/cmake/a1_msgsConfig-version.cmake
-- Installing: /root/try/a1_ros2_simulation/install/a1_msgs/share/a1_msgs/package.xml
