[0.011s] Invoking command in '/root/try/a1_ros2_simulation/build/a1_msgs': CMAKE_PREFIX_PATH=/opt/ros/foxy /usr/bin/cmake /root/try/a1_ros2_simulation/a1_msgs -DCMAKE_INSTALL_PREFIX=/root/try/a1_ros2_simulation/install/a1_msgs
[0.055s] -- The C compiler identification is GNU 9.3.0
[0.099s] -- The CXX compiler identification is GNU 9.3.0
[0.102s] -- Check for working C compiler: /usr/bin/cc
[0.164s] -- Check for working C compiler: /usr/bin/cc -- works
[0.165s] -- Detecting C compiler ABI info
[0.224s] -- Detecting C compiler ABI info - done
[0.234s] -- Detecting C compile features
[0.235s] -- Detecting C compile features - done
[0.237s] -- Check for working CXX compiler: /usr/bin/c++
[0.307s] -- Check for working CXX compiler: /usr/bin/c++ -- works
[0.308s] -- Detecting CXX compiler ABI info
[0.376s] -- Detecting CXX compiler ABI info - done
[0.386s] -- Detecting CXX compile features
[0.386s] -- Detecting CXX compile features - done
[0.388s] -- Found ament_cmake: 0.9.8 (/opt/ros/foxy/share/ament_cmake/cmake)
[0.408s] -- Found PythonInterp: /usr/bin/python3 (found suitable version "3.8.10", minimum required is "3") 
[0.408s] -- Using PYTHON_EXECUTABLE: /usr/bin/python3
[0.565s] -- Found rosidl_default_generators: 1.0.1 (/opt/ros/foxy/share/rosidl_default_generators/cmake)
[0.567s] -- Using all available rosidl_typesupport_c: rosidl_typesupport_fastrtps_c;rosidl_typesupport_introspection_c
[0.573s] -- Found rosidl_adapter: 1.2.1 (/opt/ros/foxy/share/rosidl_adapter/cmake)
[0.652s] -- Found OpenSSL: /usr/lib/x86_64-linux-gnu/libcrypto.so (found version "1.1.1f")  
[0.676s] -- Found FastRTPS: /opt/ros/foxy/include  
[0.743s] -- Using all available rosidl_typesupport_cpp: rosidl_typesupport_fastrtps_cpp;rosidl_typesupport_introspection_cpp
[0.786s] -- Found PythonInterp: /usr/bin/python3 (found version "3.8.10") 
[0.968s] -- Found ament_cmake_ros: 0.9.1 (/opt/ros/foxy/share/ament_cmake_ros/cmake)
[1.056s] -- Using all available rosidl_typesupport_c: rosidl_typesupport_fastrtps_c;rosidl_typesupport_introspection_c
[1.064s] -- Using all available rosidl_typesupport_cpp: rosidl_typesupport_fastrtps_cpp;rosidl_typesupport_introspection_cpp
[1.084s] -- Found PythonInterp: /usr/bin/python3 (found suitable version "3.8.10", minimum required is "3.5") 
[1.085s] -- Found python_cmake_module: 0.8.1 (/opt/ros/foxy/share/python_cmake_module/cmake)
[1.107s] -- Found PythonLibs: /usr/lib/x86_64-linux-gnu/libpython3.8.so (found suitable version "3.8.10", minimum required is "3.5") 
[1.107s] -- Using PYTHON_EXECUTABLE: /usr/bin/python3
[1.107s] -- Using PYTHON_INCLUDE_DIRS: /usr/include/python3.8
[1.107s] -- Using PYTHON_LIBRARIES: /usr/lib/x86_64-linux-gnu/libpython3.8.so
[1.124s] -- Found PythonExtra: .so  
[1.158s] -- Found ament_lint_auto: 0.9.6 (/opt/ros/foxy/share/ament_lint_auto/cmake)
[1.178s] -- Added test 'copyright' to check source files copyright and LICENSE
[1.181s] -- Added test 'flake8' to check Python code syntax and style conventions
[1.182s] -- Added test 'lint_cmake' to check CMake code style
[1.182s] -- Added test 'pep257' to check Python code against some of the style conventions in PEP 257
[1.184s] -- Added test 'xmllint' to check XML markup files
[1.188s] -- Configuring done
[1.235s] -- Generating done
[1.237s] -- Build files have been written to: /root/try/a1_ros2_simulation/build/a1_msgs
[1.247s] Invoked command in '/root/try/a1_ros2_simulation/build/a1_msgs' returned '0': CMAKE_PREFIX_PATH=/opt/ros/foxy /usr/bin/cmake /root/try/a1_ros2_simulation/a1_msgs -DCMAKE_INSTALL_PREFIX=/root/try/a1_ros2_simulation/install/a1_msgs
[1.248s] Invoking command in '/root/try/a1_ros2_simulation/build/a1_msgs': CMAKE_PREFIX_PATH=/opt/ros/foxy /usr/bin/cmake --build /root/try/a1_ros2_simulation/build/a1_msgs -- -j4 -l4
[1.290s] [  1%] [34m[1mGenerating C code for ROS interfaces[0m
[1.290s] [35m[1mScanning dependencies of target a1_msgs__cpp[0m
[1.299s] [  1%] [34m[1mGenerating C++ code for ROS interfaces[0m
[2.904s] [  1%] Built target a1_msgs__cpp
[2.915s] [  2%] [34m[1mGenerating C++ type support for eProsima Fast-RTPS[0m
[2.916s] [  2%] [34m[1mGenerating C++ introspection for ROS interfaces[0m
[2.917s] [  3%] [34m[1mGenerating C++ type support dispatch for ROS interfaces[0m
[2.926s] [35m[1mScanning dependencies of target a1_msgs__rosidl_generator_c[0m
[2.945s] [  3%] [32mBuilding C object CMakeFiles/a1_msgs__rosidl_generator_c.dir/rosidl_generator_c/a1_msgs/msg/detail/cartesian__functions.c.o[0m
[2.978s] [  4%] [32mBuilding C object CMakeFiles/a1_msgs__rosidl_generator_c.dir/rosidl_generator_c/a1_msgs/msg/detail/imu__functions.c.o[0m
[3.017s] [  5%] [32mBuilding C object CMakeFiles/a1_msgs__rosidl_generator_c.dir/rosidl_generator_c/a1_msgs/msg/detail/motor_state__functions.c.o[0m
[3.056s] [  6%] [32mBuilding C object CMakeFiles/a1_msgs__rosidl_generator_c.dir/rosidl_generator_c/a1_msgs/msg/detail/pose__functions.c.o[0m
[3.087s] [  6%] [32mBuilding C object CMakeFiles/a1_msgs__rosidl_generator_c.dir/rosidl_generator_c/a1_msgs/msg/detail/low_cmd__functions.c.o[0m
[3.120s] [  7%] [32mBuilding C object CMakeFiles/a1_msgs__rosidl_generator_c.dir/rosidl_generator_c/a1_msgs/msg/detail/high_cmd__functions.c.o[0m
[3.151s] [  8%] [32mBuilding C object CMakeFiles/a1_msgs__rosidl_generator_c.dir/rosidl_generator_c/a1_msgs/msg/detail/low_state__functions.c.o[0m
[3.185s] [  8%] [32mBuilding C object CMakeFiles/a1_msgs__rosidl_generator_c.dir/rosidl_generator_c/a1_msgs/msg/detail/motor_cmd__functions.c.o[0m
[3.217s] [  9%] [32mBuilding C object CMakeFiles/a1_msgs__rosidl_generator_c.dir/rosidl_generator_c/a1_msgs/msg/detail/led__functions.c.o[0m
[3.247s] [ 10%] [32mBuilding C object CMakeFiles/a1_msgs__rosidl_generator_c.dir/rosidl_generator_c/a1_msgs/msg/detail/high_state__functions.c.o[0m
[3.281s] [ 10%] [32mBuilding C object CMakeFiles/a1_msgs__rosidl_generator_c.dir/rosidl_generator_c/a1_msgs/srv/detail/cartesian__functions.c.o[0m
[3.317s] [ 11%] [32mBuilding C object CMakeFiles/a1_msgs__rosidl_generator_c.dir/rosidl_generator_c/a1_msgs/srv/detail/high_state__functions.c.o[0m
[3.355s] [ 12%] [32mBuilding C object CMakeFiles/a1_msgs__rosidl_generator_c.dir/rosidl_generator_c/a1_msgs/srv/detail/imu__functions.c.o[0m
[3.391s] [ 13%] [32mBuilding C object CMakeFiles/a1_msgs__rosidl_generator_c.dir/rosidl_generator_c/a1_msgs/srv/detail/mode__functions.c.o[0m
[3.427s] [ 13%] [32mBuilding C object CMakeFiles/a1_msgs__rosidl_generator_c.dir/rosidl_generator_c/a1_msgs/srv/detail/low_state__functions.c.o[0m
[3.464s] [ 14%] [32m[1mLinking C shared library liba1_msgs__rosidl_generator_c.so[0m
[3.496s] [ 14%] Built target a1_msgs__rosidl_generator_c
[3.506s] [ 15%] [34m[1mGenerating C introspection for ROS interfaces[0m
[4.141s] [35m[1mScanning dependencies of target a1_msgs__rosidl_typesupport_cpp[0m
[4.156s] [ 16%] [32mBuilding CXX object CMakeFiles/a1_msgs__rosidl_typesupport_cpp.dir/rosidl_typesupport_cpp/a1_msgs/msg/cartesian__type_support.cpp.o[0m
[4.382s] [35m[1mScanning dependencies of target a1_msgs__rosidl_typesupport_introspection_cpp[0m
[4.387s] [ 16%] [32mBuilding CXX object CMakeFiles/a1_msgs__rosidl_typesupport_cpp.dir/rosidl_typesupport_cpp/a1_msgs/msg/imu__type_support.cpp.o[0m
[4.399s] [ 17%] [32mBuilding CXX object CMakeFiles/a1_msgs__rosidl_typesupport_introspection_cpp.dir/rosidl_typesupport_introspection_cpp/a1_msgs/msg/detail/cartesian__type_support.cpp.o[0m
[4.525s] [35m[1mScanning dependencies of target a1_msgs__rosidl_typesupport_fastrtps_cpp[0m
[4.549s] [ 18%] [32mBuilding CXX object CMakeFiles/a1_msgs__rosidl_typesupport_fastrtps_cpp.dir/rosidl_typesupport_fastrtps_cpp/a1_msgs/msg/detail/dds_fastrtps/cartesian__type_support.cpp.o[0m
[4.621s] [ 19%] [32mBuilding CXX object CMakeFiles/a1_msgs__rosidl_typesupport_cpp.dir/rosidl_typesupport_cpp/a1_msgs/msg/motor_state__type_support.cpp.o[0m
[4.635s] [ 20%] [32mBuilding CXX object CMakeFiles/a1_msgs__rosidl_typesupport_introspection_cpp.dir/rosidl_typesupport_introspection_cpp/a1_msgs/msg/detail/imu__type_support.cpp.o[0m
[4.851s] [ 21%] [32mBuilding CXX object CMakeFiles/a1_msgs__rosidl_typesupport_cpp.dir/rosidl_typesupport_cpp/a1_msgs/msg/pose__type_support.cpp.o[0m
[4.877s] [ 21%] [32mBuilding CXX object CMakeFiles/a1_msgs__rosidl_typesupport_introspection_cpp.dir/rosidl_typesupport_introspection_cpp/a1_msgs/msg/detail/motor_state__type_support.cpp.o[0m
[4.904s] [ 22%] [32mBuilding CXX object CMakeFiles/a1_msgs__rosidl_typesupport_fastrtps_cpp.dir/rosidl_typesupport_fastrtps_cpp/a1_msgs/msg/detail/dds_fastrtps/imu__type_support.cpp.o[0m
[4.995s] [35m[1mScanning dependencies of target a1_msgs__rosidl_typesupport_introspection_c[0m
[5.013s] [ 23%] [32mBuilding C object CMakeFiles/a1_msgs__rosidl_typesupport_introspection_c.dir/rosidl_typesupport_introspection_c/a1_msgs/msg/detail/cartesian__type_support.c.o[0m
[5.042s] [ 23%] [32mBuilding C object CMakeFiles/a1_msgs__rosidl_typesupport_introspection_c.dir/rosidl_typesupport_introspection_c/a1_msgs/msg/detail/imu__type_support.c.o[0m
[5.072s] [ 24%] [32mBuilding C object CMakeFiles/a1_msgs__rosidl_typesupport_introspection_c.dir/rosidl_typesupport_introspection_c/a1_msgs/msg/detail/motor_state__type_support.c.o[0m
[5.086s] [ 24%] [32mBuilding CXX object CMakeFiles/a1_msgs__rosidl_typesupport_cpp.dir/rosidl_typesupport_cpp/a1_msgs/msg/low_cmd__type_support.cpp.o[0m
[5.101s] [ 25%] [32mBuilding C object CMakeFiles/a1_msgs__rosidl_typesupport_introspection_c.dir/rosidl_typesupport_introspection_c/a1_msgs/msg/detail/pose__type_support.c.o[0m
[5.123s] [ 26%] [32mBuilding CXX object CMakeFiles/a1_msgs__rosidl_typesupport_introspection_cpp.dir/rosidl_typesupport_introspection_cpp/a1_msgs/msg/detail/pose__type_support.cpp.o[0m
[5.128s] [ 27%] [32mBuilding C object CMakeFiles/a1_msgs__rosidl_typesupport_introspection_c.dir/rosidl_typesupport_introspection_c/a1_msgs/msg/detail/low_cmd__type_support.c.o[0m
[5.162s] [ 27%] [32mBuilding C object CMakeFiles/a1_msgs__rosidl_typesupport_introspection_c.dir/rosidl_typesupport_introspection_c/a1_msgs/msg/detail/high_cmd__type_support.c.o[0m
[5.190s] [ 28%] [32mBuilding C object CMakeFiles/a1_msgs__rosidl_typesupport_introspection_c.dir/rosidl_typesupport_introspection_c/a1_msgs/msg/detail/low_state__type_support.c.o[0m
[5.223s] [ 29%] [32mBuilding C object CMakeFiles/a1_msgs__rosidl_typesupport_introspection_c.dir/rosidl_typesupport_introspection_c/a1_msgs/msg/detail/motor_cmd__type_support.c.o[0m
[5.252s] [ 29%] [32mBuilding C object CMakeFiles/a1_msgs__rosidl_typesupport_introspection_c.dir/rosidl_typesupport_introspection_c/a1_msgs/msg/detail/led__type_support.c.o[0m
[5.259s] [ 29%] [32mBuilding CXX object CMakeFiles/a1_msgs__rosidl_typesupport_fastrtps_cpp.dir/rosidl_typesupport_fastrtps_cpp/a1_msgs/msg/detail/dds_fastrtps/motor_state__type_support.cpp.o[0m
[5.280s] [ 30%] [32mBuilding C object CMakeFiles/a1_msgs__rosidl_typesupport_introspection_c.dir/rosidl_typesupport_introspection_c/a1_msgs/msg/detail/high_state__type_support.c.o[0m
[5.312s] [ 31%] [32mBuilding C object CMakeFiles/a1_msgs__rosidl_typesupport_introspection_c.dir/rosidl_typesupport_introspection_c/a1_msgs/srv/detail/cartesian__type_support.c.o[0m
[5.321s] [ 32%] [32mBuilding CXX object CMakeFiles/a1_msgs__rosidl_typesupport_cpp.dir/rosidl_typesupport_cpp/a1_msgs/msg/high_cmd__type_support.cpp.o[0m
[5.346s] [ 32%] [32mBuilding C object CMakeFiles/a1_msgs__rosidl_typesupport_introspection_c.dir/rosidl_typesupport_introspection_c/a1_msgs/srv/detail/high_state__type_support.c.o[0m
[5.357s] [ 33%] [32mBuilding CXX object CMakeFiles/a1_msgs__rosidl_typesupport_introspection_cpp.dir/rosidl_typesupport_introspection_cpp/a1_msgs/msg/detail/low_cmd__type_support.cpp.o[0m
[5.380s] [ 34%] [32mBuilding C object CMakeFiles/a1_msgs__rosidl_typesupport_introspection_c.dir/rosidl_typesupport_introspection_c/a1_msgs/srv/detail/imu__type_support.c.o[0m
[5.410s] [ 35%] [32mBuilding C object CMakeFiles/a1_msgs__rosidl_typesupport_introspection_c.dir/rosidl_typesupport_introspection_c/a1_msgs/srv/detail/mode__type_support.c.o[0m
[5.438s] [ 36%] [32mBuilding C object CMakeFiles/a1_msgs__rosidl_typesupport_introspection_c.dir/rosidl_typesupport_introspection_c/a1_msgs/srv/detail/low_state__type_support.c.o[0m
[5.473s] [ 36%] [32m[1mLinking C shared library liba1_msgs__rosidl_typesupport_introspection_c.so[0m
[5.502s] [ 36%] Built target a1_msgs__rosidl_typesupport_introspection_c
[5.512s] [ 37%] [34m[1mGenerating C type support dispatch for ROS interfaces[0m
[5.555s] [ 38%] [32mBuilding CXX object CMakeFiles/a1_msgs__rosidl_typesupport_cpp.dir/rosidl_typesupport_cpp/a1_msgs/msg/low_state__type_support.cpp.o[0m
[5.612s] [ 39%] [32mBuilding CXX object CMakeFiles/a1_msgs__rosidl_typesupport_fastrtps_cpp.dir/rosidl_typesupport_fastrtps_cpp/a1_msgs/msg/detail/dds_fastrtps/pose__type_support.cpp.o[0m
[5.625s] [ 40%] [32mBuilding CXX object CMakeFiles/a1_msgs__rosidl_typesupport_introspection_cpp.dir/rosidl_typesupport_introspection_cpp/a1_msgs/msg/detail/high_cmd__type_support.cpp.o[0m
[5.791s] [ 41%] [32mBuilding CXX object CMakeFiles/a1_msgs__rosidl_typesupport_cpp.dir/rosidl_typesupport_cpp/a1_msgs/msg/motor_cmd__type_support.cpp.o[0m
[5.880s] [ 41%] [32mBuilding CXX object CMakeFiles/a1_msgs__rosidl_typesupport_introspection_cpp.dir/rosidl_typesupport_introspection_cpp/a1_msgs/msg/detail/low_state__type_support.cpp.o[0m
[5.951s] [ 42%] [32mBuilding CXX object CMakeFiles/a1_msgs__rosidl_typesupport_fastrtps_cpp.dir/rosidl_typesupport_fastrtps_cpp/a1_msgs/msg/detail/dds_fastrtps/low_cmd__type_support.cpp.o[0m
[6.022s] [ 42%] [32mBuilding CXX object CMakeFiles/a1_msgs__rosidl_typesupport_cpp.dir/rosidl_typesupport_cpp/a1_msgs/msg/led__type_support.cpp.o[0m
[6.159s] [ 43%] [32mBuilding CXX object CMakeFiles/a1_msgs__rosidl_typesupport_introspection_cpp.dir/rosidl_typesupport_introspection_cpp/a1_msgs/msg/detail/motor_cmd__type_support.cpp.o[0m
[6.250s] [ 44%] [32mBuilding CXX object CMakeFiles/a1_msgs__rosidl_typesupport_cpp.dir/rosidl_typesupport_cpp/a1_msgs/msg/high_state__type_support.cpp.o[0m
[6.309s] [ 44%] [32mBuilding CXX object CMakeFiles/a1_msgs__rosidl_typesupport_fastrtps_cpp.dir/rosidl_typesupport_fastrtps_cpp/a1_msgs/msg/detail/dds_fastrtps/high_cmd__type_support.cpp.o[0m
[6.400s] [ 45%] [32mBuilding CXX object CMakeFiles/a1_msgs__rosidl_typesupport_introspection_cpp.dir/rosidl_typesupport_introspection_cpp/a1_msgs/msg/detail/led__type_support.cpp.o[0m
[6.485s] [ 46%] [32mBuilding CXX object CMakeFiles/a1_msgs__rosidl_typesupport_cpp.dir/rosidl_typesupport_cpp/a1_msgs/srv/cartesian__type_support.cpp.o[0m
[6.632s] [ 46%] [32mBuilding CXX object CMakeFiles/a1_msgs__rosidl_typesupport_introspection_cpp.dir/rosidl_typesupport_introspection_cpp/a1_msgs/msg/detail/high_state__type_support.cpp.o[0m
[6.666s] [ 47%] [32mBuilding CXX object CMakeFiles/a1_msgs__rosidl_typesupport_fastrtps_cpp.dir/rosidl_typesupport_fastrtps_cpp/a1_msgs/msg/detail/dds_fastrtps/low_state__type_support.cpp.o[0m
[6.717s] [ 47%] [32mBuilding CXX object CMakeFiles/a1_msgs__rosidl_typesupport_cpp.dir/rosidl_typesupport_cpp/a1_msgs/srv/high_state__type_support.cpp.o[0m
[6.744s] [35m[1mScanning dependencies of target a1_msgs__rosidl_typesupport_c[0m
[6.758s] [ 47%] [32mBuilding CXX object CMakeFiles/a1_msgs__rosidl_typesupport_c.dir/rosidl_typesupport_c/a1_msgs/msg/cartesian__type_support.cpp.o[0m
[6.785s] [ 48%] [32mBuilding CXX object CMakeFiles/a1_msgs__rosidl_typesupport_c.dir/rosidl_typesupport_c/a1_msgs/msg/imu__type_support.cpp.o[0m
[6.812s] [ 49%] [32mBuilding CXX object CMakeFiles/a1_msgs__rosidl_typesupport_c.dir/rosidl_typesupport_c/a1_msgs/msg/motor_state__type_support.cpp.o[0m
[6.837s] [ 49%] [32mBuilding CXX object CMakeFiles/a1_msgs__rosidl_typesupport_c.dir/rosidl_typesupport_c/a1_msgs/msg/pose__type_support.cpp.o[0m
[6.863s] [ 50%] [32mBuilding CXX object CMakeFiles/a1_msgs__rosidl_typesupport_c.dir/rosidl_typesupport_c/a1_msgs/msg/low_cmd__type_support.cpp.o[0m
[6.892s] [ 51%] [32mBuilding CXX object CMakeFiles/a1_msgs__rosidl_typesupport_c.dir/rosidl_typesupport_c/a1_msgs/msg/high_cmd__type_support.cpp.o[0m
[6.906s] [ 52%] [32mBuilding CXX object CMakeFiles/a1_msgs__rosidl_typesupport_introspection_cpp.dir/rosidl_typesupport_introspection_cpp/a1_msgs/srv/detail/cartesian__type_support.cpp.o[0m
[6.920s] [ 53%] [32mBuilding CXX object CMakeFiles/a1_msgs__rosidl_typesupport_c.dir/rosidl_typesupport_c/a1_msgs/msg/low_state__type_support.cpp.o[0m
[6.951s] [ 53%] [32mBuilding CXX object CMakeFiles/a1_msgs__rosidl_typesupport_c.dir/rosidl_typesupport_c/a1_msgs/msg/motor_cmd__type_support.cpp.o[0m
[6.958s] [ 54%] [32mBuilding CXX object CMakeFiles/a1_msgs__rosidl_typesupport_cpp.dir/rosidl_typesupport_cpp/a1_msgs/srv/imu__type_support.cpp.o[0m
[6.977s] [ 55%] [32mBuilding CXX object CMakeFiles/a1_msgs__rosidl_typesupport_c.dir/rosidl_typesupport_c/a1_msgs/msg/led__type_support.cpp.o[0m
[7.005s] [ 56%] [32mBuilding CXX object CMakeFiles/a1_msgs__rosidl_typesupport_c.dir/rosidl_typesupport_c/a1_msgs/msg/high_state__type_support.cpp.o[0m
[7.032s] [ 56%] [32mBuilding CXX object CMakeFiles/a1_msgs__rosidl_typesupport_c.dir/rosidl_typesupport_c/a1_msgs/srv/cartesian__type_support.cpp.o[0m
[7.058s] [ 57%] [32mBuilding CXX object CMakeFiles/a1_msgs__rosidl_typesupport_fastrtps_cpp.dir/rosidl_typesupport_fastrtps_cpp/a1_msgs/msg/detail/dds_fastrtps/motor_cmd__type_support.cpp.o[0m
[7.059s] [ 58%] [32mBuilding CXX object CMakeFiles/a1_msgs__rosidl_typesupport_c.dir/rosidl_typesupport_c/a1_msgs/srv/high_state__type_support.cpp.o[0m
[7.087s] [ 59%] [32mBuilding CXX object CMakeFiles/a1_msgs__rosidl_typesupport_c.dir/rosidl_typesupport_c/a1_msgs/srv/imu__type_support.cpp.o[0m
[7.116s] [ 59%] [32mBuilding CXX object CMakeFiles/a1_msgs__rosidl_typesupport_c.dir/rosidl_typesupport_c/a1_msgs/srv/mode__type_support.cpp.o[0m
[7.144s] [ 60%] [32mBuilding CXX object CMakeFiles/a1_msgs__rosidl_typesupport_c.dir/rosidl_typesupport_c/a1_msgs/srv/low_state__type_support.cpp.o[0m
[7.156s] [ 61%] [32mBuilding CXX object CMakeFiles/a1_msgs__rosidl_typesupport_introspection_cpp.dir/rosidl_typesupport_introspection_cpp/a1_msgs/srv/detail/high_state__type_support.cpp.o[0m
[7.171s] [ 62%] [32m[1mLinking CXX shared library liba1_msgs__rosidl_typesupport_c.so[0m
[7.192s] [ 63%] [32mBuilding CXX object CMakeFiles/a1_msgs__rosidl_typesupport_cpp.dir/rosidl_typesupport_cpp/a1_msgs/srv/mode__type_support.cpp.o[0m
[7.214s] [ 63%] Built target a1_msgs__rosidl_typesupport_c
[7.222s] [ 63%] [32mBuilding CXX object CMakeFiles/a1_msgs__rosidl_typesupport_cpp.dir/rosidl_typesupport_cpp/a1_msgs/srv/low_state__type_support.cpp.o[0m
[7.412s] [ 63%] [32mBuilding CXX object CMakeFiles/a1_msgs__rosidl_typesupport_fastrtps_cpp.dir/rosidl_typesupport_fastrtps_cpp/a1_msgs/msg/detail/dds_fastrtps/led__type_support.cpp.o[0m
[7.426s] [ 63%] [32mBuilding CXX object CMakeFiles/a1_msgs__rosidl_typesupport_introspection_cpp.dir/rosidl_typesupport_introspection_cpp/a1_msgs/srv/detail/imu__type_support.cpp.o[0m
[7.431s] [ 64%] [32mBuilding CXX object CMakeFiles/a1_msgs__rosidl_typesupport_introspection_cpp.dir/rosidl_typesupport_introspection_cpp/a1_msgs/srv/detail/mode__type_support.cpp.o[0m
[7.462s] [ 65%] [32m[1mLinking CXX shared library liba1_msgs__rosidl_typesupport_cpp.so[0m
[7.504s] [ 65%] Built target a1_msgs__rosidl_typesupport_cpp
[7.512s] [ 66%] [32mBuilding CXX object CMakeFiles/a1_msgs__rosidl_typesupport_introspection_cpp.dir/rosidl_typesupport_introspection_cpp/a1_msgs/srv/detail/low_state__type_support.cpp.o[0m
[7.667s] [ 67%] [32mBuilding CXX object CMakeFiles/a1_msgs__rosidl_typesupport_fastrtps_cpp.dir/rosidl_typesupport_fastrtps_cpp/a1_msgs/msg/detail/dds_fastrtps/high_state__type_support.cpp.o[0m
[7.675s] [ 68%] [32mBuilding CXX object CMakeFiles/a1_msgs__rosidl_typesupport_fastrtps_cpp.dir/rosidl_typesupport_fastrtps_cpp/a1_msgs/srv/detail/dds_fastrtps/cartesian__type_support.cpp.o[0m
[7.760s] [ 69%] [32mBuilding CXX object CMakeFiles/a1_msgs__rosidl_typesupport_fastrtps_cpp.dir/rosidl_typesupport_fastrtps_cpp/a1_msgs/srv/detail/dds_fastrtps/high_state__type_support.cpp.o[0m
[7.779s] [ 70%] [32m[1mLinking CXX shared library liba1_msgs__rosidl_typesupport_introspection_cpp.so[0m
[7.852s] [ 70%] Built target a1_msgs__rosidl_typesupport_introspection_cpp
[7.860s] [ 70%] [32mBuilding CXX object CMakeFiles/a1_msgs__rosidl_typesupport_fastrtps_cpp.dir/rosidl_typesupport_fastrtps_cpp/a1_msgs/srv/detail/dds_fastrtps/imu__type_support.cpp.o[0m
[8.045s] [ 71%] [32mBuilding CXX object CMakeFiles/a1_msgs__rosidl_typesupport_fastrtps_cpp.dir/rosidl_typesupport_fastrtps_cpp/a1_msgs/srv/detail/dds_fastrtps/mode__type_support.cpp.o[0m
[8.047s] [ 72%] [32mBuilding CXX object CMakeFiles/a1_msgs__rosidl_typesupport_fastrtps_cpp.dir/rosidl_typesupport_fastrtps_cpp/a1_msgs/srv/detail/dds_fastrtps/low_state__type_support.cpp.o[0m
[8.409s] [ 72%] [32m[1mLinking CXX shared library liba1_msgs__rosidl_typesupport_fastrtps_cpp.so[0m
[8.486s] [ 72%] Built target a1_msgs__rosidl_typesupport_fastrtps_cpp
[8.496s] [ 73%] [34m[1mGenerating C type support for eProsima Fast-RTPS[0m
[9.885s] [35m[1mScanning dependencies of target a1_msgs__rosidl_typesupport_fastrtps_c[0m
[9.911s] [ 75%] [32mBuilding CXX object CMakeFiles/a1_msgs__rosidl_typesupport_fastrtps_c.dir/rosidl_typesupport_fastrtps_c/a1_msgs/msg/detail/pose__type_support_c.cpp.o[0m
[9.911s] [ 75%] [32mBuilding CXX object CMakeFiles/a1_msgs__rosidl_typesupport_fastrtps_c.dir/rosidl_typesupport_fastrtps_c/a1_msgs/msg/detail/cartesian__type_support_c.cpp.o[0m
[9.914s] [ 75%] [32mBuilding CXX object CMakeFiles/a1_msgs__rosidl_typesupport_fastrtps_c.dir/rosidl_typesupport_fastrtps_c/a1_msgs/msg/detail/imu__type_support_c.cpp.o[0m
[9.915s] [ 76%] [32mBuilding CXX object CMakeFiles/a1_msgs__rosidl_typesupport_fastrtps_c.dir/rosidl_typesupport_fastrtps_c/a1_msgs/msg/detail/motor_state__type_support_c.cpp.o[0m
[10.201s] [ 76%] [32mBuilding CXX object CMakeFiles/a1_msgs__rosidl_typesupport_fastrtps_c.dir/rosidl_typesupport_fastrtps_c/a1_msgs/msg/detail/low_cmd__type_support_c.cpp.o[0m
[10.205s] [ 77%] [32mBuilding CXX object CMakeFiles/a1_msgs__rosidl_typesupport_fastrtps_c.dir/rosidl_typesupport_fastrtps_c/a1_msgs/msg/detail/high_cmd__type_support_c.cpp.o[0m
[10.216s] [ 78%] [32mBuilding CXX object CMakeFiles/a1_msgs__rosidl_typesupport_fastrtps_c.dir/rosidl_typesupport_fastrtps_c/a1_msgs/msg/detail/low_state__type_support_c.cpp.o[0m
[10.224s] [ 78%] [32mBuilding CXX object CMakeFiles/a1_msgs__rosidl_typesupport_fastrtps_c.dir/rosidl_typesupport_fastrtps_c/a1_msgs/msg/detail/motor_cmd__type_support_c.cpp.o[0m
[10.500s] [ 79%] [32mBuilding CXX object CMakeFiles/a1_msgs__rosidl_typesupport_fastrtps_c.dir/rosidl_typesupport_fastrtps_c/a1_msgs/msg/detail/led__type_support_c.cpp.o[0m
[10.506s] [ 80%] [32mBuilding CXX object CMakeFiles/a1_msgs__rosidl_typesupport_fastrtps_c.dir/rosidl_typesupport_fastrtps_c/a1_msgs/msg/detail/high_state__type_support_c.cpp.o[0m
[10.513s] [ 81%] [32mBuilding CXX object CMakeFiles/a1_msgs__rosidl_typesupport_fastrtps_c.dir/rosidl_typesupport_fastrtps_c/a1_msgs/srv/detail/cartesian__type_support_c.cpp.o[0m
[10.516s] [ 81%] [32mBuilding CXX object CMakeFiles/a1_msgs__rosidl_typesupport_fastrtps_c.dir/rosidl_typesupport_fastrtps_c/a1_msgs/srv/detail/high_state__type_support_c.cpp.o[0m
[10.791s] [ 82%] [32mBuilding CXX object CMakeFiles/a1_msgs__rosidl_typesupport_fastrtps_c.dir/rosidl_typesupport_fastrtps_c/a1_msgs/srv/detail/imu__type_support_c.cpp.o[0m
[10.808s] [ 83%] [32mBuilding CXX object CMakeFiles/a1_msgs__rosidl_typesupport_fastrtps_c.dir/rosidl_typesupport_fastrtps_c/a1_msgs/srv/detail/mode__type_support_c.cpp.o[0m
[10.819s] [ 83%] [32mBuilding CXX object CMakeFiles/a1_msgs__rosidl_typesupport_fastrtps_c.dir/rosidl_typesupport_fastrtps_c/a1_msgs/srv/detail/low_state__type_support_c.cpp.o[0m
[11.129s] [ 84%] [32m[1mLinking CXX shared library liba1_msgs__rosidl_typesupport_fastrtps_c.so[0m
[11.206s] [ 84%] Built target a1_msgs__rosidl_typesupport_fastrtps_c
[11.215s] [35m[1mScanning dependencies of target a1_msgs[0m
[11.224s] [ 84%] Built target a1_msgs
[11.234s] [35m[1mScanning dependencies of target a1_msgs__py[0m
[11.243s] [ 85%] [34m[1mGenerating Python code for ROS interfaces[0m
[14.188s] [ 85%] Built target a1_msgs__py
[14.198s] [35m[1mScanning dependencies of target a1_msgs__python[0m
[14.278s] [ 87%] [32mBuilding C object CMakeFiles/a1_msgs__python.dir/rosidl_generator_py/a1_msgs/msg/_motor_state_s.c.o[0m
[14.278s] [ 87%] [32mBuilding C object CMakeFiles/a1_msgs__python.dir/rosidl_generator_py/a1_msgs/msg/_cartesian_s.c.o[0m
[14.280s] [ 87%] [32mBuilding C object CMakeFiles/a1_msgs__python.dir/rosidl_generator_py/a1_msgs/msg/_imu_s.c.o[0m
[14.281s] [ 88%] [32mBuilding C object CMakeFiles/a1_msgs__python.dir/rosidl_generator_py/a1_msgs/msg/_pose_s.c.o[0m
[14.361s] [ 88%] [32mBuilding C object CMakeFiles/a1_msgs__python.dir/rosidl_generator_py/a1_msgs/msg/_low_cmd_s.c.o[0m
[14.373s] [ 89%] [32mBuilding C object CMakeFiles/a1_msgs__python.dir/rosidl_generator_py/a1_msgs/msg/_high_cmd_s.c.o[0m
[14.379s] [ 90%] [32mBuilding C object CMakeFiles/a1_msgs__python.dir/rosidl_generator_py/a1_msgs/msg/_low_state_s.c.o[0m
[14.384s] [ 90%] [32mBuilding C object CMakeFiles/a1_msgs__python.dir/rosidl_generator_py/a1_msgs/msg/_motor_cmd_s.c.o[0m
[14.448s] [ 91%] [32mBuilding C object CMakeFiles/a1_msgs__python.dir/rosidl_generator_py/a1_msgs/msg/_led_s.c.o[0m
[14.461s] [ 93%] [32mBuilding C object CMakeFiles/a1_msgs__python.dir/rosidl_generator_py/a1_msgs/msg/_high_state_s.c.o[0m
[14.461s] [ 93%] [32mBuilding C object CMakeFiles/a1_msgs__python.dir/rosidl_generator_py/a1_msgs/srv/_cartesian_s.c.o[0m
[14.473s] [ 93%] [32mBuilding C object CMakeFiles/a1_msgs__python.dir/rosidl_generator_py/a1_msgs/srv/_high_state_s.c.o[0m
[14.520s] [ 94%] [32mBuilding C object CMakeFiles/a1_msgs__python.dir/rosidl_generator_py/a1_msgs/srv/_imu_s.c.o[0m
[14.541s] [ 95%] [32mBuilding C object CMakeFiles/a1_msgs__python.dir/rosidl_generator_py/a1_msgs/srv/_mode_s.c.o[0m
[14.562s] [ 95%] [32mBuilding C object CMakeFiles/a1_msgs__python.dir/rosidl_generator_py/a1_msgs/srv/_low_state_s.c.o[0m
[14.653s] [ 96%] [32m[1mLinking C shared library rosidl_generator_py/a1_msgs/liba1_msgs__python.so[0m
[14.692s] [ 96%] Built target a1_msgs__python
[14.701s] [35m[1mScanning dependencies of target a1_msgs__rosidl_typesupport_introspection_c__pyext[0m
[14.701s] [35m[1mScanning dependencies of target a1_msgs__rosidl_typesupport_fastrtps_c__pyext[0m
[14.702s] [35m[1mScanning dependencies of target a1_msgs__rosidl_typesupport_c__pyext[0m
[14.718s] [ 97%] [32mBuilding C object CMakeFiles/a1_msgs__rosidl_typesupport_c__pyext.dir/rosidl_generator_py/a1_msgs/_a1_msgs_s.ep.rosidl_typesupport_c.c.o[0m
[14.721s] [ 99%] [32mBuilding C object CMakeFiles/a1_msgs__rosidl_typesupport_fastrtps_c__pyext.dir/rosidl_generator_py/a1_msgs/_a1_msgs_s.ep.rosidl_typesupport_fastrtps_c.c.o[0m
[14.721s] [ 99%] [32mBuilding C object CMakeFiles/a1_msgs__rosidl_typesupport_introspection_c__pyext.dir/rosidl_generator_py/a1_msgs/_a1_msgs_s.ep.rosidl_typesupport_introspection_c.c.o[0m
[14.833s] [ 99%] [32m[1mLinking C shared library rosidl_generator_py/a1_msgs/a1_msgs_s__rosidl_typesupport_c.cpython-38-x86_64-linux-gnu.so[0m
[14.836s] [100%] [32m[1mLinking C shared library rosidl_generator_py/a1_msgs/a1_msgs_s__rosidl_typesupport_introspection_c.cpython-38-x86_64-linux-gnu.so[0m
[14.837s] [100%] [32m[1mLinking CXX shared library rosidl_generator_py/a1_msgs/a1_msgs_s__rosidl_typesupport_fastrtps_c.cpython-38-x86_64-linux-gnu.so[0m
[14.865s] [100%] Built target a1_msgs__rosidl_typesupport_c__pyext
[14.867s] [100%] Built target a1_msgs__rosidl_typesupport_introspection_c__pyext
[14.895s] [100%] Built target a1_msgs__rosidl_typesupport_fastrtps_c__pyext
[14.907s] Invoked command in '/root/try/a1_ros2_simulation/build/a1_msgs' returned '0': CMAKE_PREFIX_PATH=/opt/ros/foxy /usr/bin/cmake --build /root/try/a1_ros2_simulation/build/a1_msgs -- -j4 -l4
[15.144s] Invoking command in '/root/try/a1_ros2_simulation/build/a1_msgs': CMAKE_PREFIX_PATH=/opt/ros/foxy /usr/bin/cmake --install /root/try/a1_ros2_simulation/build/a1_msgs
[15.151s] -- Install configuration: ""
[15.152s] -- Installing: /root/try/a1_ros2_simulation/install/a1_msgs/share/ament_index/resource_index/rosidl_interfaces/a1_msgs
[15.152s] -- Installing: /root/try/a1_ros2_simulation/install/a1_msgs/include/a1_msgs
[15.152s] -- Installing: /root/try/a1_ros2_simulation/install/a1_msgs/include/a1_msgs/msg
[15.152s] -- Installing: /root/try/a1_ros2_simulation/install/a1_msgs/include/a1_msgs/msg/high_cmd.h
[15.152s] -- Installing: /root/try/a1_ros2_simulation/install/a1_msgs/include/a1_msgs/msg/rosidl_generator_c__visibility_control.h
[15.152s] -- Installing: /root/try/a1_ros2_simulation/install/a1_msgs/include/a1_msgs/msg/cartesian.h
[15.152s] -- Installing: /root/try/a1_ros2_simulation/install/a1_msgs/include/a1_msgs/msg/motor_state.h
[15.152s] -- Installing: /root/try/a1_ros2_simulation/install/a1_msgs/include/a1_msgs/msg/high_state.h
[15.153s] -- Installing: /root/try/a1_ros2_simulation/install/a1_msgs/include/a1_msgs/msg/low_state.h
[15.153s] -- Installing: /root/try/a1_ros2_simulation/install/a1_msgs/include/a1_msgs/msg/motor_cmd.h
[15.153s] -- Installing: /root/try/a1_ros2_simulation/install/a1_msgs/include/a1_msgs/msg/detail
[15.153s] -- Installing: /root/try/a1_ros2_simulation/install/a1_msgs/include/a1_msgs/msg/detail/motor_cmd__functions.h
[15.153s] -- Installing: /root/try/a1_ros2_simulation/install/a1_msgs/include/a1_msgs/msg/detail/low_state__struct.h
[15.153s] -- Installing: /root/try/a1_ros2_simulation/install/a1_msgs/include/a1_msgs/msg/detail/low_cmd__struct.h
[15.153s] -- Installing: /root/try/a1_ros2_simulation/install/a1_msgs/include/a1_msgs/msg/detail/led__functions.h
[15.153s] -- Installing: /root/try/a1_ros2_simulation/install/a1_msgs/include/a1_msgs/msg/detail/pose__struct.h
[15.153s] -- Installing: /root/try/a1_ros2_simulation/install/a1_msgs/include/a1_msgs/msg/detail/led__functions.c
[15.153s] -- Installing: /root/try/a1_ros2_simulation/install/a1_msgs/include/a1_msgs/msg/detail/low_cmd__functions.c
[15.153s] -- Installing: /root/try/a1_ros2_simulation/install/a1_msgs/include/a1_msgs/msg/detail/low_state__functions.c
[15.153s] -- Installing: /root/try/a1_ros2_simulation/install/a1_msgs/include/a1_msgs/msg/detail/cartesian__functions.h
[15.154s] -- Installing: /root/try/a1_ros2_simulation/install/a1_msgs/include/a1_msgs/msg/detail/low_state__functions.h
[15.154s] -- Installing: /root/try/a1_ros2_simulation/install/a1_msgs/include/a1_msgs/msg/detail/cartesian__functions.c
[15.154s] -- Installing: /root/try/a1_ros2_simulation/install/a1_msgs/include/a1_msgs/msg/detail/pose__functions.h
[15.154s] -- Installing: /root/try/a1_ros2_simulation/install/a1_msgs/include/a1_msgs/msg/detail/high_cmd__type_support.h
[15.154s] -- Installing: /root/try/a1_ros2_simulation/install/a1_msgs/include/a1_msgs/msg/detail/led__type_support.h
[15.154s] -- Installing: /root/try/a1_ros2_simulation/install/a1_msgs/include/a1_msgs/msg/detail/low_cmd__functions.h
[15.154s] -- Installing: /root/try/a1_ros2_simulation/install/a1_msgs/include/a1_msgs/msg/detail/high_state__type_support.h
[15.154s] -- Installing: /root/try/a1_ros2_simulation/install/a1_msgs/include/a1_msgs/msg/detail/cartesian__type_support.h
[15.154s] -- Installing: /root/try/a1_ros2_simulation/install/a1_msgs/include/a1_msgs/msg/detail/high_cmd__struct.h
[15.154s] -- Installing: /root/try/a1_ros2_simulation/install/a1_msgs/include/a1_msgs/msg/detail/high_state__functions.c
[15.154s] -- Installing: /root/try/a1_ros2_simulation/install/a1_msgs/include/a1_msgs/msg/detail/high_state__functions.h
[15.154s] -- Installing: /root/try/a1_ros2_simulation/install/a1_msgs/include/a1_msgs/msg/detail/pose__functions.c
[15.155s] -- Installing: /root/try/a1_ros2_simulation/install/a1_msgs/include/a1_msgs/msg/detail/high_cmd__functions.c
[15.155s] -- Installing: /root/try/a1_ros2_simulation/install/a1_msgs/include/a1_msgs/msg/detail/low_state__type_support.h
[15.155s] -- Installing: /root/try/a1_ros2_simulation/install/a1_msgs/include/a1_msgs/msg/detail/imu__functions.h
[15.155s] -- Installing: /root/try/a1_ros2_simulation/install/a1_msgs/include/a1_msgs/msg/detail/cartesian__struct.h
[15.155s] -- Installing: /root/try/a1_ros2_simulation/install/a1_msgs/include/a1_msgs/msg/detail/motor_state__functions.c
[15.155s] -- Installing: /root/try/a1_ros2_simulation/install/a1_msgs/include/a1_msgs/msg/detail/motor_state__functions.h
[15.155s] -- Installing: /root/try/a1_ros2_simulation/install/a1_msgs/include/a1_msgs/msg/detail/motor_cmd__functions.c
[15.155s] -- Installing: /root/try/a1_ros2_simulation/install/a1_msgs/include/a1_msgs/msg/detail/motor_state__type_support.h
[15.155s] -- Installing: /root/try/a1_ros2_simulation/install/a1_msgs/include/a1_msgs/msg/detail/motor_state__struct.h
[15.155s] -- Installing: /root/try/a1_ros2_simulation/install/a1_msgs/include/a1_msgs/msg/detail/led__struct.h
[15.155s] -- Installing: /root/try/a1_ros2_simulation/install/a1_msgs/include/a1_msgs/msg/detail/imu__struct.h
[15.155s] -- Installing: /root/try/a1_ros2_simulation/install/a1_msgs/include/a1_msgs/msg/detail/motor_cmd__type_support.h
[15.156s] -- Installing: /root/try/a1_ros2_simulation/install/a1_msgs/include/a1_msgs/msg/detail/high_cmd__functions.h
[15.156s] -- Installing: /root/try/a1_ros2_simulation/install/a1_msgs/include/a1_msgs/msg/detail/imu__functions.c
[15.156s] -- Installing: /root/try/a1_ros2_simulation/install/a1_msgs/include/a1_msgs/msg/detail/pose__type_support.h
[15.156s] -- Installing: /root/try/a1_ros2_simulation/install/a1_msgs/include/a1_msgs/msg/detail/imu__type_support.h
[15.156s] -- Installing: /root/try/a1_ros2_simulation/install/a1_msgs/include/a1_msgs/msg/detail/low_cmd__type_support.h
[15.156s] -- Installing: /root/try/a1_ros2_simulation/install/a1_msgs/include/a1_msgs/msg/detail/high_state__struct.h
[15.156s] -- Installing: /root/try/a1_ros2_simulation/install/a1_msgs/include/a1_msgs/msg/detail/motor_cmd__struct.h
[15.156s] -- Installing: /root/try/a1_ros2_simulation/install/a1_msgs/include/a1_msgs/msg/low_cmd.h
[15.156s] -- Installing: /root/try/a1_ros2_simulation/install/a1_msgs/include/a1_msgs/msg/led.h
[15.156s] -- Installing: /root/try/a1_ros2_simulation/install/a1_msgs/include/a1_msgs/msg/imu.h
[15.156s] -- Installing: /root/try/a1_ros2_simulation/install/a1_msgs/include/a1_msgs/msg/pose.h
[15.157s] -- Installing: /root/try/a1_ros2_simulation/install/a1_msgs/include/a1_msgs/srv
[15.157s] -- Installing: /root/try/a1_ros2_simulation/install/a1_msgs/include/a1_msgs/srv/cartesian.h
[15.157s] -- Installing: /root/try/a1_ros2_simulation/install/a1_msgs/include/a1_msgs/srv/mode.h
[15.157s] -- Installing: /root/try/a1_ros2_simulation/install/a1_msgs/include/a1_msgs/srv/high_state.h
[15.157s] -- Installing: /root/try/a1_ros2_simulation/install/a1_msgs/include/a1_msgs/srv/low_state.h
[15.157s] -- Installing: /root/try/a1_ros2_simulation/install/a1_msgs/include/a1_msgs/srv/detail
[15.157s] -- Installing: /root/try/a1_ros2_simulation/install/a1_msgs/include/a1_msgs/srv/detail/low_state__struct.h
[15.157s] -- Installing: /root/try/a1_ros2_simulation/install/a1_msgs/include/a1_msgs/srv/detail/mode__functions.h
[15.157s] -- Installing: /root/try/a1_ros2_simulation/install/a1_msgs/include/a1_msgs/srv/detail/mode__functions.c
[15.157s] -- Installing: /root/try/a1_ros2_simulation/install/a1_msgs/include/a1_msgs/srv/detail/low_state__functions.c
[15.157s] -- Installing: /root/try/a1_ros2_simulation/install/a1_msgs/include/a1_msgs/srv/detail/cartesian__functions.h
[15.158s] -- Installing: /root/try/a1_ros2_simulation/install/a1_msgs/include/a1_msgs/srv/detail/low_state__functions.h
[15.158s] -- Installing: /root/try/a1_ros2_simulation/install/a1_msgs/include/a1_msgs/srv/detail/cartesian__functions.c
[15.158s] -- Installing: /root/try/a1_ros2_simulation/install/a1_msgs/include/a1_msgs/srv/detail/high_state__type_support.h
[15.158s] -- Installing: /root/try/a1_ros2_simulation/install/a1_msgs/include/a1_msgs/srv/detail/cartesian__type_support.h
[15.158s] -- Installing: /root/try/a1_ros2_simulation/install/a1_msgs/include/a1_msgs/srv/detail/high_state__functions.c
[15.158s] -- Installing: /root/try/a1_ros2_simulation/install/a1_msgs/include/a1_msgs/srv/detail/high_state__functions.h
[15.158s] -- Installing: /root/try/a1_ros2_simulation/install/a1_msgs/include/a1_msgs/srv/detail/low_state__type_support.h
[15.158s] -- Installing: /root/try/a1_ros2_simulation/install/a1_msgs/include/a1_msgs/srv/detail/imu__functions.h
[15.158s] -- Installing: /root/try/a1_ros2_simulation/install/a1_msgs/include/a1_msgs/srv/detail/cartesian__struct.h
[15.158s] -- Installing: /root/try/a1_ros2_simulation/install/a1_msgs/include/a1_msgs/srv/detail/mode__type_support.h
[15.158s] -- Installing: /root/try/a1_ros2_simulation/install/a1_msgs/include/a1_msgs/srv/detail/mode__struct.h
[15.158s] -- Installing: /root/try/a1_ros2_simulation/install/a1_msgs/include/a1_msgs/srv/detail/imu__struct.h
[15.158s] -- Installing: /root/try/a1_ros2_simulation/install/a1_msgs/include/a1_msgs/srv/detail/imu__functions.c
[15.158s] -- Installing: /root/try/a1_ros2_simulation/install/a1_msgs/include/a1_msgs/srv/detail/imu__type_support.h
[15.159s] -- Installing: /root/try/a1_ros2_simulation/install/a1_msgs/include/a1_msgs/srv/detail/high_state__struct.h
[15.159s] -- Installing: /root/try/a1_ros2_simulation/install/a1_msgs/include/a1_msgs/srv/imu.h
[15.159s] -- Installing: /root/try/a1_ros2_simulation/install/a1_msgs/share/a1_msgs/environment/library_path.sh
[15.159s] -- Installing: /root/try/a1_ros2_simulation/install/a1_msgs/share/a1_msgs/environment/library_path.dsv
[15.159s] -- Installing: /root/try/a1_ros2_simulation/install/a1_msgs/lib/liba1_msgs__rosidl_generator_c.so
[15.159s] -- Set runtime path of "/root/try/a1_ros2_simulation/install/a1_msgs/lib/liba1_msgs__rosidl_generator_c.so" to ""
[15.159s] -- Up-to-date: /root/try/a1_ros2_simulation/install/a1_msgs/include/a1_msgs
[15.159s] -- Up-to-date: /root/try/a1_ros2_simulation/install/a1_msgs/include/a1_msgs/msg
[15.159s] -- Installing: /root/try/a1_ros2_simulation/install/a1_msgs/include/a1_msgs/msg/rosidl_typesupport_fastrtps_c__visibility_control.h
[15.159s] -- Up-to-date: /root/try/a1_ros2_simulation/install/a1_msgs/include/a1_msgs/msg/detail
[15.160s] -- Installing: /root/try/a1_ros2_simulation/install/a1_msgs/include/a1_msgs/msg/detail/low_state__rosidl_typesupport_fastrtps_c.h
[15.160s] -- Installing: /root/try/a1_ros2_simulation/install/a1_msgs/include/a1_msgs/msg/detail/pose__rosidl_typesupport_fastrtps_c.h
[15.160s] -- Installing: /root/try/a1_ros2_simulation/install/a1_msgs/include/a1_msgs/msg/detail/motor_state__rosidl_typesupport_fastrtps_c.h
[15.160s] -- Installing: /root/try/a1_ros2_simulation/install/a1_msgs/include/a1_msgs/msg/detail/low_cmd__rosidl_typesupport_fastrtps_c.h
[15.160s] -- Installing: /root/try/a1_ros2_simulation/install/a1_msgs/include/a1_msgs/msg/detail/high_cmd__rosidl_typesupport_fastrtps_c.h
[15.160s] -- Installing: /root/try/a1_ros2_simulation/install/a1_msgs/include/a1_msgs/msg/detail/high_state__rosidl_typesupport_fastrtps_c.h
[15.160s] -- Installing: /root/try/a1_ros2_simulation/install/a1_msgs/include/a1_msgs/msg/detail/motor_cmd__rosidl_typesupport_fastrtps_c.h
[15.160s] -- Installing: /root/try/a1_ros2_simulation/install/a1_msgs/include/a1_msgs/msg/detail/led__rosidl_typesupport_fastrtps_c.h
[15.160s] -- Installing: /root/try/a1_ros2_simulation/install/a1_msgs/include/a1_msgs/msg/detail/cartesian__rosidl_typesupport_fastrtps_c.h
[15.160s] -- Installing: /root/try/a1_ros2_simulation/install/a1_msgs/include/a1_msgs/msg/detail/imu__rosidl_typesupport_fastrtps_c.h
[15.160s] -- Up-to-date: /root/try/a1_ros2_simulation/install/a1_msgs/include/a1_msgs/srv
[15.160s] -- Up-to-date: /root/try/a1_ros2_simulation/install/a1_msgs/include/a1_msgs/srv/detail
[15.161s] -- Installing: /root/try/a1_ros2_simulation/install/a1_msgs/include/a1_msgs/srv/detail/low_state__rosidl_typesupport_fastrtps_c.h
[15.161s] -- Installing: /root/try/a1_ros2_simulation/install/a1_msgs/include/a1_msgs/srv/detail/mode__rosidl_typesupport_fastrtps_c.h
[15.161s] -- Installing: /root/try/a1_ros2_simulation/install/a1_msgs/include/a1_msgs/srv/detail/high_state__rosidl_typesupport_fastrtps_c.h
[15.161s] -- Installing: /root/try/a1_ros2_simulation/install/a1_msgs/include/a1_msgs/srv/detail/cartesian__rosidl_typesupport_fastrtps_c.h
[15.161s] -- Installing: /root/try/a1_ros2_simulation/install/a1_msgs/include/a1_msgs/srv/detail/imu__rosidl_typesupport_fastrtps_c.h
[15.161s] -- Installing: /root/try/a1_ros2_simulation/install/a1_msgs/lib/liba1_msgs__rosidl_typesupport_fastrtps_c.so
[15.161s] -- Set runtime path of "/root/try/a1_ros2_simulation/install/a1_msgs/lib/liba1_msgs__rosidl_typesupport_fastrtps_c.so" to ""
[15.161s] -- Up-to-date: /root/try/a1_ros2_simulation/install/a1_msgs/include/a1_msgs
[15.161s] -- Up-to-date: /root/try/a1_ros2_simulation/install/a1_msgs/include/a1_msgs/msg
[15.161s] -- Installing: /root/try/a1_ros2_simulation/install/a1_msgs/include/a1_msgs/msg/rosidl_typesupport_fastrtps_cpp__visibility_control.h
[15.162s] -- Up-to-date: /root/try/a1_ros2_simulation/install/a1_msgs/include/a1_msgs/msg/detail
[15.162s] -- Installing: /root/try/a1_ros2_simulation/install/a1_msgs/include/a1_msgs/msg/detail/imu__rosidl_typesupport_fastrtps_cpp.hpp
[15.162s] -- Installing: /root/try/a1_ros2_simulation/install/a1_msgs/include/a1_msgs/msg/detail/low_cmd__rosidl_typesupport_fastrtps_cpp.hpp
[15.162s] -- Installing: /root/try/a1_ros2_simulation/install/a1_msgs/include/a1_msgs/msg/detail/motor_cmd__rosidl_typesupport_fastrtps_cpp.hpp
[15.162s] -- Installing: /root/try/a1_ros2_simulation/install/a1_msgs/include/a1_msgs/msg/detail/dds_fastrtps
[15.162s] -- Installing: /root/try/a1_ros2_simulation/install/a1_msgs/include/a1_msgs/msg/detail/motor_state__rosidl_typesupport_fastrtps_cpp.hpp
[15.162s] -- Installing: /root/try/a1_ros2_simulation/install/a1_msgs/include/a1_msgs/msg/detail/cartesian__rosidl_typesupport_fastrtps_cpp.hpp
[15.162s] -- Installing: /root/try/a1_ros2_simulation/install/a1_msgs/include/a1_msgs/msg/detail/high_cmd__rosidl_typesupport_fastrtps_cpp.hpp
[15.162s] -- Installing: /root/try/a1_ros2_simulation/install/a1_msgs/include/a1_msgs/msg/detail/low_state__rosidl_typesupport_fastrtps_cpp.hpp
[15.162s] -- Installing: /root/try/a1_ros2_simulation/install/a1_msgs/include/a1_msgs/msg/detail/pose__rosidl_typesupport_fastrtps_cpp.hpp
[15.162s] -- Installing: /root/try/a1_ros2_simulation/install/a1_msgs/include/a1_msgs/msg/detail/high_state__rosidl_typesupport_fastrtps_cpp.hpp
[15.162s] -- Installing: /root/try/a1_ros2_simulation/install/a1_msgs/include/a1_msgs/msg/detail/led__rosidl_typesupport_fastrtps_cpp.hpp
[15.162s] -- Up-to-date: /root/try/a1_ros2_simulation/install/a1_msgs/include/a1_msgs/srv
[15.162s] -- Up-to-date: /root/try/a1_ros2_simulation/install/a1_msgs/include/a1_msgs/srv/detail
[15.163s] -- Installing: /root/try/a1_ros2_simulation/install/a1_msgs/include/a1_msgs/srv/detail/imu__rosidl_typesupport_fastrtps_cpp.hpp
[15.163s] -- Installing: /root/try/a1_ros2_simulation/install/a1_msgs/include/a1_msgs/srv/detail/mode__rosidl_typesupport_fastrtps_cpp.hpp
[15.163s] -- Installing: /root/try/a1_ros2_simulation/install/a1_msgs/include/a1_msgs/srv/detail/dds_fastrtps
[15.163s] -- Installing: /root/try/a1_ros2_simulation/install/a1_msgs/include/a1_msgs/srv/detail/cartesian__rosidl_typesupport_fastrtps_cpp.hpp
[15.163s] -- Installing: /root/try/a1_ros2_simulation/install/a1_msgs/include/a1_msgs/srv/detail/low_state__rosidl_typesupport_fastrtps_cpp.hpp
[15.163s] -- Installing: /root/try/a1_ros2_simulation/install/a1_msgs/include/a1_msgs/srv/detail/high_state__rosidl_typesupport_fastrtps_cpp.hpp
[15.163s] -- Installing: /root/try/a1_ros2_simulation/install/a1_msgs/lib/liba1_msgs__rosidl_typesupport_fastrtps_cpp.so
[15.163s] -- Set runtime path of "/root/try/a1_ros2_simulation/install/a1_msgs/lib/liba1_msgs__rosidl_typesupport_fastrtps_cpp.so" to ""
[15.163s] -- Up-to-date: /root/try/a1_ros2_simulation/install/a1_msgs/include/a1_msgs
[15.163s] -- Up-to-date: /root/try/a1_ros2_simulation/install/a1_msgs/include/a1_msgs/msg
[15.164s] -- Up-to-date: /root/try/a1_ros2_simulation/install/a1_msgs/include/a1_msgs/msg/detail
[15.164s] -- Installing: /root/try/a1_ros2_simulation/install/a1_msgs/include/a1_msgs/msg/detail/motor_cmd__rosidl_typesupport_introspection_c.h
[15.164s] -- Installing: /root/try/a1_ros2_simulation/install/a1_msgs/include/a1_msgs/msg/detail/motor_state__rosidl_typesupport_introspection_c.h
[15.164s] -- Installing: /root/try/a1_ros2_simulation/install/a1_msgs/include/a1_msgs/msg/detail/cartesian__type_support.c
[15.164s] -- Installing: /root/try/a1_ros2_simulation/install/a1_msgs/include/a1_msgs/msg/detail/high_cmd__type_support.c
[15.164s] -- Installing: /root/try/a1_ros2_simulation/install/a1_msgs/include/a1_msgs/msg/detail/pose__rosidl_typesupport_introspection_c.h
[15.164s] -- Installing: /root/try/a1_ros2_simulation/install/a1_msgs/include/a1_msgs/msg/detail/high_state__type_support.c
[15.164s] -- Installing: /root/try/a1_ros2_simulation/install/a1_msgs/include/a1_msgs/msg/detail/high_state__rosidl_typesupport_introspection_c.h
[15.164s] -- Installing: /root/try/a1_ros2_simulation/install/a1_msgs/include/a1_msgs/msg/detail/cartesian__rosidl_typesupport_introspection_c.h
[15.164s] -- Installing: /root/try/a1_ros2_simulation/install/a1_msgs/include/a1_msgs/msg/detail/high_cmd__rosidl_typesupport_introspection_c.h
[15.164s] -- Installing: /root/try/a1_ros2_simulation/install/a1_msgs/include/a1_msgs/msg/detail/imu__type_support.c
[15.165s] -- Installing: /root/try/a1_ros2_simulation/install/a1_msgs/include/a1_msgs/msg/detail/motor_cmd__type_support.c
[15.165s] -- Installing: /root/try/a1_ros2_simulation/install/a1_msgs/include/a1_msgs/msg/detail/low_cmd__rosidl_typesupport_introspection_c.h
[15.165s] -- Installing: /root/try/a1_ros2_simulation/install/a1_msgs/include/a1_msgs/msg/detail/low_state__type_support.c
[15.165s] -- Installing: /root/try/a1_ros2_simulation/install/a1_msgs/include/a1_msgs/msg/detail/led__rosidl_typesupport_introspection_c.h
[15.165s] -- Installing: /root/try/a1_ros2_simulation/install/a1_msgs/include/a1_msgs/msg/detail/low_cmd__type_support.c
[15.165s] -- Installing: /root/try/a1_ros2_simulation/install/a1_msgs/include/a1_msgs/msg/detail/low_state__rosidl_typesupport_introspection_c.h
[15.165s] -- Installing: /root/try/a1_ros2_simulation/install/a1_msgs/include/a1_msgs/msg/detail/pose__type_support.c
[15.165s] -- Installing: /root/try/a1_ros2_simulation/install/a1_msgs/include/a1_msgs/msg/detail/led__type_support.c
[15.165s] -- Installing: /root/try/a1_ros2_simulation/install/a1_msgs/include/a1_msgs/msg/detail/imu__rosidl_typesupport_introspection_c.h
[15.165s] -- Installing: /root/try/a1_ros2_simulation/install/a1_msgs/include/a1_msgs/msg/detail/motor_state__type_support.c
[15.165s] -- Installing: /root/try/a1_ros2_simulation/install/a1_msgs/include/a1_msgs/msg/rosidl_typesupport_introspection_c__visibility_control.h
[15.165s] -- Up-to-date: /root/try/a1_ros2_simulation/install/a1_msgs/include/a1_msgs/srv
[15.165s] -- Up-to-date: /root/try/a1_ros2_simulation/install/a1_msgs/include/a1_msgs/srv/detail
[15.165s] -- Installing: /root/try/a1_ros2_simulation/install/a1_msgs/include/a1_msgs/srv/detail/cartesian__type_support.c
[15.165s] -- Installing: /root/try/a1_ros2_simulation/install/a1_msgs/include/a1_msgs/srv/detail/mode__type_support.c
[15.166s] -- Installing: /root/try/a1_ros2_simulation/install/a1_msgs/include/a1_msgs/srv/detail/high_state__type_support.c
[15.166s] -- Installing: /root/try/a1_ros2_simulation/install/a1_msgs/include/a1_msgs/srv/detail/high_state__rosidl_typesupport_introspection_c.h
[15.166s] -- Installing: /root/try/a1_ros2_simulation/install/a1_msgs/include/a1_msgs/srv/detail/cartesian__rosidl_typesupport_introspection_c.h
[15.166s] -- Installing: /root/try/a1_ros2_simulation/install/a1_msgs/include/a1_msgs/srv/detail/imu__type_support.c
[15.166s] -- Installing: /root/try/a1_ros2_simulation/install/a1_msgs/include/a1_msgs/srv/detail/mode__rosidl_typesupport_introspection_c.h
[15.166s] -- Installing: /root/try/a1_ros2_simulation/install/a1_msgs/include/a1_msgs/srv/detail/low_state__type_support.c
[15.166s] -- Installing: /root/try/a1_ros2_simulation/install/a1_msgs/include/a1_msgs/srv/detail/low_state__rosidl_typesupport_introspection_c.h
[15.166s] -- Installing: /root/try/a1_ros2_simulation/install/a1_msgs/include/a1_msgs/srv/detail/imu__rosidl_typesupport_introspection_c.h
[15.166s] -- Installing: /root/try/a1_ros2_simulation/install/a1_msgs/lib/liba1_msgs__rosidl_typesupport_introspection_c.so
[15.166s] -- Set runtime path of "/root/try/a1_ros2_simulation/install/a1_msgs/lib/liba1_msgs__rosidl_typesupport_introspection_c.so" to ""
[15.166s] -- Installing: /root/try/a1_ros2_simulation/install/a1_msgs/lib/liba1_msgs__rosidl_typesupport_c.so
[15.167s] -- Set runtime path of "/root/try/a1_ros2_simulation/install/a1_msgs/lib/liba1_msgs__rosidl_typesupport_c.so" to ""
[15.167s] -- Up-to-date: /root/try/a1_ros2_simulation/install/a1_msgs/include/a1_msgs
[15.167s] -- Up-to-date: /root/try/a1_ros2_simulation/install/a1_msgs/include/a1_msgs/msg
[15.167s] -- Installing: /root/try/a1_ros2_simulation/install/a1_msgs/include/a1_msgs/msg/low_state.hpp
[15.167s] -- Installing: /root/try/a1_ros2_simulation/install/a1_msgs/include/a1_msgs/msg/motor_state.hpp
[15.167s] -- Installing: /root/try/a1_ros2_simulation/install/a1_msgs/include/a1_msgs/msg/high_cmd.hpp
[15.167s] -- Installing: /root/try/a1_ros2_simulation/install/a1_msgs/include/a1_msgs/msg/imu.hpp
[15.167s] -- Installing: /root/try/a1_ros2_simulation/install/a1_msgs/include/a1_msgs/msg/pose.hpp
[15.167s] -- Installing: /root/try/a1_ros2_simulation/install/a1_msgs/include/a1_msgs/msg/led.hpp
[15.167s] -- Installing: /root/try/a1_ros2_simulation/install/a1_msgs/include/a1_msgs/msg/low_cmd.hpp
[15.168s] -- Up-to-date: /root/try/a1_ros2_simulation/install/a1_msgs/include/a1_msgs/msg/detail
[15.168s] -- Installing: /root/try/a1_ros2_simulation/install/a1_msgs/include/a1_msgs/msg/detail/high_cmd__traits.hpp
[15.168s] -- Installing: /root/try/a1_ros2_simulation/install/a1_msgs/include/a1_msgs/msg/detail/low_cmd__builder.hpp
[15.168s] -- Installing: /root/try/a1_ros2_simulation/install/a1_msgs/include/a1_msgs/msg/detail/low_cmd__struct.hpp
[15.168s] -- Installing: /root/try/a1_ros2_simulation/install/a1_msgs/include/a1_msgs/msg/detail/motor_state__builder.hpp
[15.168s] -- Installing: /root/try/a1_ros2_simulation/install/a1_msgs/include/a1_msgs/msg/detail/motor_cmd__traits.hpp
[15.168s] -- Installing: /root/try/a1_ros2_simulation/install/a1_msgs/include/a1_msgs/msg/detail/cartesian__traits.hpp
[15.168s] -- Installing: /root/try/a1_ros2_simulation/install/a1_msgs/include/a1_msgs/msg/detail/high_cmd__struct.hpp
[15.168s] -- Installing: /root/try/a1_ros2_simulation/install/a1_msgs/include/a1_msgs/msg/detail/low_state__traits.hpp
[15.168s] -- Installing: /root/try/a1_ros2_simulation/install/a1_msgs/include/a1_msgs/msg/detail/pose__struct.hpp
[15.169s] -- Installing: /root/try/a1_ros2_simulation/install/a1_msgs/include/a1_msgs/msg/detail/imu__struct.hpp
[15.169s] -- Installing: /root/try/a1_ros2_simulation/install/a1_msgs/include/a1_msgs/msg/detail/motor_state__traits.hpp
[15.169s] -- Installing: /root/try/a1_ros2_simulation/install/a1_msgs/include/a1_msgs/msg/detail/led__struct.hpp
[15.169s] -- Installing: /root/try/a1_ros2_simulation/install/a1_msgs/include/a1_msgs/msg/detail/low_state__struct.hpp
[15.169s] -- Installing: /root/try/a1_ros2_simulation/install/a1_msgs/include/a1_msgs/msg/detail/high_state__builder.hpp
[15.169s] -- Installing: /root/try/a1_ros2_simulation/install/a1_msgs/include/a1_msgs/msg/detail/high_state__traits.hpp
[15.169s] -- Installing: /root/try/a1_ros2_simulation/install/a1_msgs/include/a1_msgs/msg/detail/led__traits.hpp
[15.169s] -- Installing: /root/try/a1_ros2_simulation/install/a1_msgs/include/a1_msgs/msg/detail/imu__traits.hpp
[15.169s] -- Installing: /root/try/a1_ros2_simulation/install/a1_msgs/include/a1_msgs/msg/detail/low_cmd__traits.hpp
[15.169s] -- Installing: /root/try/a1_ros2_simulation/install/a1_msgs/include/a1_msgs/msg/detail/led__builder.hpp
[15.169s] -- Installing: /root/try/a1_ros2_simulation/install/a1_msgs/include/a1_msgs/msg/detail/motor_state__struct.hpp
[15.170s] -- Installing: /root/try/a1_ros2_simulation/install/a1_msgs/include/a1_msgs/msg/detail/pose__traits.hpp
[15.170s] -- Installing: /root/try/a1_ros2_simulation/install/a1_msgs/include/a1_msgs/msg/detail/pose__builder.hpp
[15.170s] -- Installing: /root/try/a1_ros2_simulation/install/a1_msgs/include/a1_msgs/msg/detail/high_cmd__builder.hpp
[15.170s] -- Installing: /root/try/a1_ros2_simulation/install/a1_msgs/include/a1_msgs/msg/detail/cartesian__builder.hpp
[15.170s] -- Installing: /root/try/a1_ros2_simulation/install/a1_msgs/include/a1_msgs/msg/detail/cartesian__struct.hpp
[15.170s] -- Installing: /root/try/a1_ros2_simulation/install/a1_msgs/include/a1_msgs/msg/detail/low_state__builder.hpp
[15.170s] -- Installing: /root/try/a1_ros2_simulation/install/a1_msgs/include/a1_msgs/msg/detail/motor_cmd__builder.hpp
[15.170s] -- Installing: /root/try/a1_ros2_simulation/install/a1_msgs/include/a1_msgs/msg/detail/high_state__struct.hpp
[15.170s] -- Installing: /root/try/a1_ros2_simulation/install/a1_msgs/include/a1_msgs/msg/detail/motor_cmd__struct.hpp
[15.170s] -- Installing: /root/try/a1_ros2_simulation/install/a1_msgs/include/a1_msgs/msg/detail/imu__builder.hpp
[15.170s] -- Installing: /root/try/a1_ros2_simulation/install/a1_msgs/include/a1_msgs/msg/high_state.hpp
[15.170s] -- Installing: /root/try/a1_ros2_simulation/install/a1_msgs/include/a1_msgs/msg/cartesian.hpp
[15.171s] -- Installing: /root/try/a1_ros2_simulation/install/a1_msgs/include/a1_msgs/msg/motor_cmd.hpp
[15.171s] -- Up-to-date: /root/try/a1_ros2_simulation/install/a1_msgs/include/a1_msgs/srv
[15.171s] -- Installing: /root/try/a1_ros2_simulation/install/a1_msgs/include/a1_msgs/srv/low_state.hpp
[15.171s] -- Installing: /root/try/a1_ros2_simulation/install/a1_msgs/include/a1_msgs/srv/mode.hpp
[15.171s] -- Installing: /root/try/a1_ros2_simulation/install/a1_msgs/include/a1_msgs/srv/imu.hpp
[15.171s] -- Up-to-date: /root/try/a1_ros2_simulation/install/a1_msgs/include/a1_msgs/srv/detail
[15.171s] -- Installing: /root/try/a1_ros2_simulation/install/a1_msgs/include/a1_msgs/srv/detail/mode__builder.hpp
[15.171s] -- Installing: /root/try/a1_ros2_simulation/install/a1_msgs/include/a1_msgs/srv/detail/cartesian__traits.hpp
[15.171s] -- Installing: /root/try/a1_ros2_simulation/install/a1_msgs/include/a1_msgs/srv/detail/low_state__traits.hpp
[15.171s] -- Installing: /root/try/a1_ros2_simulation/install/a1_msgs/include/a1_msgs/srv/detail/imu__struct.hpp
[15.172s] -- Installing: /root/try/a1_ros2_simulation/install/a1_msgs/include/a1_msgs/srv/detail/low_state__struct.hpp
[15.172s] -- Installing: /root/try/a1_ros2_simulation/install/a1_msgs/include/a1_msgs/srv/detail/high_state__builder.hpp
[15.172s] -- Installing: /root/try/a1_ros2_simulation/install/a1_msgs/include/a1_msgs/srv/detail/high_state__traits.hpp
[15.172s] -- Installing: /root/try/a1_ros2_simulation/install/a1_msgs/include/a1_msgs/srv/detail/imu__traits.hpp
[15.172s] -- Installing: /root/try/a1_ros2_simulation/install/a1_msgs/include/a1_msgs/srv/detail/cartesian__builder.hpp
[15.172s] -- Installing: /root/try/a1_ros2_simulation/install/a1_msgs/include/a1_msgs/srv/detail/cartesian__struct.hpp
[15.172s] -- Installing: /root/try/a1_ros2_simulation/install/a1_msgs/include/a1_msgs/srv/detail/low_state__builder.hpp
[15.172s] -- Installing: /root/try/a1_ros2_simulation/install/a1_msgs/include/a1_msgs/srv/detail/high_state__struct.hpp
[15.172s] -- Installing: /root/try/a1_ros2_simulation/install/a1_msgs/include/a1_msgs/srv/detail/mode__struct.hpp
[15.172s] -- Installing: /root/try/a1_ros2_simulation/install/a1_msgs/include/a1_msgs/srv/detail/mode__traits.hpp
[15.172s] -- Installing: /root/try/a1_ros2_simulation/install/a1_msgs/include/a1_msgs/srv/detail/imu__builder.hpp
[15.172s] -- Installing: /root/try/a1_ros2_simulation/install/a1_msgs/include/a1_msgs/srv/high_state.hpp
[15.173s] -- Installing: /root/try/a1_ros2_simulation/install/a1_msgs/include/a1_msgs/srv/cartesian.hpp
[15.173s] -- Up-to-date: /root/try/a1_ros2_simulation/install/a1_msgs/include/a1_msgs
[15.173s] -- Up-to-date: /root/try/a1_ros2_simulation/install/a1_msgs/include/a1_msgs/msg
[15.173s] -- Up-to-date: /root/try/a1_ros2_simulation/install/a1_msgs/include/a1_msgs/msg/detail
[15.173s] -- Installing: /root/try/a1_ros2_simulation/install/a1_msgs/include/a1_msgs/msg/detail/high_state__type_support.cpp
[15.173s] -- Installing: /root/try/a1_ros2_simulation/install/a1_msgs/include/a1_msgs/msg/detail/motor_cmd__type_support.cpp
[15.173s] -- Installing: /root/try/a1_ros2_simulation/install/a1_msgs/include/a1_msgs/msg/detail/imu__type_support.cpp
[15.173s] -- Installing: /root/try/a1_ros2_simulation/install/a1_msgs/include/a1_msgs/msg/detail/cartesian__rosidl_typesupport_introspection_cpp.hpp
[15.173s] -- Installing: /root/try/a1_ros2_simulation/install/a1_msgs/include/a1_msgs/msg/detail/high_state__rosidl_typesupport_introspection_cpp.hpp
[15.173s] -- Installing: /root/try/a1_ros2_simulation/install/a1_msgs/include/a1_msgs/msg/detail/low_cmd__rosidl_typesupport_introspection_cpp.hpp
[15.173s] -- Installing: /root/try/a1_ros2_simulation/install/a1_msgs/include/a1_msgs/msg/detail/led__rosidl_typesupport_introspection_cpp.hpp
[15.173s] -- Installing: /root/try/a1_ros2_simulation/install/a1_msgs/include/a1_msgs/msg/detail/motor_state__rosidl_typesupport_introspection_cpp.hpp
[15.173s] -- Installing: /root/try/a1_ros2_simulation/install/a1_msgs/include/a1_msgs/msg/detail/cartesian__type_support.cpp
[15.173s] -- Installing: /root/try/a1_ros2_simulation/install/a1_msgs/include/a1_msgs/msg/detail/pose__rosidl_typesupport_introspection_cpp.hpp
[15.173s] -- Installing: /root/try/a1_ros2_simulation/install/a1_msgs/include/a1_msgs/msg/detail/imu__rosidl_typesupport_introspection_cpp.hpp
[15.173s] -- Installing: /root/try/a1_ros2_simulation/install/a1_msgs/include/a1_msgs/msg/detail/led__type_support.cpp
[15.174s] -- Installing: /root/try/a1_ros2_simulation/install/a1_msgs/include/a1_msgs/msg/detail/low_state__type_support.cpp
[15.174s] -- Installing: /root/try/a1_ros2_simulation/install/a1_msgs/include/a1_msgs/msg/detail/low_state__rosidl_typesupport_introspection_cpp.hpp
[15.174s] -- Installing: /root/try/a1_ros2_simulation/install/a1_msgs/include/a1_msgs/msg/detail/high_cmd__rosidl_typesupport_introspection_cpp.hpp
[15.174s] -- Installing: /root/try/a1_ros2_simulation/install/a1_msgs/include/a1_msgs/msg/detail/pose__type_support.cpp
[15.174s] -- Installing: /root/try/a1_ros2_simulation/install/a1_msgs/include/a1_msgs/msg/detail/motor_cmd__rosidl_typesupport_introspection_cpp.hpp
[15.174s] -- Installing: /root/try/a1_ros2_simulation/install/a1_msgs/include/a1_msgs/msg/detail/low_cmd__type_support.cpp
[15.174s] -- Installing: /root/try/a1_ros2_simulation/install/a1_msgs/include/a1_msgs/msg/detail/high_cmd__type_support.cpp
[15.174s] -- Installing: /root/try/a1_ros2_simulation/install/a1_msgs/include/a1_msgs/msg/detail/motor_state__type_support.cpp
[15.174s] -- Up-to-date: /root/try/a1_ros2_simulation/install/a1_msgs/include/a1_msgs/srv
[15.174s] -- Up-to-date: /root/try/a1_ros2_simulation/install/a1_msgs/include/a1_msgs/srv/detail
[15.174s] -- Installing: /root/try/a1_ros2_simulation/install/a1_msgs/include/a1_msgs/srv/detail/high_state__type_support.cpp
[15.174s] -- Installing: /root/try/a1_ros2_simulation/install/a1_msgs/include/a1_msgs/srv/detail/imu__type_support.cpp
[15.174s] -- Installing: /root/try/a1_ros2_simulation/install/a1_msgs/include/a1_msgs/srv/detail/cartesian__rosidl_typesupport_introspection_cpp.hpp
[15.174s] -- Installing: /root/try/a1_ros2_simulation/install/a1_msgs/include/a1_msgs/srv/detail/mode__type_support.cpp
[15.174s] -- Installing: /root/try/a1_ros2_simulation/install/a1_msgs/include/a1_msgs/srv/detail/high_state__rosidl_typesupport_introspection_cpp.hpp
[15.175s] -- Installing: /root/try/a1_ros2_simulation/install/a1_msgs/include/a1_msgs/srv/detail/cartesian__type_support.cpp
[15.175s] -- Installing: /root/try/a1_ros2_simulation/install/a1_msgs/include/a1_msgs/srv/detail/imu__rosidl_typesupport_introspection_cpp.hpp
[15.175s] -- Installing: /root/try/a1_ros2_simulation/install/a1_msgs/include/a1_msgs/srv/detail/low_state__type_support.cpp
[15.175s] -- Installing: /root/try/a1_ros2_simulation/install/a1_msgs/include/a1_msgs/srv/detail/low_state__rosidl_typesupport_introspection_cpp.hpp
[15.175s] -- Installing: /root/try/a1_ros2_simulation/install/a1_msgs/include/a1_msgs/srv/detail/mode__rosidl_typesupport_introspection_cpp.hpp
[15.175s] -- Installing: /root/try/a1_ros2_simulation/install/a1_msgs/lib/liba1_msgs__rosidl_typesupport_introspection_cpp.so
[15.175s] -- Set runtime path of "/root/try/a1_ros2_simulation/install/a1_msgs/lib/liba1_msgs__rosidl_typesupport_introspection_cpp.so" to ""
[15.175s] -- Installing: /root/try/a1_ros2_simulation/install/a1_msgs/lib/liba1_msgs__rosidl_typesupport_cpp.so
[15.175s] -- Set runtime path of "/root/try/a1_ros2_simulation/install/a1_msgs/lib/liba1_msgs__rosidl_typesupport_cpp.so" to ""
[15.175s] -- Installing: /root/try/a1_ros2_simulation/install/a1_msgs/share/a1_msgs/environment/pythonpath.sh
[15.175s] -- Installing: /root/try/a1_ros2_simulation/install/a1_msgs/share/a1_msgs/environment/pythonpath.dsv
[15.175s] -- Installing: /root/try/a1_ros2_simulation/install/a1_msgs/lib/python3.8/site-packages/a1_msgs/__init__.py
[15.201s] Compiling '/root/try/a1_ros2_simulation/install/a1_msgs/lib/python3.8/site-packages/a1_msgs/__init__.py'...
[15.204s] -- Installing: /root/try/a1_ros2_simulation/install/a1_msgs/lib/python3.8/site-packages/a1_msgs/msg
[15.204s] -- Installing: /root/try/a1_ros2_simulation/install/a1_msgs/lib/python3.8/site-packages/a1_msgs/msg/_low_state.py
[15.204s] -- Installing: /root/try/a1_ros2_simulation/install/a1_msgs/lib/python3.8/site-packages/a1_msgs/msg/_motor_cmd.py
[15.205s] -- Installing: /root/try/a1_ros2_simulation/install/a1_msgs/lib/python3.8/site-packages/a1_msgs/msg/_motor_state_s.c
[15.205s] -- Installing: /root/try/a1_ros2_simulation/install/a1_msgs/lib/python3.8/site-packages/a1_msgs/msg/_pose.py
[15.205s] -- Installing: /root/try/a1_ros2_simulation/install/a1_msgs/lib/python3.8/site-packages/a1_msgs/msg/_high_cmd_s.c
[15.205s] -- Installing: /root/try/a1_ros2_simulation/install/a1_msgs/lib/python3.8/site-packages/a1_msgs/msg/_led.py
[15.205s] -- Installing: /root/try/a1_ros2_simulation/install/a1_msgs/lib/python3.8/site-packages/a1_msgs/msg/_cartesian.py
[15.205s] -- Installing: /root/try/a1_ros2_simulation/install/a1_msgs/lib/python3.8/site-packages/a1_msgs/msg/_motor_state.py
[15.205s] -- Installing: /root/try/a1_ros2_simulation/install/a1_msgs/lib/python3.8/site-packages/a1_msgs/msg/_low_cmd.py
[15.205s] -- Installing: /root/try/a1_ros2_simulation/install/a1_msgs/lib/python3.8/site-packages/a1_msgs/msg/_imu.py
[15.205s] -- Installing: /root/try/a1_ros2_simulation/install/a1_msgs/lib/python3.8/site-packages/a1_msgs/msg/_high_state_s.c
[15.205s] -- Installing: /root/try/a1_ros2_simulation/install/a1_msgs/lib/python3.8/site-packages/a1_msgs/msg/_pose_s.c
[15.206s] -- Installing: /root/try/a1_ros2_simulation/install/a1_msgs/lib/python3.8/site-packages/a1_msgs/msg/_led_s.c
[15.206s] -- Installing: /root/try/a1_ros2_simulation/install/a1_msgs/lib/python3.8/site-packages/a1_msgs/msg/_high_cmd.py
[15.206s] -- Installing: /root/try/a1_ros2_simulation/install/a1_msgs/lib/python3.8/site-packages/a1_msgs/msg/_imu_s.c
[15.206s] -- Installing: /root/try/a1_ros2_simulation/install/a1_msgs/lib/python3.8/site-packages/a1_msgs/msg/_cartesian_s.c
[15.206s] -- Installing: /root/try/a1_ros2_simulation/install/a1_msgs/lib/python3.8/site-packages/a1_msgs/msg/_motor_cmd_s.c
[15.206s] -- Installing: /root/try/a1_ros2_simulation/install/a1_msgs/lib/python3.8/site-packages/a1_msgs/msg/_high_state.py
[15.206s] -- Installing: /root/try/a1_ros2_simulation/install/a1_msgs/lib/python3.8/site-packages/a1_msgs/msg/_low_state_s.c
[15.206s] -- Installing: /root/try/a1_ros2_simulation/install/a1_msgs/lib/python3.8/site-packages/a1_msgs/msg/_low_cmd_s.c
[15.206s] -- Installing: /root/try/a1_ros2_simulation/install/a1_msgs/lib/python3.8/site-packages/a1_msgs/msg/__init__.py
[15.206s] -- Installing: /root/try/a1_ros2_simulation/install/a1_msgs/lib/python3.8/site-packages/a1_msgs/srv
[15.206s] -- Installing: /root/try/a1_ros2_simulation/install/a1_msgs/lib/python3.8/site-packages/a1_msgs/srv/_low_state.py
[15.207s] -- Installing: /root/try/a1_ros2_simulation/install/a1_msgs/lib/python3.8/site-packages/a1_msgs/srv/_cartesian.py
[15.207s] -- Installing: /root/try/a1_ros2_simulation/install/a1_msgs/lib/python3.8/site-packages/a1_msgs/srv/_imu.py
[15.207s] -- Installing: /root/try/a1_ros2_simulation/install/a1_msgs/lib/python3.8/site-packages/a1_msgs/srv/_high_state_s.c
[15.207s] -- Installing: /root/try/a1_ros2_simulation/install/a1_msgs/lib/python3.8/site-packages/a1_msgs/srv/_mode.py
[15.207s] -- Installing: /root/try/a1_ros2_simulation/install/a1_msgs/lib/python3.8/site-packages/a1_msgs/srv/_imu_s.c
[15.207s] -- Installing: /root/try/a1_ros2_simulation/install/a1_msgs/lib/python3.8/site-packages/a1_msgs/srv/_mode_s.c
[15.207s] -- Installing: /root/try/a1_ros2_simulation/install/a1_msgs/lib/python3.8/site-packages/a1_msgs/srv/_cartesian_s.c
[15.207s] -- Installing: /root/try/a1_ros2_simulation/install/a1_msgs/lib/python3.8/site-packages/a1_msgs/srv/_high_state.py
[15.207s] -- Installing: /root/try/a1_ros2_simulation/install/a1_msgs/lib/python3.8/site-packages/a1_msgs/srv/_low_state_s.c
[15.207s] -- Installing: /root/try/a1_ros2_simulation/install/a1_msgs/lib/python3.8/site-packages/a1_msgs/srv/__init__.py
[15.207s] -- Installing: /root/try/a1_ros2_simulation/install/a1_msgs/lib/python3.8/site-packages/a1_msgs/a1_msgs_s__rosidl_typesupport_fastrtps_c.cpython-38-x86_64-linux-gnu.so
[15.208s] -- Set runtime path of "/root/try/a1_ros2_simulation/install/a1_msgs/lib/python3.8/site-packages/a1_msgs/a1_msgs_s__rosidl_typesupport_fastrtps_c.cpython-38-x86_64-linux-gnu.so" to ""
[15.208s] -- Installing: /root/try/a1_ros2_simulation/install/a1_msgs/lib/python3.8/site-packages/a1_msgs/a1_msgs_s__rosidl_typesupport_introspection_c.cpython-38-x86_64-linux-gnu.so
[15.208s] -- Set runtime path of "/root/try/a1_ros2_simulation/install/a1_msgs/lib/python3.8/site-packages/a1_msgs/a1_msgs_s__rosidl_typesupport_introspection_c.cpython-38-x86_64-linux-gnu.so" to ""
[15.209s] -- Installing: /root/try/a1_ros2_simulation/install/a1_msgs/lib/python3.8/site-packages/a1_msgs/a1_msgs_s__rosidl_typesupport_c.cpython-38-x86_64-linux-gnu.so
[15.209s] -- Set runtime path of "/root/try/a1_ros2_simulation/install/a1_msgs/lib/python3.8/site-packages/a1_msgs/a1_msgs_s__rosidl_typesupport_c.cpython-38-x86_64-linux-gnu.so" to ""
[15.209s] -- Installing: /root/try/a1_ros2_simulation/install/a1_msgs/lib/liba1_msgs__python.so
[15.209s] -- Set runtime path of "/root/try/a1_ros2_simulation/install/a1_msgs/lib/liba1_msgs__python.so" to ""
[15.210s] -- Installing: /root/try/a1_ros2_simulation/install/a1_msgs/share/a1_msgs/msg/Cartesian.idl
[15.210s] -- Installing: /root/try/a1_ros2_simulation/install/a1_msgs/share/a1_msgs/msg/IMU.idl
[15.210s] -- Installing: /root/try/a1_ros2_simulation/install/a1_msgs/share/a1_msgs/msg/MotorState.idl
[15.210s] -- Installing: /root/try/a1_ros2_simulation/install/a1_msgs/share/a1_msgs/msg/Pose.idl
[15.210s] -- Installing: /root/try/a1_ros2_simulation/install/a1_msgs/share/a1_msgs/msg/LowCmd.idl
[15.210s] -- Installing: /root/try/a1_ros2_simulation/install/a1_msgs/share/a1_msgs/msg/HighCmd.idl
[15.210s] -- Installing: /root/try/a1_ros2_simulation/install/a1_msgs/share/a1_msgs/msg/LowState.idl
[15.210s] -- Installing: /root/try/a1_ros2_simulation/install/a1_msgs/share/a1_msgs/msg/MotorCmd.idl
[15.210s] -- Installing: /root/try/a1_ros2_simulation/install/a1_msgs/share/a1_msgs/msg/LED.idl
[15.210s] -- Installing: /root/try/a1_ros2_simulation/install/a1_msgs/share/a1_msgs/msg/HighState.idl
[15.210s] -- Installing: /root/try/a1_ros2_simulation/install/a1_msgs/share/a1_msgs/srv/Cartesian.idl
[15.211s] -- Installing: /root/try/a1_ros2_simulation/install/a1_msgs/share/a1_msgs/srv/HighState.idl
[15.211s] -- Installing: /root/try/a1_ros2_simulation/install/a1_msgs/share/a1_msgs/srv/Imu.idl
[15.211s] -- Installing: /root/try/a1_ros2_simulation/install/a1_msgs/share/a1_msgs/srv/Mode.idl
[15.211s] -- Installing: /root/try/a1_ros2_simulation/install/a1_msgs/share/a1_msgs/srv/LowState.idl
[15.211s] -- Installing: /root/try/a1_ros2_simulation/install/a1_msgs/share/a1_msgs/msg/Cartesian.msg
[15.211s] -- Installing: /root/try/a1_ros2_simulation/install/a1_msgs/share/a1_msgs/msg/IMU.msg
[15.211s] -- Installing: /root/try/a1_ros2_simulation/install/a1_msgs/share/a1_msgs/msg/MotorState.msg
[15.211s] -- Installing: /root/try/a1_ros2_simulation/install/a1_msgs/share/a1_msgs/msg/Pose.msg
[15.211s] -- Installing: /root/try/a1_ros2_simulation/install/a1_msgs/share/a1_msgs/msg/LowCmd.msg
[15.211s] -- Installing: /root/try/a1_ros2_simulation/install/a1_msgs/share/a1_msgs/msg/HighCmd.msg
[15.212s] -- Installing: /root/try/a1_ros2_simulation/install/a1_msgs/share/a1_msgs/msg/LowState.msg
[15.212s] -- Installing: /root/try/a1_ros2_simulation/install/a1_msgs/share/a1_msgs/msg/MotorCmd.msg
[15.212s] -- Installing: /root/try/a1_ros2_simulation/install/a1_msgs/share/a1_msgs/msg/LED.msg
[15.212s] -- Installing: /root/try/a1_ros2_simulation/install/a1_msgs/share/a1_msgs/msg/HighState.msg
[15.212s] -- Installing: /root/try/a1_ros2_simulation/install/a1_msgs/share/a1_msgs/srv/Cartesian.srv
[15.212s] -- Installing: /root/try/a1_ros2_simulation/install/a1_msgs/share/a1_msgs/srv/Cartesian_Request.msg
[15.212s] -- Installing: /root/try/a1_ros2_simulation/install/a1_msgs/share/a1_msgs/srv/Cartesian_Response.msg
[15.212s] -- Installing: /root/try/a1_ros2_simulation/install/a1_msgs/share/a1_msgs/srv/HighState.srv
[15.212s] -- Installing: /root/try/a1_ros2_simulation/install/a1_msgs/share/a1_msgs/srv/HighState_Request.msg
[15.212s] -- Installing: /root/try/a1_ros2_simulation/install/a1_msgs/share/a1_msgs/srv/HighState_Response.msg
[15.213s] -- Installing: /root/try/a1_ros2_simulation/install/a1_msgs/share/a1_msgs/srv/Imu.srv
[15.213s] -- Installing: /root/try/a1_ros2_simulation/install/a1_msgs/share/a1_msgs/srv/Imu_Request.msg
[15.213s] -- Installing: /root/try/a1_ros2_simulation/install/a1_msgs/share/a1_msgs/srv/Imu_Response.msg
[15.213s] -- Installing: /root/try/a1_ros2_simulation/install/a1_msgs/share/a1_msgs/srv/Mode.srv
[15.213s] -- Installing: /root/try/a1_ros2_simulation/install/a1_msgs/share/a1_msgs/srv/Mode_Request.msg
[15.213s] -- Installing: /root/try/a1_ros2_simulation/install/a1_msgs/share/a1_msgs/srv/Mode_Response.msg
[15.213s] -- Installing: /root/try/a1_ros2_simulation/install/a1_msgs/share/a1_msgs/srv/LowState.srv
[15.213s] -- Installing: /root/try/a1_ros2_simulation/install/a1_msgs/share/a1_msgs/srv/LowState_Request.msg
[15.213s] -- Installing: /root/try/a1_ros2_simulation/install/a1_msgs/share/a1_msgs/srv/LowState_Response.msg
[15.213s] -- Installing: /root/try/a1_ros2_simulation/install/a1_msgs/share/ament_index/resource_index/package_run_dependencies/a1_msgs
[15.214s] -- Installing: /root/try/a1_ros2_simulation/install/a1_msgs/share/ament_index/resource_index/parent_prefix_path/a1_msgs
[15.214s] -- Installing: /root/try/a1_ros2_simulation/install/a1_msgs/share/a1_msgs/environment/ament_prefix_path.sh
[15.214s] -- Installing: /root/try/a1_ros2_simulation/install/a1_msgs/share/a1_msgs/environment/ament_prefix_path.dsv
[15.214s] -- Installing: /root/try/a1_ros2_simulation/install/a1_msgs/share/a1_msgs/environment/path.sh
[15.214s] -- Installing: /root/try/a1_ros2_simulation/install/a1_msgs/share/a1_msgs/environment/path.dsv
[15.214s] -- Installing: /root/try/a1_ros2_simulation/install/a1_msgs/share/a1_msgs/local_setup.bash
[15.214s] -- Installing: /root/try/a1_ros2_simulation/install/a1_msgs/share/a1_msgs/local_setup.sh
[15.214s] -- Installing: /root/try/a1_ros2_simulation/install/a1_msgs/share/a1_msgs/local_setup.zsh
[15.214s] -- Installing: /root/try/a1_ros2_simulation/install/a1_msgs/share/a1_msgs/local_setup.dsv
[15.215s] -- Installing: /root/try/a1_ros2_simulation/install/a1_msgs/share/a1_msgs/package.dsv
[15.215s] -- Installing: /root/try/a1_ros2_simulation/install/a1_msgs/share/ament_index/resource_index/packages/a1_msgs
[15.215s] -- Installing: /root/try/a1_ros2_simulation/install/a1_msgs/share/a1_msgs/cmake/a1_msgs__rosidl_generator_cExport.cmake
[15.215s] -- Installing: /root/try/a1_ros2_simulation/install/a1_msgs/share/a1_msgs/cmake/a1_msgs__rosidl_generator_cExport-noconfig.cmake
[15.215s] -- Installing: /root/try/a1_ros2_simulation/install/a1_msgs/share/a1_msgs/cmake/a1_msgs__rosidl_typesupport_introspection_cExport.cmake
[15.215s] -- Installing: /root/try/a1_ros2_simulation/install/a1_msgs/share/a1_msgs/cmake/a1_msgs__rosidl_typesupport_introspection_cExport-noconfig.cmake
[15.215s] -- Installing: /root/try/a1_ros2_simulation/install/a1_msgs/share/a1_msgs/cmake/a1_msgs__rosidl_typesupport_cExport.cmake
[15.216s] -- Installing: /root/try/a1_ros2_simulation/install/a1_msgs/share/a1_msgs/cmake/a1_msgs__rosidl_typesupport_cExport-noconfig.cmake
[15.216s] -- Installing: /root/try/a1_ros2_simulation/install/a1_msgs/share/a1_msgs/cmake/a1_msgs__rosidl_generator_cppExport.cmake
[15.216s] -- Installing: /root/try/a1_ros2_simulation/install/a1_msgs/share/a1_msgs/cmake/a1_msgs__rosidl_typesupport_introspection_cppExport.cmake
[15.216s] -- Installing: /root/try/a1_ros2_simulation/install/a1_msgs/share/a1_msgs/cmake/a1_msgs__rosidl_typesupport_introspection_cppExport-noconfig.cmake
[15.216s] -- Installing: /root/try/a1_ros2_simulation/install/a1_msgs/share/a1_msgs/cmake/a1_msgs__rosidl_typesupport_cppExport.cmake
[15.216s] -- Installing: /root/try/a1_ros2_simulation/install/a1_msgs/share/a1_msgs/cmake/a1_msgs__rosidl_typesupport_cppExport-noconfig.cmake
[15.216s] -- Installing: /root/try/a1_ros2_simulation/install/a1_msgs/share/a1_msgs/cmake/rosidl_cmake-extras.cmake
[15.216s] -- Installing: /root/try/a1_ros2_simulation/install/a1_msgs/share/a1_msgs/cmake/ament_cmake_export_dependencies-extras.cmake
[15.216s] -- Installing: /root/try/a1_ros2_simulation/install/a1_msgs/share/a1_msgs/cmake/ament_cmake_export_libraries-extras.cmake
[15.217s] -- Installing: /root/try/a1_ros2_simulation/install/a1_msgs/share/a1_msgs/cmake/ament_cmake_export_targets-extras.cmake
[15.217s] -- Installing: /root/try/a1_ros2_simulation/install/a1_msgs/share/a1_msgs/cmake/ament_cmake_export_include_directories-extras.cmake
[15.217s] -- Installing: /root/try/a1_ros2_simulation/install/a1_msgs/share/a1_msgs/cmake/rosidl_cmake_export_typesupport_libraries-extras.cmake
[15.217s] -- Installing: /root/try/a1_ros2_simulation/install/a1_msgs/share/a1_msgs/cmake/rosidl_cmake_export_typesupport_targets-extras.cmake
[15.217s] -- Installing: /root/try/a1_ros2_simulation/install/a1_msgs/share/a1_msgs/cmake/a1_msgsConfig.cmake
[15.217s] -- Installing: /root/try/a1_ros2_simulation/install/a1_msgs/share/a1_msgs/cmake/a1_msgsConfig-version.cmake
[15.217s] -- Installing: /root/try/a1_ros2_simulation/install/a1_msgs/share/a1_msgs/package.xml
[15.220s] Invoked command in '/root/try/a1_ros2_simulation/build/a1_msgs' returned '0': CMAKE_PREFIX_PATH=/opt/ros/foxy /usr/bin/cmake --install /root/try/a1_ros2_simulation/build/a1_msgs
