[0.677s] DEBUG:colcon:Command line arguments: ['/usr/bin/colcon', 'build', '--packages-select', 'a1_controller']
[0.677s] DEBUG:colcon:Parsed command line arguments: Namespace(ament_cmake_args=None, base_paths=['.'], build_base='build', catkin_cmake_args=None, catkin_skip_building_tests=False, cmake_args=None, cmake_clean_cache=False, cmake_clean_first=False, cmake_force_configure=False, cmake_target=None, cmake_target_skip_unavailable=False, continue_on_error=False, event_handlers=None, executor='parallel', ignore_user_meta=False, install_base='install', log_base=None, log_level=None, main=<bound method BuildVerb.main of <colcon_core.verb.build.BuildVerb object at 0x7f22421f0a00>>, merge_install=False, metas=['./colcon.meta'], packages_above=None, packages_above_and_dependencies=None, packages_above_depth=None, packages_end=None, packages_ignore=None, packages_ignore_regex=None, packages_select=['a1_controller'], packages_select_build_failed=False, packages_select_by_dep=None, packages_select_regex=None, packages_select_test_failures=False, packages_skip=None, packages_skip_build_finished=False, packages_skip_by_dep=None, packages_skip_regex=None, packages_skip_test_passed=False, packages_skip_up_to=None, packages_start=None, packages_up_to=None, packages_up_to_regex=None, parallel_workers=4, paths=None, symlink_install=False, test_result_base=None, verb_extension=<colcon_core.verb.build.BuildVerb object at 0x7f22421f0a00>, verb_name='build', verb_parser=<colcon_defaults.argument_parser.defaults.DefaultArgumentsDecorator object at 0x7f22421f0f70>)
[0.695s] Level 1:colcon.colcon_core.package_discovery:discover_packages(colcon_meta) check parameters
[0.695s] Level 1:colcon.colcon_core.package_discovery:discover_packages(recursive) check parameters
[0.695s] Level 1:colcon.colcon_core.package_discovery:discover_packages(ignore) check parameters
[0.695s] Level 1:colcon.colcon_core.package_discovery:discover_packages(path) check parameters
[0.695s] Level 1:colcon.colcon_core.package_discovery:discover_packages(colcon_meta) discover
[0.695s] Level 1:colcon.colcon_core.package_discovery:discover_packages(recursive) discover
[0.695s] INFO:colcon.colcon_core.package_discovery:Crawling recursively for packages in '/root/try/a1_ros2_simulation'
[0.695s] Level 1:colcon.colcon_core.package_identification:_identify(.) by extensions ['ignore', 'ignore_ament_install']
[0.695s] Level 1:colcon.colcon_core.package_identification:_identify(.) by extension 'ignore'
[0.695s] Level 1:colcon.colcon_core.package_identification:_identify(.) by extension 'ignore_ament_install'
[0.695s] Level 1:colcon.colcon_core.package_identification:_identify(.) by extensions ['colcon_pkg']
[0.695s] Level 1:colcon.colcon_core.package_identification:_identify(.) by extension 'colcon_pkg'
[0.695s] Level 1:colcon.colcon_core.package_identification:_identify(.) by extensions ['colcon_meta']
[0.695s] Level 1:colcon.colcon_core.package_identification:_identify(.) by extension 'colcon_meta'
[0.695s] Level 1:colcon.colcon_core.package_identification:_identify(.) by extensions ['ros']
[0.695s] Level 1:colcon.colcon_core.package_identification:_identify(.) by extension 'ros'
[0.713s] Level 1:colcon.colcon_core.package_identification:_identify(.) by extensions ['cmake', 'python']
[0.713s] Level 1:colcon.colcon_core.package_identification:_identify(.) by extension 'cmake'
[0.713s] Level 1:colcon.colcon_core.package_identification:_identify(.) by extension 'python'
[0.713s] Level 1:colcon.colcon_core.package_identification:_identify(.) by extensions ['python_setup_py']
[0.713s] Level 1:colcon.colcon_core.package_identification:_identify(.) by extension 'python_setup_py'
[0.714s] Level 1:colcon.colcon_core.package_identification:_identify(a1_controller) by extensions ['ignore', 'ignore_ament_install']
[0.714s] Level 1:colcon.colcon_core.package_identification:_identify(a1_controller) by extension 'ignore'
[0.714s] Level 1:colcon.colcon_core.package_identification:_identify(a1_controller) by extension 'ignore_ament_install'
[0.714s] Level 1:colcon.colcon_core.package_identification:_identify(a1_controller) by extensions ['colcon_pkg']
[0.714s] Level 1:colcon.colcon_core.package_identification:_identify(a1_controller) by extension 'colcon_pkg'
[0.714s] Level 1:colcon.colcon_core.package_identification:_identify(a1_controller) by extensions ['colcon_meta']
[0.714s] Level 1:colcon.colcon_core.package_identification:_identify(a1_controller) by extension 'colcon_meta'
[0.714s] Level 1:colcon.colcon_core.package_identification:_identify(a1_controller) by extensions ['ros']
[0.714s] Level 1:colcon.colcon_core.package_identification:_identify(a1_controller) by extension 'ros'
[0.720s] DEBUG:colcon.colcon_core.package_identification:Package 'a1_controller' with type 'ros.ament_cmake' and name 'a1_controller'
[0.720s] Level 1:colcon.colcon_core.package_identification:_identify(a1_description) by extensions ['ignore', 'ignore_ament_install']
[0.720s] Level 1:colcon.colcon_core.package_identification:_identify(a1_description) by extension 'ignore'
[0.720s] Level 1:colcon.colcon_core.package_identification:_identify(a1_description) by extension 'ignore_ament_install'
[0.720s] Level 1:colcon.colcon_core.package_identification:_identify(a1_description) by extensions ['colcon_pkg']
[0.720s] Level 1:colcon.colcon_core.package_identification:_identify(a1_description) by extension 'colcon_pkg'
[0.721s] Level 1:colcon.colcon_core.package_identification:_identify(a1_description) by extensions ['colcon_meta']
[0.721s] Level 1:colcon.colcon_core.package_identification:_identify(a1_description) by extension 'colcon_meta'
[0.721s] Level 1:colcon.colcon_core.package_identification:_identify(a1_description) by extensions ['ros']
[0.721s] Level 1:colcon.colcon_core.package_identification:_identify(a1_description) by extension 'ros'
[0.722s] DEBUG:colcon.colcon_core.package_identification:Package 'a1_description' with type 'ros.ament_cmake' and name 'a1_description'
[0.722s] Level 1:colcon.colcon_core.package_identification:_identify(a1_gazebo) by extensions ['ignore', 'ignore_ament_install']
[0.722s] Level 1:colcon.colcon_core.package_identification:_identify(a1_gazebo) by extension 'ignore'
[0.722s] Level 1:colcon.colcon_core.package_identification:_identify(a1_gazebo) by extension 'ignore_ament_install'
[0.722s] Level 1:colcon.colcon_core.package_identification:_identify(a1_gazebo) by extensions ['colcon_pkg']
[0.722s] Level 1:colcon.colcon_core.package_identification:_identify(a1_gazebo) by extension 'colcon_pkg'
[0.722s] Level 1:colcon.colcon_core.package_identification:_identify(a1_gazebo) by extensions ['colcon_meta']
[0.722s] Level 1:colcon.colcon_core.package_identification:_identify(a1_gazebo) by extension 'colcon_meta'
[0.722s] Level 1:colcon.colcon_core.package_identification:_identify(a1_gazebo) by extensions ['ros']
[0.722s] Level 1:colcon.colcon_core.package_identification:_identify(a1_gazebo) by extension 'ros'
[0.723s] DEBUG:colcon.colcon_core.package_identification:Package 'a1_gazebo' with type 'ros.ament_cmake' and name 'a1_gazebo'
[0.723s] Level 1:colcon.colcon_core.package_identification:_identify(a1_joint_control) by extensions ['ignore', 'ignore_ament_install']
[0.723s] Level 1:colcon.colcon_core.package_identification:_identify(a1_joint_control) by extension 'ignore'
[0.723s] Level 1:colcon.colcon_core.package_identification:_identify(a1_joint_control) by extension 'ignore_ament_install'
[0.723s] Level 1:colcon.colcon_core.package_identification:_identify(a1_joint_control) by extensions ['colcon_pkg']
[0.724s] Level 1:colcon.colcon_core.package_identification:_identify(a1_joint_control) by extension 'colcon_pkg'
[0.724s] Level 1:colcon.colcon_core.package_identification:_identify(a1_joint_control) by extensions ['colcon_meta']
[0.724s] Level 1:colcon.colcon_core.package_identification:_identify(a1_joint_control) by extension 'colcon_meta'
[0.724s] Level 1:colcon.colcon_core.package_identification:_identify(a1_joint_control) by extensions ['ros']
[0.724s] Level 1:colcon.colcon_core.package_identification:_identify(a1_joint_control) by extension 'ros'
[0.725s] DEBUG:colcon.colcon_core.package_identification:Package 'a1_joint_control' with type 'ros.ament_cmake' and name 'a1_joint_control'
[0.726s] Level 1:colcon.colcon_core.package_identification:_identify(a1_msgs) by extensions ['ignore', 'ignore_ament_install']
[0.726s] Level 1:colcon.colcon_core.package_identification:_identify(a1_msgs) by extension 'ignore'
[0.726s] Level 1:colcon.colcon_core.package_identification:_identify(a1_msgs) by extension 'ignore_ament_install'
[0.726s] Level 1:colcon.colcon_core.package_identification:_identify(a1_msgs) by extensions ['colcon_pkg']
[0.726s] Level 1:colcon.colcon_core.package_identification:_identify(a1_msgs) by extension 'colcon_pkg'
[0.727s] Level 1:colcon.colcon_core.package_identification:_identify(a1_msgs) by extensions ['colcon_meta']
[0.727s] Level 1:colcon.colcon_core.package_identification:_identify(a1_msgs) by extension 'colcon_meta'
[0.727s] Level 1:colcon.colcon_core.package_identification:_identify(a1_msgs) by extensions ['ros']
[0.727s] Level 1:colcon.colcon_core.package_identification:_identify(a1_msgs) by extension 'ros'
[0.728s] DEBUG:colcon.colcon_core.package_identification:Package 'a1_msgs' with type 'ros.ament_cmake' and name 'a1_msgs'
[0.728s] Level 1:colcon.colcon_core.package_identification:_identify(build) by extensions ['ignore', 'ignore_ament_install']
[0.728s] Level 1:colcon.colcon_core.package_identification:_identify(build) by extension 'ignore'
[0.728s] Level 1:colcon.colcon_core.package_identification:_identify(build) ignored
[0.728s] Level 1:colcon.colcon_core.package_identification:_identify(install) by extensions ['ignore', 'ignore_ament_install']
[0.728s] Level 1:colcon.colcon_core.package_identification:_identify(install) by extension 'ignore'
[0.728s] Level 1:colcon.colcon_core.package_identification:_identify(install) ignored
[0.728s] Level 1:colcon.colcon_core.package_identification:_identify(log) by extensions ['ignore', 'ignore_ament_install']
[0.728s] Level 1:colcon.colcon_core.package_identification:_identify(log) by extension 'ignore'
[0.728s] Level 1:colcon.colcon_core.package_identification:_identify(log) ignored
[0.728s] Level 1:colcon.colcon_core.package_discovery:discover_packages(recursive) using defaults
[0.728s] Level 1:colcon.colcon_core.package_discovery:discover_packages(ignore) discover
[0.728s] Level 1:colcon.colcon_core.package_discovery:discover_packages(ignore) using defaults
[0.728s] Level 1:colcon.colcon_core.package_discovery:discover_packages(path) discover
[0.728s] Level 1:colcon.colcon_core.package_discovery:discover_packages(path) using defaults
[0.759s] INFO:colcon.colcon_core.package_selection:Skipping not selected package 'a1_description' in 'a1_description'
[0.759s] INFO:colcon.colcon_core.package_selection:Skipping not selected package 'a1_msgs' in 'a1_msgs'
[0.759s] INFO:colcon.colcon_core.package_selection:Skipping not selected package 'a1_gazebo' in 'a1_gazebo'
[0.759s] INFO:colcon.colcon_core.package_selection:Skipping not selected package 'a1_joint_control' in 'a1_joint_control'
[0.761s] Level 5:colcon.colcon_core.verb:set package 'a1_controller' build argument 'cmake_args' from command line to 'None'
[0.761s] Level 5:colcon.colcon_core.verb:set package 'a1_controller' build argument 'cmake_target' from command line to 'None'
[0.761s] Level 5:colcon.colcon_core.verb:set package 'a1_controller' build argument 'cmake_target_skip_unavailable' from command line to 'False'
[0.761s] Level 5:colcon.colcon_core.verb:set package 'a1_controller' build argument 'cmake_clean_cache' from command line to 'False'
[0.761s] Level 5:colcon.colcon_core.verb:set package 'a1_controller' build argument 'cmake_clean_first' from command line to 'False'
[0.761s] Level 5:colcon.colcon_core.verb:set package 'a1_controller' build argument 'cmake_force_configure' from command line to 'False'
[0.761s] Level 5:colcon.colcon_core.verb:set package 'a1_controller' build argument 'ament_cmake_args' from command line to 'None'
[0.761s] Level 5:colcon.colcon_core.verb:set package 'a1_controller' build argument 'catkin_cmake_args' from command line to 'None'
[0.761s] Level 5:colcon.colcon_core.verb:set package 'a1_controller' build argument 'catkin_skip_building_tests' from command line to 'False'
[0.761s] DEBUG:colcon.colcon_core.verb:Building package 'a1_controller' with the following arguments: {'ament_cmake_args': None, 'build_base': '/root/try/a1_ros2_simulation/build/a1_controller', 'catkin_cmake_args': None, 'catkin_skip_building_tests': False, 'cmake_args': None, 'cmake_clean_cache': False, 'cmake_clean_first': False, 'cmake_force_configure': False, 'cmake_target': None, 'cmake_target_skip_unavailable': False, 'install_base': '/root/try/a1_ros2_simulation/install/a1_controller', 'merge_install': False, 'path': '/root/try/a1_ros2_simulation/a1_controller', 'symlink_install': False, 'test_result_base': None}
[0.761s] INFO:colcon.colcon_core.executor:Executing jobs using 'parallel' executor
[0.763s] DEBUG:colcon.colcon_parallel_executor.executor.parallel:run_until_complete
[0.763s] INFO:colcon.colcon_ros.task.ament_cmake.build:Building ROS package in '/root/try/a1_ros2_simulation/a1_controller' with build type 'ament_cmake'
[0.763s] INFO:colcon.colcon_cmake.task.cmake.build:Building CMake package in '/root/try/a1_ros2_simulation/a1_controller'
[0.773s] INFO:colcon.colcon_core.plugin_system:Skipping extension 'colcon_core.shell.bat': Not used on non-Windows systems
[0.773s] INFO:colcon.colcon_core.shell:Skip shell extension 'powershell' for command environment: Not usable outside of PowerShell
[0.773s] DEBUG:colcon.colcon_core.shell:Skip shell extension 'dsv' for command environment
[0.781s] DEBUG:colcon.colcon_core.shell:Ignoring prefix path '/opt/ros/foxy'
[0.795s] DEBUG:colcon.colcon_core.event_handler.log_command:Invoking command in '/root/try/a1_ros2_simulation/build/a1_controller': CMAKE_PREFIX_PATH=${CMAKE_PREFIX_PATH}:/opt/ros/foxy /usr/bin/cmake /root/try/a1_ros2_simulation/a1_controller -DCMAKE_INSTALL_PREFIX=/root/try/a1_ros2_simulation/install/a1_controller
[5.052s] DEBUG:colcon.colcon_core.event_handler.log_command:Invoked command in '/root/try/a1_ros2_simulation/build/a1_controller' returned '0': CMAKE_PREFIX_PATH=${CMAKE_PREFIX_PATH}:/opt/ros/foxy /usr/bin/cmake /root/try/a1_ros2_simulation/a1_controller -DCMAKE_INSTALL_PREFIX=/root/try/a1_ros2_simulation/install/a1_controller
[5.052s] DEBUG:colcon.colcon_core.event_handler.log_command:Invoking command in '/root/try/a1_ros2_simulation/build/a1_controller': CMAKE_PREFIX_PATH=${CMAKE_PREFIX_PATH}:/opt/ros/foxy /usr/bin/cmake --build /root/try/a1_ros2_simulation/build/a1_controller -- -j4 -l4
[12.881s] DEBUG:colcon.colcon_core.event_handler.log_command:Invoked command in '/root/try/a1_ros2_simulation/build/a1_controller' returned '0': CMAKE_PREFIX_PATH=${CMAKE_PREFIX_PATH}:/opt/ros/foxy /usr/bin/cmake --build /root/try/a1_ros2_simulation/build/a1_controller -- -j4 -l4
[12.919s] DEBUG:colcon.colcon_core.event_handler.log_command:Invoking command in '/root/try/a1_ros2_simulation/build/a1_controller': CMAKE_PREFIX_PATH=${CMAKE_PREFIX_PATH}:/opt/ros/foxy /usr/bin/cmake --install /root/try/a1_ros2_simulation/build/a1_controller
[12.936s] Level 1:colcon.colcon_core.environment:create_environment_scripts_only(a1_controller)
[12.937s] DEBUG:colcon.colcon_core.event_handler.log_command:Invoked command in '/root/try/a1_ros2_simulation/build/a1_controller' returned '0': CMAKE_PREFIX_PATH=${CMAKE_PREFIX_PATH}:/opt/ros/foxy /usr/bin/cmake --install /root/try/a1_ros2_simulation/build/a1_controller
[12.939s] Level 1:colcon.colcon_core.environment:checking '/root/try/a1_ros2_simulation/install/a1_controller' for CMake module files
[12.940s] Level 1:colcon.colcon_core.environment:checking '/root/try/a1_ros2_simulation/install/a1_controller' for CMake config files
[12.940s] Level 1:colcon.colcon_core.shell:create_environment_hook('a1_controller', 'cmake_prefix_path')
[12.940s] INFO:colcon.colcon_core.shell:Creating environment hook '/root/try/a1_ros2_simulation/install/a1_controller/share/a1_controller/hook/cmake_prefix_path.ps1'
[12.941s] INFO:colcon.colcon_core.shell:Creating environment descriptor '/root/try/a1_ros2_simulation/install/a1_controller/share/a1_controller/hook/cmake_prefix_path.dsv'
[12.941s] INFO:colcon.colcon_core.shell:Creating environment hook '/root/try/a1_ros2_simulation/install/a1_controller/share/a1_controller/hook/cmake_prefix_path.sh'
[12.942s] Level 1:colcon.colcon_core.environment:checking '/root/try/a1_ros2_simulation/install/a1_controller/lib'
[12.942s] Level 1:colcon.colcon_core.environment:checking '/root/try/a1_ros2_simulation/install/a1_controller/bin'
[12.942s] Level 1:colcon.colcon_core.environment:checking '/root/try/a1_ros2_simulation/install/a1_controller/lib/pkgconfig/a1_controller.pc'
[12.942s] Level 1:colcon.colcon_core.environment:checking '/root/try/a1_ros2_simulation/install/a1_controller/lib/python3.8/site-packages'
[12.942s] INFO:colcon.colcon_core.shell:Creating package script '/root/try/a1_ros2_simulation/install/a1_controller/share/a1_controller/package.ps1'
[12.943s] INFO:colcon.colcon_core.shell:Creating package descriptor '/root/try/a1_ros2_simulation/install/a1_controller/share/a1_controller/package.dsv'
[12.943s] INFO:colcon.colcon_core.shell:Creating package script '/root/try/a1_ros2_simulation/install/a1_controller/share/a1_controller/package.sh'
[12.944s] INFO:colcon.colcon_core.shell:Creating package script '/root/try/a1_ros2_simulation/install/a1_controller/share/a1_controller/package.bash'
[12.944s] INFO:colcon.colcon_core.shell:Creating package script '/root/try/a1_ros2_simulation/install/a1_controller/share/a1_controller/package.zsh'
[12.946s] Level 1:colcon.colcon_core.environment:create_file_with_runtime_dependencies(/root/try/a1_ros2_simulation/install/a1_controller/share/colcon-core/packages/a1_controller)
[12.973s] Level 1:colcon.colcon_core.environment:create_environment_scripts_only(a1_controller)
[12.974s] Level 1:colcon.colcon_core.environment:checking '/root/try/a1_ros2_simulation/install/a1_controller' for CMake module files
[12.974s] Level 1:colcon.colcon_core.environment:checking '/root/try/a1_ros2_simulation/install/a1_controller' for CMake config files
[12.974s] Level 1:colcon.colcon_core.shell:create_environment_hook('a1_controller', 'cmake_prefix_path')
[12.975s] INFO:colcon.colcon_core.shell:Creating environment hook '/root/try/a1_ros2_simulation/install/a1_controller/share/a1_controller/hook/cmake_prefix_path.ps1'
[12.975s] INFO:colcon.colcon_core.shell:Creating environment descriptor '/root/try/a1_ros2_simulation/install/a1_controller/share/a1_controller/hook/cmake_prefix_path.dsv'
[12.975s] INFO:colcon.colcon_core.shell:Creating environment hook '/root/try/a1_ros2_simulation/install/a1_controller/share/a1_controller/hook/cmake_prefix_path.sh'
[12.976s] Level 1:colcon.colcon_core.environment:checking '/root/try/a1_ros2_simulation/install/a1_controller/lib'
[12.976s] Level 1:colcon.colcon_core.environment:checking '/root/try/a1_ros2_simulation/install/a1_controller/bin'
[12.976s] Level 1:colcon.colcon_core.environment:checking '/root/try/a1_ros2_simulation/install/a1_controller/lib/pkgconfig/a1_controller.pc'
[12.976s] Level 1:colcon.colcon_core.environment:checking '/root/try/a1_ros2_simulation/install/a1_controller/lib/python3.8/site-packages'
[12.977s] INFO:colcon.colcon_core.shell:Creating package script '/root/try/a1_ros2_simulation/install/a1_controller/share/a1_controller/package.ps1'
[12.977s] INFO:colcon.colcon_core.shell:Creating package descriptor '/root/try/a1_ros2_simulation/install/a1_controller/share/a1_controller/package.dsv'
[12.977s] INFO:colcon.colcon_core.shell:Creating package script '/root/try/a1_ros2_simulation/install/a1_controller/share/a1_controller/package.sh'
[12.978s] INFO:colcon.colcon_core.shell:Creating package script '/root/try/a1_ros2_simulation/install/a1_controller/share/a1_controller/package.bash'
[12.978s] INFO:colcon.colcon_core.shell:Creating package script '/root/try/a1_ros2_simulation/install/a1_controller/share/a1_controller/package.zsh'
[12.978s] Level 1:colcon.colcon_core.environment:create_file_with_runtime_dependencies(/root/try/a1_ros2_simulation/install/a1_controller/share/colcon-core/packages/a1_controller)
[12.979s] DEBUG:colcon.colcon_parallel_executor.executor.parallel:closing loop
[12.979s] DEBUG:colcon.colcon_parallel_executor.executor.parallel:loop closed
[12.979s] DEBUG:colcon.colcon_parallel_executor.executor.parallel:run_until_complete finished with '0'
[12.979s] DEBUG:colcon.colcon_core.event_reactor:joining thread
[12.984s] INFO:colcon.colcon_core.plugin_system:Skipping extension 'colcon_notification.desktop_notification.terminal_notifier': Not used on non-Darwin systems
[12.984s] INFO:colcon.colcon_core.plugin_system:Skipping extension 'colcon_notification.desktop_notification.win32': Not used on non-Windows systems
[12.984s] INFO:colcon.colcon_notification.desktop_notification:Sending desktop notification using 'notify2'
[13.054s] DEBUG:colcon.colcon_notification.desktop_notification.notify2:Failed to initialize notify2: org.freedesktop.DBus.Error.ServiceUnknown: The name org.freedesktop.Notifications was not provided by any .service files
[13.054s] DEBUG:colcon.colcon_core.event_reactor:joined thread
[13.055s] INFO:colcon.colcon_core.shell:Creating prefix script '/root/try/a1_ros2_simulation/install/local_setup.ps1'
[13.056s] INFO:colcon.colcon_core.shell:Creating prefix util module '/root/try/a1_ros2_simulation/install/_local_setup_util_ps1.py'
[13.057s] INFO:colcon.colcon_core.shell:Creating prefix chain script '/root/try/a1_ros2_simulation/install/setup.ps1'
[13.059s] INFO:colcon.colcon_core.shell:Creating prefix script '/root/try/a1_ros2_simulation/install/local_setup.sh'
[13.060s] INFO:colcon.colcon_core.shell:Creating prefix util module '/root/try/a1_ros2_simulation/install/_local_setup_util_sh.py'
[13.060s] INFO:colcon.colcon_core.shell:Creating prefix chain script '/root/try/a1_ros2_simulation/install/setup.sh'
[13.062s] INFO:colcon.colcon_core.shell:Creating prefix script '/root/try/a1_ros2_simulation/install/local_setup.bash'
[13.063s] INFO:colcon.colcon_core.shell:Creating prefix chain script '/root/try/a1_ros2_simulation/install/setup.bash'
[13.068s] INFO:colcon.colcon_core.shell:Creating prefix script '/root/try/a1_ros2_simulation/install/local_setup.zsh'
[13.069s] INFO:colcon.colcon_core.shell:Creating prefix chain script '/root/try/a1_ros2_simulation/install/setup.zsh'
