[0.026s] Invoking command in '/root/try/a1_ros2_simulation/build/a1_gazebo': CMAKE_PREFIX_PATH=/root/try/a1_ros2_simulation/install/a1_msgs:/root/try/a1_ros2_simulation/install/a1_joint_control:/root/try/a1_ros2_simulation/install/a1_gazebo:/root/try/a1_ros2_simulation/install/a1_controller:/root/try/a1_ros2_simulation/install/a1_description:/opt/ros/foxy /usr/bin/cmake --build /root/try/a1_ros2_simulation/build/a1_gazebo -- -j4 -l4
[0.120s] [ 50%] Built target unitreeDrawForcePlugin
[0.123s] [100%] Built target unitreeFootContactPlugin
[0.138s] Invoked command in '/root/try/a1_ros2_simulation/build/a1_gazebo' returned '0': CMAKE_PREFIX_PATH=/root/try/a1_ros2_simulation/install/a1_msgs:/root/try/a1_ros2_simulation/install/a1_joint_control:/root/try/a1_ros2_simulation/install/a1_gazebo:/root/try/a1_ros2_simulation/install/a1_controller:/root/try/a1_ros2_simulation/install/a1_description:/opt/ros/foxy /usr/bin/cmake --build /root/try/a1_ros2_simulation/build/a1_gazebo -- -j4 -l4
[0.174s] Invoking command in '/root/try/a1_ros2_simulation/build/a1_gazebo': CMAKE_PREFIX_PATH=/root/try/a1_ros2_simulation/install/a1_msgs:/root/try/a1_ros2_simulation/install/a1_joint_control:/root/try/a1_ros2_simulation/install/a1_gazebo:/root/try/a1_ros2_simulation/install/a1_controller:/root/try/a1_ros2_simulation/install/a1_description:/opt/ros/foxy /usr/bin/cmake --install /root/try/a1_ros2_simulation/build/a1_gazebo
[0.181s] -- Install configuration: ""
[0.181s] -- Up-to-date: /root/try/a1_ros2_simulation/install/a1_gazebo/lib/a1_gazebo/libunitreeFootContactPlugin.so
[0.181s] -- Up-to-date: /root/try/a1_ros2_simulation/install/a1_gazebo/lib/a1_gazebo/libunitreeDrawForcePlugin.so
[0.181s] -- Up-to-date: /root/try/a1_ros2_simulation/install/a1_gazebo/share/a1_gazebo/launch
[0.182s] -- Up-to-date: /root/try/a1_ros2_simulation/install/a1_gazebo/share/a1_gazebo/launch/a2.launch.py
[0.182s] -- Up-to-date: /root/try/a1_ros2_simulation/install/a1_gazebo/share/a1_gazebo/launch/f.launch.py
[0.182s] -- Up-to-date: /root/try/a1_ros2_simulation/install/a1_gazebo/share/a1_gazebo/launch/normal.launch
[0.182s] -- Up-to-date: /root/try/a1_ros2_simulation/install/a1_gazebo/share/a1_gazebo/launch/a1.launch.py
[0.182s] -- Up-to-date: /root/try/a1_ros2_simulation/install/a1_gazebo/share/a1_gazebo/launch/try.launch.py
[0.182s] -- Up-to-date: /root/try/a1_ros2_simulation/install/a1_gazebo/share/a1_gazebo/launch/rrbot.launch.py
[0.182s] -- Up-to-date: /root/try/a1_ros2_simulation/install/a1_gazebo/share/a1_gazebo/launch/__pycache__
[0.182s] -- Up-to-date: /root/try/a1_ros2_simulation/install/a1_gazebo/share/a1_gazebo/launch/__pycache__/a1.launch.cpython-38.pyc
[0.182s] -- Up-to-date: /root/try/a1_ros2_simulation/install/a1_gazebo/share/a1_gazebo/launch/tt.launch.py
[0.182s] -- Up-to-date: /root/try/a1_ros2_simulation/install/a1_gazebo/share/a1_gazebo/worlds
[0.182s] -- Up-to-date: /root/try/a1_ros2_simulation/install/a1_gazebo/share/a1_gazebo/worlds/building_editor_models
[0.182s] -- Up-to-date: /root/try/a1_ros2_simulation/install/a1_gazebo/share/a1_gazebo/worlds/building_editor_models/stairs
[0.183s] -- Up-to-date: /root/try/a1_ros2_simulation/install/a1_gazebo/share/a1_gazebo/worlds/building_editor_models/stairs/model.sdf
[0.183s] -- Up-to-date: /root/try/a1_ros2_simulation/install/a1_gazebo/share/a1_gazebo/worlds/building_editor_models/stairs/model.config
[0.183s] -- Up-to-date: /root/try/a1_ros2_simulation/install/a1_gazebo/share/a1_gazebo/worlds/earth.world
[0.183s] -- Up-to-date: /root/try/a1_ros2_simulation/install/a1_gazebo/share/a1_gazebo/worlds/stairs.world
[0.183s] -- Up-to-date: /root/try/a1_ros2_simulation/install/a1_gazebo/share/a1_gazebo/worlds/space.world
[0.183s] -- Up-to-date: /root/try/a1_ros2_simulation/install/a1_gazebo/share/ament_index/resource_index/package_run_dependencies/a1_gazebo
[0.183s] -- Up-to-date: /root/try/a1_ros2_simulation/install/a1_gazebo/share/ament_index/resource_index/parent_prefix_path/a1_gazebo
[0.183s] -- Up-to-date: /root/try/a1_ros2_simulation/install/a1_gazebo/share/a1_gazebo/environment/ament_prefix_path.sh
[0.183s] -- Up-to-date: /root/try/a1_ros2_simulation/install/a1_gazebo/share/a1_gazebo/environment/ament_prefix_path.dsv
[0.183s] -- Up-to-date: /root/try/a1_ros2_simulation/install/a1_gazebo/share/a1_gazebo/environment/path.sh
[0.183s] -- Up-to-date: /root/try/a1_ros2_simulation/install/a1_gazebo/share/a1_gazebo/environment/path.dsv
[0.183s] -- Up-to-date: /root/try/a1_ros2_simulation/install/a1_gazebo/share/a1_gazebo/local_setup.bash
[0.183s] -- Up-to-date: /root/try/a1_ros2_simulation/install/a1_gazebo/share/a1_gazebo/local_setup.sh
[0.183s] -- Up-to-date: /root/try/a1_ros2_simulation/install/a1_gazebo/share/a1_gazebo/local_setup.zsh
[0.183s] -- Up-to-date: /root/try/a1_ros2_simulation/install/a1_gazebo/share/a1_gazebo/local_setup.dsv
[0.184s] -- Installing: /root/try/a1_ros2_simulation/install/a1_gazebo/share/a1_gazebo/package.dsv
[0.184s] -- Up-to-date: /root/try/a1_ros2_simulation/install/a1_gazebo/share/ament_index/resource_index/packages/a1_gazebo
[0.184s] -- Up-to-date: /root/try/a1_ros2_simulation/install/a1_gazebo/share/a1_gazebo/cmake/ament_cmake_export_include_directories-extras.cmake
[0.184s] -- Up-to-date: /root/try/a1_ros2_simulation/install/a1_gazebo/share/a1_gazebo/cmake/a1_gazeboConfig.cmake
[0.184s] -- Up-to-date: /root/try/a1_ros2_simulation/install/a1_gazebo/share/a1_gazebo/cmake/a1_gazeboConfig-version.cmake
[0.184s] -- Up-to-date: /root/try/a1_ros2_simulation/install/a1_gazebo/share/a1_gazebo/package.xml
[0.188s] Invoked command in '/root/try/a1_ros2_simulation/build/a1_gazebo' returned '0': CMAKE_PREFIX_PATH=/root/try/a1_ros2_simulation/install/a1_msgs:/root/try/a1_ros2_simulation/install/a1_joint_control:/root/try/a1_ros2_simulation/install/a1_gazebo:/root/try/a1_ros2_simulation/install/a1_controller:/root/try/a1_ros2_simulation/install/a1_description:/opt/ros/foxy /usr/bin/cmake --install /root/try/a1_ros2_simulation/build/a1_gazebo
