[0.234s] DEBUG:colcon:Command line arguments: ['/usr/bin/colcon', 'build', '--packages-select', 'a1_description']
[0.234s] DEBUG:colcon:Parsed command line arguments: Namespace(ament_cmake_args=None, base_paths=['.'], build_base='build', catkin_cmake_args=None, catkin_skip_building_tests=False, cmake_args=None, cmake_clean_cache=False, cmake_clean_first=False, cmake_force_configure=False, cmake_target=None, cmake_target_skip_unavailable=False, continue_on_error=False, event_handlers=None, executor='parallel', ignore_user_meta=False, install_base='install', log_base=None, log_level=None, main=<bound method BuildVerb.main of <colcon_core.verb.build.BuildVerb object at 0x7f5509f279d0>>, merge_install=False, metas=['./colcon.meta'], packages_above=None, packages_above_and_dependencies=None, packages_above_depth=None, packages_end=None, packages_ignore=None, packages_ignore_regex=None, packages_select=['a1_description'], packages_select_build_failed=False, packages_select_by_dep=None, packages_select_regex=None, packages_select_test_failures=False, packages_skip=None, packages_skip_build_finished=False, packages_skip_by_dep=None, packages_skip_regex=None, packages_skip_test_passed=False, packages_skip_up_to=None, packages_start=None, packages_up_to=None, packages_up_to_regex=None, parallel_workers=4, paths=None, symlink_install=False, test_result_base=None, verb_extension=<colcon_core.verb.build.BuildVerb object at 0x7f5509f279d0>, verb_name='build', verb_parser=<colcon_defaults.argument_parser.defaults.DefaultArgumentsDecorator object at 0x7f5509f27f40>)
[0.238s] Level 1:colcon.colcon_core.package_discovery:discover_packages(colcon_meta) check parameters
[0.238s] Level 1:colcon.colcon_core.package_discovery:discover_packages(recursive) check parameters
[0.238s] Level 1:colcon.colcon_core.package_discovery:discover_packages(ignore) check parameters
[0.238s] Level 1:colcon.colcon_core.package_discovery:discover_packages(path) check parameters
[0.238s] Level 1:colcon.colcon_core.package_discovery:discover_packages(colcon_meta) discover
[0.238s] Level 1:colcon.colcon_core.package_discovery:discover_packages(recursive) discover
[0.238s] INFO:colcon.colcon_core.package_discovery:Crawling recursively for packages in '/root/try/a1_ros2_simulation'
[0.238s] Level 1:colcon.colcon_core.package_identification:_identify(.) by extensions ['ignore', 'ignore_ament_install']
[0.238s] Level 1:colcon.colcon_core.package_identification:_identify(.) by extension 'ignore'
[0.238s] Level 1:colcon.colcon_core.package_identification:_identify(.) by extension 'ignore_ament_install'
[0.238s] Level 1:colcon.colcon_core.package_identification:_identify(.) by extensions ['colcon_pkg']
[0.239s] Level 1:colcon.colcon_core.package_identification:_identify(.) by extension 'colcon_pkg'
[0.239s] Level 1:colcon.colcon_core.package_identification:_identify(.) by extensions ['colcon_meta']
[0.239s] Level 1:colcon.colcon_core.package_identification:_identify(.) by extension 'colcon_meta'
[0.239s] Level 1:colcon.colcon_core.package_identification:_identify(.) by extensions ['ros']
[0.239s] Level 1:colcon.colcon_core.package_identification:_identify(.) by extension 'ros'
[0.248s] Level 1:colcon.colcon_core.package_identification:_identify(.) by extensions ['cmake', 'python']
[0.248s] Level 1:colcon.colcon_core.package_identification:_identify(.) by extension 'cmake'
[0.248s] Level 1:colcon.colcon_core.package_identification:_identify(.) by extension 'python'
[0.248s] Level 1:colcon.colcon_core.package_identification:_identify(.) by extensions ['python_setup_py']
[0.248s] Level 1:colcon.colcon_core.package_identification:_identify(.) by extension 'python_setup_py'
[0.248s] Level 1:colcon.colcon_core.package_identification:_identify(a1_controller) by extensions ['ignore', 'ignore_ament_install']
[0.248s] Level 1:colcon.colcon_core.package_identification:_identify(a1_controller) by extension 'ignore'
[0.248s] Level 1:colcon.colcon_core.package_identification:_identify(a1_controller) by extension 'ignore_ament_install'
[0.249s] Level 1:colcon.colcon_core.package_identification:_identify(a1_controller) by extensions ['colcon_pkg']
[0.249s] Level 1:colcon.colcon_core.package_identification:_identify(a1_controller) by extension 'colcon_pkg'
[0.249s] Level 1:colcon.colcon_core.package_identification:_identify(a1_controller) by extensions ['colcon_meta']
[0.249s] Level 1:colcon.colcon_core.package_identification:_identify(a1_controller) by extension 'colcon_meta'
[0.249s] Level 1:colcon.colcon_core.package_identification:_identify(a1_controller) by extensions ['ros']
[0.249s] Level 1:colcon.colcon_core.package_identification:_identify(a1_controller) by extension 'ros'
[0.251s] DEBUG:colcon.colcon_core.package_identification:Package 'a1_controller' with type 'ros.ament_cmake' and name 'a1_controller'
[0.251s] Level 1:colcon.colcon_core.package_identification:_identify(a1_description) by extensions ['ignore', 'ignore_ament_install']
[0.251s] Level 1:colcon.colcon_core.package_identification:_identify(a1_description) by extension 'ignore'
[0.251s] Level 1:colcon.colcon_core.package_identification:_identify(a1_description) by extension 'ignore_ament_install'
[0.251s] Level 1:colcon.colcon_core.package_identification:_identify(a1_description) by extensions ['colcon_pkg']
[0.251s] Level 1:colcon.colcon_core.package_identification:_identify(a1_description) by extension 'colcon_pkg'
[0.251s] Level 1:colcon.colcon_core.package_identification:_identify(a1_description) by extensions ['colcon_meta']
[0.252s] Level 1:colcon.colcon_core.package_identification:_identify(a1_description) by extension 'colcon_meta'
[0.252s] Level 1:colcon.colcon_core.package_identification:_identify(a1_description) by extensions ['ros']
[0.252s] Level 1:colcon.colcon_core.package_identification:_identify(a1_description) by extension 'ros'
[0.252s] DEBUG:colcon.colcon_core.package_identification:Package 'a1_description' with type 'ros.ament_cmake' and name 'a1_description'
[0.252s] Level 1:colcon.colcon_core.package_identification:_identify(a1_gazebo) by extensions ['ignore', 'ignore_ament_install']
[0.252s] Level 1:colcon.colcon_core.package_identification:_identify(a1_gazebo) by extension 'ignore'
[0.252s] Level 1:colcon.colcon_core.package_identification:_identify(a1_gazebo) by extension 'ignore_ament_install'
[0.252s] Level 1:colcon.colcon_core.package_identification:_identify(a1_gazebo) by extensions ['colcon_pkg']
[0.252s] Level 1:colcon.colcon_core.package_identification:_identify(a1_gazebo) by extension 'colcon_pkg'
[0.252s] Level 1:colcon.colcon_core.package_identification:_identify(a1_gazebo) by extensions ['colcon_meta']
[0.252s] Level 1:colcon.colcon_core.package_identification:_identify(a1_gazebo) by extension 'colcon_meta'
[0.252s] Level 1:colcon.colcon_core.package_identification:_identify(a1_gazebo) by extensions ['ros']
[0.252s] Level 1:colcon.colcon_core.package_identification:_identify(a1_gazebo) by extension 'ros'
[0.253s] DEBUG:colcon.colcon_core.package_identification:Package 'a1_gazebo' with type 'ros.ament_cmake' and name 'a1_gazebo'
[0.253s] Level 1:colcon.colcon_core.package_identification:_identify(a1_joint_control) by extensions ['ignore', 'ignore_ament_install']
[0.253s] Level 1:colcon.colcon_core.package_identification:_identify(a1_joint_control) by extension 'ignore'
[0.253s] Level 1:colcon.colcon_core.package_identification:_identify(a1_joint_control) by extension 'ignore_ament_install'
[0.253s] Level 1:colcon.colcon_core.package_identification:_identify(a1_joint_control) by extensions ['colcon_pkg']
[0.253s] Level 1:colcon.colcon_core.package_identification:_identify(a1_joint_control) by extension 'colcon_pkg'
[0.253s] Level 1:colcon.colcon_core.package_identification:_identify(a1_joint_control) by extensions ['colcon_meta']
[0.253s] Level 1:colcon.colcon_core.package_identification:_identify(a1_joint_control) by extension 'colcon_meta'
[0.253s] Level 1:colcon.colcon_core.package_identification:_identify(a1_joint_control) by extensions ['ros']
[0.253s] Level 1:colcon.colcon_core.package_identification:_identify(a1_joint_control) by extension 'ros'
[0.254s] DEBUG:colcon.colcon_core.package_identification:Package 'a1_joint_control' with type 'ros.ament_cmake' and name 'a1_joint_control'
[0.254s] Level 1:colcon.colcon_core.package_identification:_identify(a1_msgs) by extensions ['ignore', 'ignore_ament_install']
[0.254s] Level 1:colcon.colcon_core.package_identification:_identify(a1_msgs) by extension 'ignore'
[0.254s] Level 1:colcon.colcon_core.package_identification:_identify(a1_msgs) by extension 'ignore_ament_install'
[0.254s] Level 1:colcon.colcon_core.package_identification:_identify(a1_msgs) by extensions ['colcon_pkg']
[0.254s] Level 1:colcon.colcon_core.package_identification:_identify(a1_msgs) by extension 'colcon_pkg'
[0.254s] Level 1:colcon.colcon_core.package_identification:_identify(a1_msgs) by extensions ['colcon_meta']
[0.255s] Level 1:colcon.colcon_core.package_identification:_identify(a1_msgs) by extension 'colcon_meta'
[0.255s] Level 1:colcon.colcon_core.package_identification:_identify(a1_msgs) by extensions ['ros']
[0.255s] Level 1:colcon.colcon_core.package_identification:_identify(a1_msgs) by extension 'ros'
[0.255s] DEBUG:colcon.colcon_core.package_identification:Package 'a1_msgs' with type 'ros.ament_cmake' and name 'a1_msgs'
[0.255s] Level 1:colcon.colcon_core.package_identification:_identify(build) by extensions ['ignore', 'ignore_ament_install']
[0.255s] Level 1:colcon.colcon_core.package_identification:_identify(build) by extension 'ignore'
[0.255s] Level 1:colcon.colcon_core.package_identification:_identify(build) ignored
[0.255s] Level 1:colcon.colcon_core.package_identification:_identify(install) by extensions ['ignore', 'ignore_ament_install']
[0.255s] Level 1:colcon.colcon_core.package_identification:_identify(install) by extension 'ignore'
[0.255s] Level 1:colcon.colcon_core.package_identification:_identify(install) ignored
[0.255s] Level 1:colcon.colcon_core.package_identification:_identify(log) by extensions ['ignore', 'ignore_ament_install']
[0.255s] Level 1:colcon.colcon_core.package_identification:_identify(log) by extension 'ignore'
[0.256s] Level 1:colcon.colcon_core.package_identification:_identify(log) ignored
[0.256s] Level 1:colcon.colcon_core.package_discovery:discover_packages(recursive) using defaults
[0.256s] Level 1:colcon.colcon_core.package_discovery:discover_packages(ignore) discover
[0.256s] Level 1:colcon.colcon_core.package_discovery:discover_packages(ignore) using defaults
[0.256s] Level 1:colcon.colcon_core.package_discovery:discover_packages(path) discover
[0.256s] Level 1:colcon.colcon_core.package_discovery:discover_packages(path) using defaults
[0.270s] INFO:colcon.colcon_core.package_selection:Skipping not selected package 'a1_msgs' in 'a1_msgs'
[0.270s] INFO:colcon.colcon_core.package_selection:Skipping not selected package 'a1_controller' in 'a1_controller'
[0.270s] INFO:colcon.colcon_core.package_selection:Skipping not selected package 'a1_gazebo' in 'a1_gazebo'
[0.270s] INFO:colcon.colcon_core.package_selection:Skipping not selected package 'a1_joint_control' in 'a1_joint_control'
[0.272s] Level 5:colcon.colcon_core.verb:set package 'a1_description' build argument 'cmake_args' from command line to 'None'
[0.272s] Level 5:colcon.colcon_core.verb:set package 'a1_description' build argument 'cmake_target' from command line to 'None'
[0.272s] Level 5:colcon.colcon_core.verb:set package 'a1_description' build argument 'cmake_target_skip_unavailable' from command line to 'False'
[0.272s] Level 5:colcon.colcon_core.verb:set package 'a1_description' build argument 'cmake_clean_cache' from command line to 'False'
[0.272s] Level 5:colcon.colcon_core.verb:set package 'a1_description' build argument 'cmake_clean_first' from command line to 'False'
[0.272s] Level 5:colcon.colcon_core.verb:set package 'a1_description' build argument 'cmake_force_configure' from command line to 'False'
[0.272s] Level 5:colcon.colcon_core.verb:set package 'a1_description' build argument 'ament_cmake_args' from command line to 'None'
[0.272s] Level 5:colcon.colcon_core.verb:set package 'a1_description' build argument 'catkin_cmake_args' from command line to 'None'
[0.272s] Level 5:colcon.colcon_core.verb:set package 'a1_description' build argument 'catkin_skip_building_tests' from command line to 'False'
[0.272s] DEBUG:colcon.colcon_core.verb:Building package 'a1_description' with the following arguments: {'ament_cmake_args': None, 'build_base': '/root/try/a1_ros2_simulation/build/a1_description', 'catkin_cmake_args': None, 'catkin_skip_building_tests': False, 'cmake_args': None, 'cmake_clean_cache': False, 'cmake_clean_first': False, 'cmake_force_configure': False, 'cmake_target': None, 'cmake_target_skip_unavailable': False, 'install_base': '/root/try/a1_ros2_simulation/install/a1_description', 'merge_install': False, 'path': '/root/try/a1_ros2_simulation/a1_description', 'symlink_install': False, 'test_result_base': None}
[0.272s] INFO:colcon.colcon_core.executor:Executing jobs using 'parallel' executor
[0.274s] DEBUG:colcon.colcon_parallel_executor.executor.parallel:run_until_complete
[0.274s] INFO:colcon.colcon_ros.task.ament_cmake.build:Building ROS package in '/root/try/a1_ros2_simulation/a1_description' with build type 'ament_cmake'
[0.274s] INFO:colcon.colcon_cmake.task.cmake.build:Building CMake package in '/root/try/a1_ros2_simulation/a1_description'
[0.277s] INFO:colcon.colcon_core.plugin_system:Skipping extension 'colcon_core.shell.bat': Not used on non-Windows systems
[0.277s] INFO:colcon.colcon_core.shell:Skip shell extension 'powershell' for command environment: Not usable outside of PowerShell
[0.277s] DEBUG:colcon.colcon_core.shell:Skip shell extension 'dsv' for command environment
[0.279s] DEBUG:colcon.colcon_core.shell:Ignoring prefix path '/opt/ros/foxy'
[0.287s] DEBUG:colcon.colcon_core.event_handler.log_command:Invoking command in '/root/try/a1_ros2_simulation/build/a1_description': CMAKE_PREFIX_PATH=${CMAKE_PREFIX_PATH}:/opt/ros/foxy /usr/bin/cmake /root/try/a1_ros2_simulation/a1_description -DCMAKE_INSTALL_PREFIX=/root/try/a1_ros2_simulation/install/a1_description
[0.927s] DEBUG:colcon.colcon_core.event_handler.log_command:Invoked command in '/root/try/a1_ros2_simulation/build/a1_description' returned '0': CMAKE_PREFIX_PATH=${CMAKE_PREFIX_PATH}:/opt/ros/foxy /usr/bin/cmake /root/try/a1_ros2_simulation/a1_description -DCMAKE_INSTALL_PREFIX=/root/try/a1_ros2_simulation/install/a1_description
[0.929s] DEBUG:colcon.colcon_core.event_handler.log_command:Invoking command in '/root/try/a1_ros2_simulation/build/a1_description': CMAKE_PREFIX_PATH=${CMAKE_PREFIX_PATH}:/opt/ros/foxy /usr/bin/cmake --build /root/try/a1_ros2_simulation/build/a1_description -- -j4 -l4
[0.966s] DEBUG:colcon.colcon_core.event_handler.log_command:Invoked command in '/root/try/a1_ros2_simulation/build/a1_description' returned '0': CMAKE_PREFIX_PATH=${CMAKE_PREFIX_PATH}:/opt/ros/foxy /usr/bin/cmake --build /root/try/a1_ros2_simulation/build/a1_description -- -j4 -l4
[0.997s] DEBUG:colcon.colcon_core.event_handler.log_command:Invoking command in '/root/try/a1_ros2_simulation/build/a1_description': CMAKE_PREFIX_PATH=${CMAKE_PREFIX_PATH}:/opt/ros/foxy /usr/bin/cmake --install /root/try/a1_ros2_simulation/build/a1_description
[1.069s] Level 1:colcon.colcon_core.environment:create_environment_scripts_only(a1_description)
[1.070s] DEBUG:colcon.colcon_core.event_handler.log_command:Invoked command in '/root/try/a1_ros2_simulation/build/a1_description' returned '0': CMAKE_PREFIX_PATH=${CMAKE_PREFIX_PATH}:/opt/ros/foxy /usr/bin/cmake --install /root/try/a1_ros2_simulation/build/a1_description
[1.073s] Level 1:colcon.colcon_core.environment:checking '/root/try/a1_ros2_simulation/install/a1_description' for CMake module files
[1.073s] Level 1:colcon.colcon_core.environment:checking '/root/try/a1_ros2_simulation/install/a1_description' for CMake config files
[1.073s] Level 1:colcon.colcon_core.shell:create_environment_hook('a1_description', 'cmake_prefix_path')
[1.074s] INFO:colcon.colcon_core.shell:Creating environment hook '/root/try/a1_ros2_simulation/install/a1_description/share/a1_description/hook/cmake_prefix_path.ps1'
[1.074s] INFO:colcon.colcon_core.shell:Creating environment descriptor '/root/try/a1_ros2_simulation/install/a1_description/share/a1_description/hook/cmake_prefix_path.dsv'
[1.075s] INFO:colcon.colcon_core.shell:Creating environment hook '/root/try/a1_ros2_simulation/install/a1_description/share/a1_description/hook/cmake_prefix_path.sh'
[1.075s] Level 1:colcon.colcon_core.environment:checking '/root/try/a1_ros2_simulation/install/a1_description/bin'
[1.075s] Level 1:colcon.colcon_core.environment:checking '/root/try/a1_ros2_simulation/install/a1_description/lib/pkgconfig/a1_description.pc'
[1.075s] Level 1:colcon.colcon_core.environment:checking '/root/try/a1_ros2_simulation/install/a1_description/lib/python3.8/site-packages'
[1.076s] INFO:colcon.colcon_core.shell:Creating package script '/root/try/a1_ros2_simulation/install/a1_description/share/a1_description/package.ps1'
[1.076s] INFO:colcon.colcon_core.shell:Creating package descriptor '/root/try/a1_ros2_simulation/install/a1_description/share/a1_description/package.dsv'
[1.077s] INFO:colcon.colcon_core.shell:Creating package script '/root/try/a1_ros2_simulation/install/a1_description/share/a1_description/package.sh'
[1.077s] INFO:colcon.colcon_core.shell:Creating package script '/root/try/a1_ros2_simulation/install/a1_description/share/a1_description/package.bash'
[1.078s] INFO:colcon.colcon_core.shell:Creating package script '/root/try/a1_ros2_simulation/install/a1_description/share/a1_description/package.zsh'
[1.080s] Level 1:colcon.colcon_core.environment:create_file_with_runtime_dependencies(/root/try/a1_ros2_simulation/install/a1_description/share/colcon-core/packages/a1_description)
[1.100s] Level 1:colcon.colcon_core.environment:create_environment_scripts_only(a1_description)
[1.100s] Level 1:colcon.colcon_core.environment:checking '/root/try/a1_ros2_simulation/install/a1_description' for CMake module files
[1.101s] Level 1:colcon.colcon_core.environment:checking '/root/try/a1_ros2_simulation/install/a1_description' for CMake config files
[1.101s] Level 1:colcon.colcon_core.shell:create_environment_hook('a1_description', 'cmake_prefix_path')
[1.102s] INFO:colcon.colcon_core.shell:Creating environment hook '/root/try/a1_ros2_simulation/install/a1_description/share/a1_description/hook/cmake_prefix_path.ps1'
[1.102s] INFO:colcon.colcon_core.shell:Creating environment descriptor '/root/try/a1_ros2_simulation/install/a1_description/share/a1_description/hook/cmake_prefix_path.dsv'
[1.102s] INFO:colcon.colcon_core.shell:Creating environment hook '/root/try/a1_ros2_simulation/install/a1_description/share/a1_description/hook/cmake_prefix_path.sh'
[1.103s] Level 1:colcon.colcon_core.environment:checking '/root/try/a1_ros2_simulation/install/a1_description/bin'
[1.103s] Level 1:colcon.colcon_core.environment:checking '/root/try/a1_ros2_simulation/install/a1_description/lib/pkgconfig/a1_description.pc'
[1.103s] Level 1:colcon.colcon_core.environment:checking '/root/try/a1_ros2_simulation/install/a1_description/lib/python3.8/site-packages'
[1.103s] INFO:colcon.colcon_core.shell:Creating package script '/root/try/a1_ros2_simulation/install/a1_description/share/a1_description/package.ps1'
[1.104s] INFO:colcon.colcon_core.shell:Creating package descriptor '/root/try/a1_ros2_simulation/install/a1_description/share/a1_description/package.dsv'
[1.104s] INFO:colcon.colcon_core.shell:Creating package script '/root/try/a1_ros2_simulation/install/a1_description/share/a1_description/package.sh'
[1.105s] INFO:colcon.colcon_core.shell:Creating package script '/root/try/a1_ros2_simulation/install/a1_description/share/a1_description/package.bash'
[1.105s] INFO:colcon.colcon_core.shell:Creating package script '/root/try/a1_ros2_simulation/install/a1_description/share/a1_description/package.zsh'
[1.105s] Level 1:colcon.colcon_core.environment:create_file_with_runtime_dependencies(/root/try/a1_ros2_simulation/install/a1_description/share/colcon-core/packages/a1_description)
[1.106s] DEBUG:colcon.colcon_parallel_executor.executor.parallel:closing loop
[1.106s] DEBUG:colcon.colcon_parallel_executor.executor.parallel:loop closed
[1.106s] DEBUG:colcon.colcon_parallel_executor.executor.parallel:run_until_complete finished with '0'
[1.106s] DEBUG:colcon.colcon_core.event_reactor:joining thread
[1.111s] INFO:colcon.colcon_core.plugin_system:Skipping extension 'colcon_notification.desktop_notification.terminal_notifier': Not used on non-Darwin systems
[1.111s] INFO:colcon.colcon_core.plugin_system:Skipping extension 'colcon_notification.desktop_notification.win32': Not used on non-Windows systems
[1.111s] INFO:colcon.colcon_notification.desktop_notification:Sending desktop notification using 'notify2'
[1.117s] DEBUG:colcon.colcon_notification.desktop_notification.notify2:Failed to initialize notify2: org.freedesktop.DBus.Error.ServiceUnknown: The name org.freedesktop.Notifications was not provided by any .service files
[1.117s] DEBUG:colcon.colcon_core.event_reactor:joined thread
[1.118s] INFO:colcon.colcon_core.shell:Creating prefix script '/root/try/a1_ros2_simulation/install/local_setup.ps1'
[1.119s] INFO:colcon.colcon_core.shell:Creating prefix util module '/root/try/a1_ros2_simulation/install/_local_setup_util_ps1.py'
[1.120s] INFO:colcon.colcon_core.shell:Creating prefix chain script '/root/try/a1_ros2_simulation/install/setup.ps1'
[1.121s] INFO:colcon.colcon_core.shell:Creating prefix script '/root/try/a1_ros2_simulation/install/local_setup.sh'
[1.122s] INFO:colcon.colcon_core.shell:Creating prefix util module '/root/try/a1_ros2_simulation/install/_local_setup_util_sh.py'
[1.122s] INFO:colcon.colcon_core.shell:Creating prefix chain script '/root/try/a1_ros2_simulation/install/setup.sh'
[1.124s] INFO:colcon.colcon_core.shell:Creating prefix script '/root/try/a1_ros2_simulation/install/local_setup.bash'
[1.124s] INFO:colcon.colcon_core.shell:Creating prefix chain script '/root/try/a1_ros2_simulation/install/setup.bash'
[1.126s] INFO:colcon.colcon_core.shell:Creating prefix script '/root/try/a1_ros2_simulation/install/local_setup.zsh'
[1.126s] INFO:colcon.colcon_core.shell:Creating prefix chain script '/root/try/a1_ros2_simulation/install/setup.zsh'
