[0.236s] DEBUG:colcon:Command line arguments: ['/usr/bin/colcon', 'build', '--packages-select', 'a1_msgs']
[0.236s] DEBUG:colcon:Parsed command line arguments: Namespace(ament_cmake_args=None, base_paths=['.'], build_base='build', catkin_cmake_args=None, catkin_skip_building_tests=False, cmake_args=None, cmake_clean_cache=False, cmake_clean_first=False, cmake_force_configure=False, cmake_target=None, cmake_target_skip_unavailable=False, continue_on_error=False, event_handlers=None, executor='parallel', ignore_user_meta=False, install_base='install', log_base=None, log_level=None, main=<bound method BuildVerb.main of <colcon_core.verb.build.BuildVerb object at 0x7f4b9a5369d0>>, merge_install=False, metas=['./colcon.meta'], packages_above=None, packages_above_and_dependencies=None, packages_above_depth=None, packages_end=None, packages_ignore=None, packages_ignore_regex=None, packages_select=['a1_msgs'], packages_select_build_failed=False, packages_select_by_dep=None, packages_select_regex=None, packages_select_test_failures=False, packages_skip=None, packages_skip_build_finished=False, packages_skip_by_dep=None, packages_skip_regex=None, packages_skip_test_passed=False, packages_skip_up_to=None, packages_start=None, packages_up_to=None, packages_up_to_regex=None, parallel_workers=4, paths=None, symlink_install=False, test_result_base=None, verb_extension=<colcon_core.verb.build.BuildVerb object at 0x7f4b9a5369d0>, verb_name='build', verb_parser=<colcon_defaults.argument_parser.defaults.DefaultArgumentsDecorator object at 0x7f4b9a536f40>)
[0.241s] Level 1:colcon.colcon_core.package_discovery:discover_packages(colcon_meta) check parameters
[0.241s] Level 1:colcon.colcon_core.package_discovery:discover_packages(recursive) check parameters
[0.241s] Level 1:colcon.colcon_core.package_discovery:discover_packages(ignore) check parameters
[0.241s] Level 1:colcon.colcon_core.package_discovery:discover_packages(path) check parameters
[0.241s] Level 1:colcon.colcon_core.package_discovery:discover_packages(colcon_meta) discover
[0.241s] Level 1:colcon.colcon_core.package_discovery:discover_packages(recursive) discover
[0.241s] INFO:colcon.colcon_core.package_discovery:Crawling recursively for packages in '/root/try/a1_ros2_simulation'
[0.241s] Level 1:colcon.colcon_core.package_identification:_identify(.) by extensions ['ignore', 'ignore_ament_install']
[0.241s] Level 1:colcon.colcon_core.package_identification:_identify(.) by extension 'ignore'
[0.241s] Level 1:colcon.colcon_core.package_identification:_identify(.) by extension 'ignore_ament_install'
[0.241s] Level 1:colcon.colcon_core.package_identification:_identify(.) by extensions ['colcon_pkg']
[0.241s] Level 1:colcon.colcon_core.package_identification:_identify(.) by extension 'colcon_pkg'
[0.241s] Level 1:colcon.colcon_core.package_identification:_identify(.) by extensions ['colcon_meta']
[0.241s] Level 1:colcon.colcon_core.package_identification:_identify(.) by extension 'colcon_meta'
[0.241s] Level 1:colcon.colcon_core.package_identification:_identify(.) by extensions ['ros']
[0.242s] Level 1:colcon.colcon_core.package_identification:_identify(.) by extension 'ros'
[0.251s] Level 1:colcon.colcon_core.package_identification:_identify(.) by extensions ['cmake', 'python']
[0.251s] Level 1:colcon.colcon_core.package_identification:_identify(.) by extension 'cmake'
[0.251s] Level 1:colcon.colcon_core.package_identification:_identify(.) by extension 'python'
[0.251s] Level 1:colcon.colcon_core.package_identification:_identify(.) by extensions ['python_setup_py']
[0.251s] Level 1:colcon.colcon_core.package_identification:_identify(.) by extension 'python_setup_py'
[0.251s] Level 1:colcon.colcon_core.package_identification:_identify(a1_controller) by extensions ['ignore', 'ignore_ament_install']
[0.251s] Level 1:colcon.colcon_core.package_identification:_identify(a1_controller) by extension 'ignore'
[0.251s] Level 1:colcon.colcon_core.package_identification:_identify(a1_controller) by extension 'ignore_ament_install'
[0.252s] Level 1:colcon.colcon_core.package_identification:_identify(a1_controller) by extensions ['colcon_pkg']
[0.252s] Level 1:colcon.colcon_core.package_identification:_identify(a1_controller) by extension 'colcon_pkg'
[0.252s] Level 1:colcon.colcon_core.package_identification:_identify(a1_controller) by extensions ['colcon_meta']
[0.252s] Level 1:colcon.colcon_core.package_identification:_identify(a1_controller) by extension 'colcon_meta'
[0.252s] Level 1:colcon.colcon_core.package_identification:_identify(a1_controller) by extensions ['ros']
[0.252s] Level 1:colcon.colcon_core.package_identification:_identify(a1_controller) by extension 'ros'
[0.254s] DEBUG:colcon.colcon_core.package_identification:Package 'a1_controller' with type 'ros.ament_cmake' and name 'a1_controller'
[0.254s] Level 1:colcon.colcon_core.package_identification:_identify(a1_description) by extensions ['ignore', 'ignore_ament_install']
[0.255s] Level 1:colcon.colcon_core.package_identification:_identify(a1_description) by extension 'ignore'
[0.255s] Level 1:colcon.colcon_core.package_identification:_identify(a1_description) by extension 'ignore_ament_install'
[0.255s] Level 1:colcon.colcon_core.package_identification:_identify(a1_description) by extensions ['colcon_pkg']
[0.255s] Level 1:colcon.colcon_core.package_identification:_identify(a1_description) by extension 'colcon_pkg'
[0.255s] Level 1:colcon.colcon_core.package_identification:_identify(a1_description) by extensions ['colcon_meta']
[0.255s] Level 1:colcon.colcon_core.package_identification:_identify(a1_description) by extension 'colcon_meta'
[0.255s] Level 1:colcon.colcon_core.package_identification:_identify(a1_description) by extensions ['ros']
[0.255s] Level 1:colcon.colcon_core.package_identification:_identify(a1_description) by extension 'ros'
[0.255s] DEBUG:colcon.colcon_core.package_identification:Package 'a1_description' with type 'ros.ament_cmake' and name 'a1_description'
[0.255s] Level 1:colcon.colcon_core.package_identification:_identify(a1_gazebo) by extensions ['ignore', 'ignore_ament_install']
[0.255s] Level 1:colcon.colcon_core.package_identification:_identify(a1_gazebo) by extension 'ignore'
[0.255s] Level 1:colcon.colcon_core.package_identification:_identify(a1_gazebo) by extension 'ignore_ament_install'
[0.255s] Level 1:colcon.colcon_core.package_identification:_identify(a1_gazebo) by extensions ['colcon_pkg']
[0.256s] Level 1:colcon.colcon_core.package_identification:_identify(a1_gazebo) by extension 'colcon_pkg'
[0.256s] Level 1:colcon.colcon_core.package_identification:_identify(a1_gazebo) by extensions ['colcon_meta']
[0.256s] Level 1:colcon.colcon_core.package_identification:_identify(a1_gazebo) by extension 'colcon_meta'
[0.256s] Level 1:colcon.colcon_core.package_identification:_identify(a1_gazebo) by extensions ['ros']
[0.256s] Level 1:colcon.colcon_core.package_identification:_identify(a1_gazebo) by extension 'ros'
[0.256s] DEBUG:colcon.colcon_core.package_identification:Package 'a1_gazebo' with type 'ros.ament_cmake' and name 'a1_gazebo'
[0.256s] Level 1:colcon.colcon_core.package_identification:_identify(a1_joint_control) by extensions ['ignore', 'ignore_ament_install']
[0.256s] Level 1:colcon.colcon_core.package_identification:_identify(a1_joint_control) by extension 'ignore'
[0.256s] Level 1:colcon.colcon_core.package_identification:_identify(a1_joint_control) by extension 'ignore_ament_install'
[0.257s] Level 1:colcon.colcon_core.package_identification:_identify(a1_joint_control) by extensions ['colcon_pkg']
[0.257s] Level 1:colcon.colcon_core.package_identification:_identify(a1_joint_control) by extension 'colcon_pkg'
[0.257s] Level 1:colcon.colcon_core.package_identification:_identify(a1_joint_control) by extensions ['colcon_meta']
[0.257s] Level 1:colcon.colcon_core.package_identification:_identify(a1_joint_control) by extension 'colcon_meta'
[0.257s] Level 1:colcon.colcon_core.package_identification:_identify(a1_joint_control) by extensions ['ros']
[0.257s] Level 1:colcon.colcon_core.package_identification:_identify(a1_joint_control) by extension 'ros'
[0.257s] DEBUG:colcon.colcon_core.package_identification:Package 'a1_joint_control' with type 'ros.ament_cmake' and name 'a1_joint_control'
[0.257s] Level 1:colcon.colcon_core.package_identification:_identify(a1_msgs) by extensions ['ignore', 'ignore_ament_install']
[0.258s] Level 1:colcon.colcon_core.package_identification:_identify(a1_msgs) by extension 'ignore'
[0.258s] Level 1:colcon.colcon_core.package_identification:_identify(a1_msgs) by extension 'ignore_ament_install'
[0.258s] Level 1:colcon.colcon_core.package_identification:_identify(a1_msgs) by extensions ['colcon_pkg']
[0.258s] Level 1:colcon.colcon_core.package_identification:_identify(a1_msgs) by extension 'colcon_pkg'
[0.258s] Level 1:colcon.colcon_core.package_identification:_identify(a1_msgs) by extensions ['colcon_meta']
[0.258s] Level 1:colcon.colcon_core.package_identification:_identify(a1_msgs) by extension 'colcon_meta'
[0.258s] Level 1:colcon.colcon_core.package_identification:_identify(a1_msgs) by extensions ['ros']
[0.258s] Level 1:colcon.colcon_core.package_identification:_identify(a1_msgs) by extension 'ros'
[0.258s] DEBUG:colcon.colcon_core.package_identification:Package 'a1_msgs' with type 'ros.ament_cmake' and name 'a1_msgs'
[0.258s] Level 1:colcon.colcon_core.package_identification:_identify(build) by extensions ['ignore', 'ignore_ament_install']
[0.258s] Level 1:colcon.colcon_core.package_identification:_identify(build) by extension 'ignore'
[0.258s] Level 1:colcon.colcon_core.package_identification:_identify(build) ignored
[0.259s] Level 1:colcon.colcon_core.package_identification:_identify(install) by extensions ['ignore', 'ignore_ament_install']
[0.259s] Level 1:colcon.colcon_core.package_identification:_identify(install) by extension 'ignore'
[0.259s] Level 1:colcon.colcon_core.package_identification:_identify(install) ignored
[0.259s] Level 1:colcon.colcon_core.package_identification:_identify(log) by extensions ['ignore', 'ignore_ament_install']
[0.259s] Level 1:colcon.colcon_core.package_identification:_identify(log) by extension 'ignore'
[0.259s] Level 1:colcon.colcon_core.package_identification:_identify(log) ignored
[0.259s] Level 1:colcon.colcon_core.package_discovery:discover_packages(recursive) using defaults
[0.259s] Level 1:colcon.colcon_core.package_discovery:discover_packages(ignore) discover
[0.259s] Level 1:colcon.colcon_core.package_discovery:discover_packages(ignore) using defaults
[0.259s] Level 1:colcon.colcon_core.package_discovery:discover_packages(path) discover
[0.259s] Level 1:colcon.colcon_core.package_discovery:discover_packages(path) using defaults
[0.272s] INFO:colcon.colcon_core.package_selection:Skipping not selected package 'a1_description' in 'a1_description'
[0.272s] INFO:colcon.colcon_core.package_selection:Skipping not selected package 'a1_controller' in 'a1_controller'
[0.272s] INFO:colcon.colcon_core.package_selection:Skipping not selected package 'a1_gazebo' in 'a1_gazebo'
[0.272s] INFO:colcon.colcon_core.package_selection:Skipping not selected package 'a1_joint_control' in 'a1_joint_control'
[0.274s] Level 5:colcon.colcon_core.verb:set package 'a1_msgs' build argument 'cmake_args' from command line to 'None'
[0.274s] Level 5:colcon.colcon_core.verb:set package 'a1_msgs' build argument 'cmake_target' from command line to 'None'
[0.274s] Level 5:colcon.colcon_core.verb:set package 'a1_msgs' build argument 'cmake_target_skip_unavailable' from command line to 'False'
[0.274s] Level 5:colcon.colcon_core.verb:set package 'a1_msgs' build argument 'cmake_clean_cache' from command line to 'False'
[0.274s] Level 5:colcon.colcon_core.verb:set package 'a1_msgs' build argument 'cmake_clean_first' from command line to 'False'
[0.274s] Level 5:colcon.colcon_core.verb:set package 'a1_msgs' build argument 'cmake_force_configure' from command line to 'False'
[0.274s] Level 5:colcon.colcon_core.verb:set package 'a1_msgs' build argument 'ament_cmake_args' from command line to 'None'
[0.274s] Level 5:colcon.colcon_core.verb:set package 'a1_msgs' build argument 'catkin_cmake_args' from command line to 'None'
[0.274s] Level 5:colcon.colcon_core.verb:set package 'a1_msgs' build argument 'catkin_skip_building_tests' from command line to 'False'
[0.275s] DEBUG:colcon.colcon_core.verb:Building package 'a1_msgs' with the following arguments: {'ament_cmake_args': None, 'build_base': '/root/try/a1_ros2_simulation/build/a1_msgs', 'catkin_cmake_args': None, 'catkin_skip_building_tests': False, 'cmake_args': None, 'cmake_clean_cache': False, 'cmake_clean_first': False, 'cmake_force_configure': False, 'cmake_target': None, 'cmake_target_skip_unavailable': False, 'install_base': '/root/try/a1_ros2_simulation/install/a1_msgs', 'merge_install': False, 'path': '/root/try/a1_ros2_simulation/a1_msgs', 'symlink_install': False, 'test_result_base': None}
[0.275s] INFO:colcon.colcon_core.executor:Executing jobs using 'parallel' executor
[0.276s] DEBUG:colcon.colcon_parallel_executor.executor.parallel:run_until_complete
[0.277s] INFO:colcon.colcon_ros.task.ament_cmake.build:Building ROS package in '/root/try/a1_ros2_simulation/a1_msgs' with build type 'ament_cmake'
[0.277s] INFO:colcon.colcon_cmake.task.cmake.build:Building CMake package in '/root/try/a1_ros2_simulation/a1_msgs'
[0.280s] INFO:colcon.colcon_core.plugin_system:Skipping extension 'colcon_core.shell.bat': Not used on non-Windows systems
[0.280s] INFO:colcon.colcon_core.shell:Skip shell extension 'powershell' for command environment: Not usable outside of PowerShell
[0.280s] DEBUG:colcon.colcon_core.shell:Skip shell extension 'dsv' for command environment
[0.282s] DEBUG:colcon.colcon_core.shell:Ignoring prefix path '/opt/ros/foxy'
[0.289s] DEBUG:colcon.colcon_core.event_handler.log_command:Invoking command in '/root/try/a1_ros2_simulation/build/a1_msgs': CMAKE_PREFIX_PATH=/opt/ros/foxy /usr/bin/cmake /root/try/a1_ros2_simulation/a1_msgs -DCMAKE_INSTALL_PREFIX=/root/try/a1_ros2_simulation/install/a1_msgs
[1.526s] DEBUG:colcon.colcon_core.event_handler.log_command:Invoked command in '/root/try/a1_ros2_simulation/build/a1_msgs' returned '0': CMAKE_PREFIX_PATH=/opt/ros/foxy /usr/bin/cmake /root/try/a1_ros2_simulation/a1_msgs -DCMAKE_INSTALL_PREFIX=/root/try/a1_ros2_simulation/install/a1_msgs
[1.526s] DEBUG:colcon.colcon_core.event_handler.log_command:Invoking command in '/root/try/a1_ros2_simulation/build/a1_msgs': CMAKE_PREFIX_PATH=/opt/ros/foxy /usr/bin/cmake --build /root/try/a1_ros2_simulation/build/a1_msgs -- -j4 -l4
[15.185s] DEBUG:colcon.colcon_core.event_handler.log_command:Invoked command in '/root/try/a1_ros2_simulation/build/a1_msgs' returned '0': CMAKE_PREFIX_PATH=/opt/ros/foxy /usr/bin/cmake --build /root/try/a1_ros2_simulation/build/a1_msgs -- -j4 -l4
[15.422s] DEBUG:colcon.colcon_core.event_handler.log_command:Invoking command in '/root/try/a1_ros2_simulation/build/a1_msgs': CMAKE_PREFIX_PATH=/opt/ros/foxy /usr/bin/cmake --install /root/try/a1_ros2_simulation/build/a1_msgs
[15.497s] Level 1:colcon.colcon_core.environment:create_environment_scripts_only(a1_msgs)
[15.498s] DEBUG:colcon.colcon_core.event_handler.log_command:Invoked command in '/root/try/a1_ros2_simulation/build/a1_msgs' returned '0': CMAKE_PREFIX_PATH=/opt/ros/foxy /usr/bin/cmake --install /root/try/a1_ros2_simulation/build/a1_msgs
[15.500s] Level 1:colcon.colcon_core.environment:checking '/root/try/a1_ros2_simulation/install/a1_msgs' for CMake module files
[15.501s] Level 1:colcon.colcon_core.environment:checking '/root/try/a1_ros2_simulation/install/a1_msgs' for CMake config files
[15.501s] Level 1:colcon.colcon_core.shell:create_environment_hook('a1_msgs', 'cmake_prefix_path')
[15.502s] INFO:colcon.colcon_core.shell:Creating environment hook '/root/try/a1_ros2_simulation/install/a1_msgs/share/a1_msgs/hook/cmake_prefix_path.ps1'
[15.502s] INFO:colcon.colcon_core.shell:Creating environment descriptor '/root/try/a1_ros2_simulation/install/a1_msgs/share/a1_msgs/hook/cmake_prefix_path.dsv'
[15.503s] INFO:colcon.colcon_core.shell:Creating environment hook '/root/try/a1_ros2_simulation/install/a1_msgs/share/a1_msgs/hook/cmake_prefix_path.sh'
[15.503s] Level 1:colcon.colcon_core.environment:checking '/root/try/a1_ros2_simulation/install/a1_msgs/lib'
[15.503s] Level 1:colcon.colcon_core.shell:create_environment_hook('a1_msgs', 'ld_library_path_lib')
[15.504s] INFO:colcon.colcon_core.shell:Creating environment hook '/root/try/a1_ros2_simulation/install/a1_msgs/share/a1_msgs/hook/ld_library_path_lib.ps1'
[15.504s] INFO:colcon.colcon_core.shell:Creating environment descriptor '/root/try/a1_ros2_simulation/install/a1_msgs/share/a1_msgs/hook/ld_library_path_lib.dsv'
[15.504s] INFO:colcon.colcon_core.shell:Creating environment hook '/root/try/a1_ros2_simulation/install/a1_msgs/share/a1_msgs/hook/ld_library_path_lib.sh'
[15.505s] Level 1:colcon.colcon_core.environment:checking '/root/try/a1_ros2_simulation/install/a1_msgs/bin'
[15.505s] Level 1:colcon.colcon_core.environment:checking '/root/try/a1_ros2_simulation/install/a1_msgs/lib/pkgconfig/a1_msgs.pc'
[15.505s] Level 1:colcon.colcon_core.environment:checking '/root/try/a1_ros2_simulation/install/a1_msgs/lib/python3.8/site-packages'
[15.505s] Level 1:colcon.colcon_core.shell:create_environment_hook('a1_msgs', 'pythonpath')
[15.505s] INFO:colcon.colcon_core.shell:Creating environment hook '/root/try/a1_ros2_simulation/install/a1_msgs/share/a1_msgs/hook/pythonpath.ps1'
[15.505s] INFO:colcon.colcon_core.shell:Creating environment descriptor '/root/try/a1_ros2_simulation/install/a1_msgs/share/a1_msgs/hook/pythonpath.dsv'
[15.506s] INFO:colcon.colcon_core.shell:Creating environment hook '/root/try/a1_ros2_simulation/install/a1_msgs/share/a1_msgs/hook/pythonpath.sh'
[15.506s] INFO:colcon.colcon_core.shell:Creating package script '/root/try/a1_ros2_simulation/install/a1_msgs/share/a1_msgs/package.ps1'
[15.507s] INFO:colcon.colcon_core.shell:Creating package descriptor '/root/try/a1_ros2_simulation/install/a1_msgs/share/a1_msgs/package.dsv'
[15.507s] INFO:colcon.colcon_core.shell:Creating package script '/root/try/a1_ros2_simulation/install/a1_msgs/share/a1_msgs/package.sh'
[15.509s] INFO:colcon.colcon_core.shell:Creating package script '/root/try/a1_ros2_simulation/install/a1_msgs/share/a1_msgs/package.bash'
[15.509s] INFO:colcon.colcon_core.shell:Creating package script '/root/try/a1_ros2_simulation/install/a1_msgs/share/a1_msgs/package.zsh'
[15.510s] Level 1:colcon.colcon_core.environment:create_file_with_runtime_dependencies(/root/try/a1_ros2_simulation/install/a1_msgs/share/colcon-core/packages/a1_msgs)
[15.726s] Level 1:colcon.colcon_core.environment:create_environment_scripts_only(a1_msgs)
[15.727s] Level 1:colcon.colcon_core.environment:checking '/root/try/a1_ros2_simulation/install/a1_msgs' for CMake module files
[15.727s] Level 1:colcon.colcon_core.environment:checking '/root/try/a1_ros2_simulation/install/a1_msgs' for CMake config files
[15.728s] Level 1:colcon.colcon_core.shell:create_environment_hook('a1_msgs', 'cmake_prefix_path')
[15.728s] INFO:colcon.colcon_core.shell:Creating environment hook '/root/try/a1_ros2_simulation/install/a1_msgs/share/a1_msgs/hook/cmake_prefix_path.ps1'
[15.729s] INFO:colcon.colcon_core.shell:Creating environment descriptor '/root/try/a1_ros2_simulation/install/a1_msgs/share/a1_msgs/hook/cmake_prefix_path.dsv'
[15.729s] INFO:colcon.colcon_core.shell:Creating environment hook '/root/try/a1_ros2_simulation/install/a1_msgs/share/a1_msgs/hook/cmake_prefix_path.sh'
[15.730s] Level 1:colcon.colcon_core.environment:checking '/root/try/a1_ros2_simulation/install/a1_msgs/lib'
[15.730s] Level 1:colcon.colcon_core.shell:create_environment_hook('a1_msgs', 'ld_library_path_lib')
[15.730s] INFO:colcon.colcon_core.shell:Creating environment hook '/root/try/a1_ros2_simulation/install/a1_msgs/share/a1_msgs/hook/ld_library_path_lib.ps1'
[15.730s] INFO:colcon.colcon_core.shell:Creating environment descriptor '/root/try/a1_ros2_simulation/install/a1_msgs/share/a1_msgs/hook/ld_library_path_lib.dsv'
[15.731s] INFO:colcon.colcon_core.shell:Creating environment hook '/root/try/a1_ros2_simulation/install/a1_msgs/share/a1_msgs/hook/ld_library_path_lib.sh'
[15.731s] Level 1:colcon.colcon_core.environment:checking '/root/try/a1_ros2_simulation/install/a1_msgs/bin'
[15.731s] Level 1:colcon.colcon_core.environment:checking '/root/try/a1_ros2_simulation/install/a1_msgs/lib/pkgconfig/a1_msgs.pc'
[15.731s] Level 1:colcon.colcon_core.environment:checking '/root/try/a1_ros2_simulation/install/a1_msgs/lib/python3.8/site-packages'
[15.731s] Level 1:colcon.colcon_core.shell:create_environment_hook('a1_msgs', 'pythonpath')
[15.731s] INFO:colcon.colcon_core.shell:Creating environment hook '/root/try/a1_ros2_simulation/install/a1_msgs/share/a1_msgs/hook/pythonpath.ps1'
[15.732s] INFO:colcon.colcon_core.shell:Creating environment descriptor '/root/try/a1_ros2_simulation/install/a1_msgs/share/a1_msgs/hook/pythonpath.dsv'
[15.732s] INFO:colcon.colcon_core.shell:Creating environment hook '/root/try/a1_ros2_simulation/install/a1_msgs/share/a1_msgs/hook/pythonpath.sh'
[15.733s] INFO:colcon.colcon_core.shell:Creating package script '/root/try/a1_ros2_simulation/install/a1_msgs/share/a1_msgs/package.ps1'
[15.733s] INFO:colcon.colcon_core.shell:Creating package descriptor '/root/try/a1_ros2_simulation/install/a1_msgs/share/a1_msgs/package.dsv'
[15.734s] INFO:colcon.colcon_core.shell:Creating package script '/root/try/a1_ros2_simulation/install/a1_msgs/share/a1_msgs/package.sh'
[15.734s] INFO:colcon.colcon_core.shell:Creating package script '/root/try/a1_ros2_simulation/install/a1_msgs/share/a1_msgs/package.bash'
[15.735s] INFO:colcon.colcon_core.shell:Creating package script '/root/try/a1_ros2_simulation/install/a1_msgs/share/a1_msgs/package.zsh'
[15.735s] Level 1:colcon.colcon_core.environment:create_file_with_runtime_dependencies(/root/try/a1_ros2_simulation/install/a1_msgs/share/colcon-core/packages/a1_msgs)
[15.736s] DEBUG:colcon.colcon_parallel_executor.executor.parallel:closing loop
[15.736s] DEBUG:colcon.colcon_parallel_executor.executor.parallel:loop closed
[15.736s] DEBUG:colcon.colcon_parallel_executor.executor.parallel:run_until_complete finished with '0'
[15.736s] DEBUG:colcon.colcon_core.event_reactor:joining thread
[15.741s] INFO:colcon.colcon_core.plugin_system:Skipping extension 'colcon_notification.desktop_notification.terminal_notifier': Not used on non-Darwin systems
[15.741s] INFO:colcon.colcon_core.plugin_system:Skipping extension 'colcon_notification.desktop_notification.win32': Not used on non-Windows systems
[15.741s] INFO:colcon.colcon_notification.desktop_notification:Sending desktop notification using 'notify2'
[15.746s] DEBUG:colcon.colcon_notification.desktop_notification.notify2:Failed to initialize notify2: org.freedesktop.DBus.Error.ServiceUnknown: The name org.freedesktop.Notifications was not provided by any .service files
[15.746s] DEBUG:colcon.colcon_core.event_reactor:joined thread
[15.747s] INFO:colcon.colcon_core.shell:Creating prefix script '/root/try/a1_ros2_simulation/install/local_setup.ps1'
[15.748s] INFO:colcon.colcon_core.shell:Creating prefix util module '/root/try/a1_ros2_simulation/install/_local_setup_util_ps1.py'
[15.749s] INFO:colcon.colcon_core.shell:Creating prefix chain script '/root/try/a1_ros2_simulation/install/setup.ps1'
[15.750s] INFO:colcon.colcon_core.shell:Creating prefix script '/root/try/a1_ros2_simulation/install/local_setup.sh'
[15.751s] INFO:colcon.colcon_core.shell:Creating prefix util module '/root/try/a1_ros2_simulation/install/_local_setup_util_sh.py'
[15.752s] INFO:colcon.colcon_core.shell:Creating prefix chain script '/root/try/a1_ros2_simulation/install/setup.sh'
[15.757s] INFO:colcon.colcon_core.shell:Creating prefix script '/root/try/a1_ros2_simulation/install/local_setup.bash'
[15.757s] INFO:colcon.colcon_core.shell:Creating prefix chain script '/root/try/a1_ros2_simulation/install/setup.bash'
[15.759s] INFO:colcon.colcon_core.shell:Creating prefix script '/root/try/a1_ros2_simulation/install/local_setup.zsh'
[15.759s] INFO:colcon.colcon_core.shell:Creating prefix chain script '/root/try/a1_ros2_simulation/install/setup.zsh'
