[0.243s] DEBUG:colcon:Command line arguments: ['/usr/bin/colcon', 'build', '--packages-select', 'a1_joint_control']
[0.243s] DEBUG:colcon:Parsed command line arguments: Namespace(ament_cmake_args=None, base_paths=['.'], build_base='build', catkin_cmake_args=None, catkin_skip_building_tests=False, cmake_args=None, cmake_clean_cache=False, cmake_clean_first=False, cmake_force_configure=False, cmake_target=None, cmake_target_skip_unavailable=False, continue_on_error=False, event_handlers=None, executor='parallel', ignore_user_meta=False, install_base='install', log_base=None, log_level=None, main=<bound method BuildVerb.main of <colcon_core.verb.build.BuildVerb object at 0x7fb7774e9760>>, merge_install=False, metas=['./colcon.meta'], packages_above=None, packages_above_and_dependencies=None, packages_above_depth=None, packages_end=None, packages_ignore=None, packages_ignore_regex=None, packages_select=['a1_joint_control'], packages_select_build_failed=False, packages_select_by_dep=None, packages_select_regex=None, packages_select_test_failures=False, packages_skip=None, packages_skip_build_finished=False, packages_skip_by_dep=None, packages_skip_regex=None, packages_skip_test_passed=False, packages_skip_up_to=None, packages_start=None, packages_up_to=None, packages_up_to_regex=None, parallel_workers=4, paths=None, symlink_install=False, test_result_base=None, verb_extension=<colcon_core.verb.build.BuildVerb object at 0x7fb7774e9760>, verb_name='build', verb_parser=<colcon_defaults.argument_parser.defaults.DefaultArgumentsDecorator object at 0x7fb7774e9cd0>)
[0.247s] Level 1:colcon.colcon_core.package_discovery:discover_packages(colcon_meta) check parameters
[0.247s] Level 1:colcon.colcon_core.package_discovery:discover_packages(recursive) check parameters
[0.247s] Level 1:colcon.colcon_core.package_discovery:discover_packages(ignore) check parameters
[0.247s] Level 1:colcon.colcon_core.package_discovery:discover_packages(path) check parameters
[0.247s] Level 1:colcon.colcon_core.package_discovery:discover_packages(colcon_meta) discover
[0.247s] Level 1:colcon.colcon_core.package_discovery:discover_packages(recursive) discover
[0.247s] INFO:colcon.colcon_core.package_discovery:Crawling recursively for packages in '/root/workdir/a1_simulation/simulation/a1_msgs'
[0.247s] Level 1:colcon.colcon_core.package_identification:_identify(.) by extensions ['ignore', 'ignore_ament_install']
[0.247s] Level 1:colcon.colcon_core.package_identification:_identify(.) by extension 'ignore'
[0.247s] Level 1:colcon.colcon_core.package_identification:_identify(.) by extension 'ignore_ament_install'
[0.248s] Level 1:colcon.colcon_core.package_identification:_identify(.) by extensions ['colcon_pkg']
[0.248s] Level 1:colcon.colcon_core.package_identification:_identify(.) by extension 'colcon_pkg'
[0.248s] Level 1:colcon.colcon_core.package_identification:_identify(.) by extensions ['colcon_meta']
[0.248s] Level 1:colcon.colcon_core.package_identification:_identify(.) by extension 'colcon_meta'
[0.248s] Level 1:colcon.colcon_core.package_identification:_identify(.) by extensions ['ros']
[0.248s] Level 1:colcon.colcon_core.package_identification:_identify(.) by extension 'ros'
[0.258s] DEBUG:colcon.colcon_core.package_identification:Package '.' with type 'ros.ament_cmake' and name 'a1_msgs'
[0.258s] Level 1:colcon.colcon_core.package_discovery:discover_packages(recursive) using defaults
[0.259s] Level 1:colcon.colcon_core.package_discovery:discover_packages(ignore) discover
[0.259s] Level 1:colcon.colcon_core.package_discovery:discover_packages(ignore) using defaults
[0.259s] Level 1:colcon.colcon_core.package_discovery:discover_packages(path) discover
[0.259s] Level 1:colcon.colcon_core.package_discovery:discover_packages(path) using defaults
[0.259s] WARNING:colcon.colcon_core.package_selection:ignoring unknown package 'a1_joint_control' in --packages-select
[0.272s] INFO:colcon.colcon_core.package_selection:Skipping not selected package 'a1_msgs' in '.'
[0.272s] INFO:colcon.colcon_core.executor:Executing jobs using 'parallel' executor
[0.274s] DEBUG:colcon.colcon_parallel_executor.executor.parallel:run_until_complete
[0.274s] DEBUG:colcon.colcon_parallel_executor.executor.parallel:closing loop
[0.274s] DEBUG:colcon.colcon_parallel_executor.executor.parallel:loop closed
[0.274s] DEBUG:colcon.colcon_parallel_executor.executor.parallel:run_until_complete finished with '0'
[0.274s] DEBUG:colcon.colcon_core.event_reactor:joining thread
[0.278s] INFO:colcon.colcon_core.plugin_system:Skipping extension 'colcon_notification.desktop_notification.terminal_notifier': Not used on non-Darwin systems
[0.278s] INFO:colcon.colcon_core.plugin_system:Skipping extension 'colcon_notification.desktop_notification.win32': Not used on non-Windows systems
[0.278s] INFO:colcon.colcon_notification.desktop_notification:Sending desktop notification using 'notify2'
[0.279s] DEBUG:colcon.colcon_notification.desktop_notification.notify2:Failed to initialize notify2: org.freedesktop.DBus.Error.ServiceUnknown: The name org.freedesktop.Notifications was not provided by any .service files
[0.279s] DEBUG:colcon.colcon_core.event_reactor:joined thread
[0.282s] INFO:colcon.colcon_core.plugin_system:Skipping extension 'colcon_core.shell.bat': Not used on non-Windows systems
[0.282s] INFO:colcon.colcon_core.shell:Creating prefix script '/root/workdir/a1_simulation/simulation/a1_msgs/install/local_setup.ps1'
[0.283s] INFO:colcon.colcon_core.shell:Creating prefix util module '/root/workdir/a1_simulation/simulation/a1_msgs/install/_local_setup_util_ps1.py'
[0.284s] INFO:colcon.colcon_core.shell:Creating prefix chain script '/root/workdir/a1_simulation/simulation/a1_msgs/install/setup.ps1'
[0.285s] WARNING:colcon.colcon_ros.prefix_path.ament:The path '/root/workdir/a1_simulation/simulation/install/a1_controller' in the environment variable AMENT_PREFIX_PATH doesn't exist
[0.286s] WARNING:colcon.colcon_ros.prefix_path.catkin:The path '/root/workdir/a1_simulation/simulation/install/a1_controller' in the environment variable CMAKE_PREFIX_PATH doesn't exist
[0.286s] WARNING:colcon.colcon_ros.prefix_path.catkin:The path '/root/workdir/a1_simulation/simulation/install/a1_description' in the environment variable CMAKE_PREFIX_PATH doesn't exist
[0.286s] INFO:colcon.colcon_core.shell:Creating prefix script '/root/workdir/a1_simulation/simulation/a1_msgs/install/local_setup.sh'
[0.287s] INFO:colcon.colcon_core.shell:Creating prefix util module '/root/workdir/a1_simulation/simulation/a1_msgs/install/_local_setup_util_sh.py'
[0.287s] INFO:colcon.colcon_core.shell:Creating prefix chain script '/root/workdir/a1_simulation/simulation/a1_msgs/install/setup.sh'
[0.289s] INFO:colcon.colcon_core.shell:Creating prefix script '/root/workdir/a1_simulation/simulation/a1_msgs/install/local_setup.bash'
[0.289s] INFO:colcon.colcon_core.shell:Creating prefix chain script '/root/workdir/a1_simulation/simulation/a1_msgs/install/setup.bash'
[0.291s] INFO:colcon.colcon_core.shell:Creating prefix script '/root/workdir/a1_simulation/simulation/a1_msgs/install/local_setup.zsh'
[0.291s] INFO:colcon.colcon_core.shell:Creating prefix chain script '/root/workdir/a1_simulation/simulation/a1_msgs/install/setup.zsh'
