[0.238s] DEBUG:colcon:Command line arguments: ['/usr/bin/colcon', 'build', '--packages-select', 'a1_gazebo']
[0.238s] DEBUG:colcon:Parsed command line arguments: Namespace(ament_cmake_args=None, base_paths=['.'], build_base='build', catkin_cmake_args=None, catkin_skip_building_tests=False, cmake_args=None, cmake_clean_cache=False, cmake_clean_first=False, cmake_force_configure=False, cmake_target=None, cmake_target_skip_unavailable=False, continue_on_error=False, event_handlers=None, executor='parallel', ignore_user_meta=False, install_base='install', log_base=None, log_level=None, main=<bound method BuildVerb.main of <colcon_core.verb.build.BuildVerb object at 0x7fbf37072940>>, merge_install=False, metas=['./colcon.meta'], packages_above=None, packages_above_and_dependencies=None, packages_above_depth=None, packages_end=None, packages_ignore=None, packages_ignore_regex=None, packages_select=['a1_gazebo'], packages_select_build_failed=False, packages_select_by_dep=None, packages_select_regex=None, packages_select_test_failures=False, packages_skip=None, packages_skip_build_finished=False, packages_skip_by_dep=None, packages_skip_regex=None, packages_skip_test_passed=False, packages_skip_up_to=None, packages_start=None, packages_up_to=None, packages_up_to_regex=None, parallel_workers=4, paths=None, symlink_install=False, test_result_base=None, verb_extension=<colcon_core.verb.build.BuildVerb object at 0x7fbf37072940>, verb_name='build', verb_parser=<colcon_defaults.argument_parser.defaults.DefaultArgumentsDecorator object at 0x7fbf37072eb0>)
[0.242s] Level 1:colcon.colcon_core.package_discovery:discover_packages(colcon_meta) check parameters
[0.242s] Level 1:colcon.colcon_core.package_discovery:discover_packages(recursive) check parameters
[0.242s] Level 1:colcon.colcon_core.package_discovery:discover_packages(ignore) check parameters
[0.242s] Level 1:colcon.colcon_core.package_discovery:discover_packages(path) check parameters
[0.242s] Level 1:colcon.colcon_core.package_discovery:discover_packages(colcon_meta) discover
[0.242s] Level 1:colcon.colcon_core.package_discovery:discover_packages(recursive) discover
[0.242s] INFO:colcon.colcon_core.package_discovery:Crawling recursively for packages in '/root/try/a1_ros2_simulation'
[0.242s] Level 1:colcon.colcon_core.package_identification:_identify(.) by extensions ['ignore', 'ignore_ament_install']
[0.242s] Level 1:colcon.colcon_core.package_identification:_identify(.) by extension 'ignore'
[0.242s] Level 1:colcon.colcon_core.package_identification:_identify(.) by extension 'ignore_ament_install'
[0.242s] Level 1:colcon.colcon_core.package_identification:_identify(.) by extensions ['colcon_pkg']
[0.242s] Level 1:colcon.colcon_core.package_identification:_identify(.) by extension 'colcon_pkg'
[0.242s] Level 1:colcon.colcon_core.package_identification:_identify(.) by extensions ['colcon_meta']
[0.242s] Level 1:colcon.colcon_core.package_identification:_identify(.) by extension 'colcon_meta'
[0.242s] Level 1:colcon.colcon_core.package_identification:_identify(.) by extensions ['ros']
[0.242s] Level 1:colcon.colcon_core.package_identification:_identify(.) by extension 'ros'
[0.252s] Level 1:colcon.colcon_core.package_identification:_identify(.) by extensions ['cmake', 'python']
[0.252s] Level 1:colcon.colcon_core.package_identification:_identify(.) by extension 'cmake'
[0.252s] Level 1:colcon.colcon_core.package_identification:_identify(.) by extension 'python'
[0.252s] Level 1:colcon.colcon_core.package_identification:_identify(.) by extensions ['python_setup_py']
[0.252s] Level 1:colcon.colcon_core.package_identification:_identify(.) by extension 'python_setup_py'
[0.252s] Level 1:colcon.colcon_core.package_identification:_identify(a1_controller) by extensions ['ignore', 'ignore_ament_install']
[0.252s] Level 1:colcon.colcon_core.package_identification:_identify(a1_controller) by extension 'ignore'
[0.252s] Level 1:colcon.colcon_core.package_identification:_identify(a1_controller) by extension 'ignore_ament_install'
[0.252s] Level 1:colcon.colcon_core.package_identification:_identify(a1_controller) by extensions ['colcon_pkg']
[0.252s] Level 1:colcon.colcon_core.package_identification:_identify(a1_controller) by extension 'colcon_pkg'
[0.252s] Level 1:colcon.colcon_core.package_identification:_identify(a1_controller) by extensions ['colcon_meta']
[0.252s] Level 1:colcon.colcon_core.package_identification:_identify(a1_controller) by extension 'colcon_meta'
[0.253s] Level 1:colcon.colcon_core.package_identification:_identify(a1_controller) by extensions ['ros']
[0.253s] Level 1:colcon.colcon_core.package_identification:_identify(a1_controller) by extension 'ros'
[0.255s] DEBUG:colcon.colcon_core.package_identification:Package 'a1_controller' with type 'ros.ament_cmake' and name 'a1_controller'
[0.255s] Level 1:colcon.colcon_core.package_identification:_identify(a1_description) by extensions ['ignore', 'ignore_ament_install']
[0.255s] Level 1:colcon.colcon_core.package_identification:_identify(a1_description) by extension 'ignore'
[0.255s] Level 1:colcon.colcon_core.package_identification:_identify(a1_description) by extension 'ignore_ament_install'
[0.255s] Level 1:colcon.colcon_core.package_identification:_identify(a1_description) by extensions ['colcon_pkg']
[0.255s] Level 1:colcon.colcon_core.package_identification:_identify(a1_description) by extension 'colcon_pkg'
[0.255s] Level 1:colcon.colcon_core.package_identification:_identify(a1_description) by extensions ['colcon_meta']
[0.255s] Level 1:colcon.colcon_core.package_identification:_identify(a1_description) by extension 'colcon_meta'
[0.255s] Level 1:colcon.colcon_core.package_identification:_identify(a1_description) by extensions ['ros']
[0.255s] Level 1:colcon.colcon_core.package_identification:_identify(a1_description) by extension 'ros'
[0.256s] DEBUG:colcon.colcon_core.package_identification:Package 'a1_description' with type 'ros.ament_cmake' and name 'a1_description'
[0.256s] Level 1:colcon.colcon_core.package_identification:_identify(a1_gazebo) by extensions ['ignore', 'ignore_ament_install']
[0.256s] Level 1:colcon.colcon_core.package_identification:_identify(a1_gazebo) by extension 'ignore'
[0.256s] Level 1:colcon.colcon_core.package_identification:_identify(a1_gazebo) by extension 'ignore_ament_install'
[0.256s] Level 1:colcon.colcon_core.package_identification:_identify(a1_gazebo) by extensions ['colcon_pkg']
[0.256s] Level 1:colcon.colcon_core.package_identification:_identify(a1_gazebo) by extension 'colcon_pkg'
[0.256s] Level 1:colcon.colcon_core.package_identification:_identify(a1_gazebo) by extensions ['colcon_meta']
[0.256s] Level 1:colcon.colcon_core.package_identification:_identify(a1_gazebo) by extension 'colcon_meta'
[0.256s] Level 1:colcon.colcon_core.package_identification:_identify(a1_gazebo) by extensions ['ros']
[0.256s] Level 1:colcon.colcon_core.package_identification:_identify(a1_gazebo) by extension 'ros'
[0.257s] DEBUG:colcon.colcon_core.package_identification:Package 'a1_gazebo' with type 'ros.ament_cmake' and name 'a1_gazebo'
[0.257s] Level 1:colcon.colcon_core.package_identification:_identify(a1_joint_control) by extensions ['ignore', 'ignore_ament_install']
[0.257s] Level 1:colcon.colcon_core.package_identification:_identify(a1_joint_control) by extension 'ignore'
[0.257s] Level 1:colcon.colcon_core.package_identification:_identify(a1_joint_control) by extension 'ignore_ament_install'
[0.257s] Level 1:colcon.colcon_core.package_identification:_identify(a1_joint_control) by extensions ['colcon_pkg']
[0.257s] Level 1:colcon.colcon_core.package_identification:_identify(a1_joint_control) by extension 'colcon_pkg'
[0.257s] Level 1:colcon.colcon_core.package_identification:_identify(a1_joint_control) by extensions ['colcon_meta']
[0.257s] Level 1:colcon.colcon_core.package_identification:_identify(a1_joint_control) by extension 'colcon_meta'
[0.257s] Level 1:colcon.colcon_core.package_identification:_identify(a1_joint_control) by extensions ['ros']
[0.257s] Level 1:colcon.colcon_core.package_identification:_identify(a1_joint_control) by extension 'ros'
[0.258s] DEBUG:colcon.colcon_core.package_identification:Package 'a1_joint_control' with type 'ros.ament_cmake' and name 'a1_joint_control'
[0.258s] Level 1:colcon.colcon_core.package_identification:_identify(a1_msgs) by extensions ['ignore', 'ignore_ament_install']
[0.258s] Level 1:colcon.colcon_core.package_identification:_identify(a1_msgs) by extension 'ignore'
[0.258s] Level 1:colcon.colcon_core.package_identification:_identify(a1_msgs) by extension 'ignore_ament_install'
[0.258s] Level 1:colcon.colcon_core.package_identification:_identify(a1_msgs) by extensions ['colcon_pkg']
[0.258s] Level 1:colcon.colcon_core.package_identification:_identify(a1_msgs) by extension 'colcon_pkg'
[0.258s] Level 1:colcon.colcon_core.package_identification:_identify(a1_msgs) by extensions ['colcon_meta']
[0.258s] Level 1:colcon.colcon_core.package_identification:_identify(a1_msgs) by extension 'colcon_meta'
[0.258s] Level 1:colcon.colcon_core.package_identification:_identify(a1_msgs) by extensions ['ros']
[0.258s] Level 1:colcon.colcon_core.package_identification:_identify(a1_msgs) by extension 'ros'
[0.259s] DEBUG:colcon.colcon_core.package_identification:Package 'a1_msgs' with type 'ros.ament_cmake' and name 'a1_msgs'
[0.259s] Level 1:colcon.colcon_core.package_identification:_identify(build) by extensions ['ignore', 'ignore_ament_install']
[0.259s] Level 1:colcon.colcon_core.package_identification:_identify(build) by extension 'ignore'
[0.259s] Level 1:colcon.colcon_core.package_identification:_identify(build) ignored
[0.259s] Level 1:colcon.colcon_core.package_identification:_identify(install) by extensions ['ignore', 'ignore_ament_install']
[0.259s] Level 1:colcon.colcon_core.package_identification:_identify(install) by extension 'ignore'
[0.259s] Level 1:colcon.colcon_core.package_identification:_identify(install) ignored
[0.259s] Level 1:colcon.colcon_core.package_identification:_identify(log) by extensions ['ignore', 'ignore_ament_install']
[0.259s] Level 1:colcon.colcon_core.package_identification:_identify(log) by extension 'ignore'
[0.259s] Level 1:colcon.colcon_core.package_identification:_identify(log) ignored
[0.259s] Level 1:colcon.colcon_core.package_discovery:discover_packages(recursive) using defaults
[0.259s] Level 1:colcon.colcon_core.package_discovery:discover_packages(ignore) discover
[0.259s] Level 1:colcon.colcon_core.package_discovery:discover_packages(ignore) using defaults
[0.259s] Level 1:colcon.colcon_core.package_discovery:discover_packages(path) discover
[0.259s] Level 1:colcon.colcon_core.package_discovery:discover_packages(path) using defaults
[0.273s] INFO:colcon.colcon_core.package_selection:Skipping not selected package 'a1_description' in 'a1_description'
[0.273s] INFO:colcon.colcon_core.package_selection:Skipping not selected package 'a1_msgs' in 'a1_msgs'
[0.273s] INFO:colcon.colcon_core.package_selection:Skipping not selected package 'a1_controller' in 'a1_controller'
[0.273s] INFO:colcon.colcon_core.package_selection:Skipping not selected package 'a1_joint_control' in 'a1_joint_control'
[0.274s] Level 5:colcon.colcon_core.verb:set package 'a1_gazebo' build argument 'cmake_args' from command line to 'None'
[0.275s] Level 5:colcon.colcon_core.verb:set package 'a1_gazebo' build argument 'cmake_target' from command line to 'None'
[0.275s] Level 5:colcon.colcon_core.verb:set package 'a1_gazebo' build argument 'cmake_target_skip_unavailable' from command line to 'False'
[0.275s] Level 5:colcon.colcon_core.verb:set package 'a1_gazebo' build argument 'cmake_clean_cache' from command line to 'False'
[0.275s] Level 5:colcon.colcon_core.verb:set package 'a1_gazebo' build argument 'cmake_clean_first' from command line to 'False'
[0.275s] Level 5:colcon.colcon_core.verb:set package 'a1_gazebo' build argument 'cmake_force_configure' from command line to 'False'
[0.275s] Level 5:colcon.colcon_core.verb:set package 'a1_gazebo' build argument 'ament_cmake_args' from command line to 'None'
[0.275s] Level 5:colcon.colcon_core.verb:set package 'a1_gazebo' build argument 'catkin_cmake_args' from command line to 'None'
[0.275s] Level 5:colcon.colcon_core.verb:set package 'a1_gazebo' build argument 'catkin_skip_building_tests' from command line to 'False'
[0.275s] DEBUG:colcon.colcon_core.verb:Building package 'a1_gazebo' with the following arguments: {'ament_cmake_args': None, 'build_base': '/root/try/a1_ros2_simulation/build/a1_gazebo', 'catkin_cmake_args': None, 'catkin_skip_building_tests': False, 'cmake_args': None, 'cmake_clean_cache': False, 'cmake_clean_first': False, 'cmake_force_configure': False, 'cmake_target': None, 'cmake_target_skip_unavailable': False, 'install_base': '/root/try/a1_ros2_simulation/install/a1_gazebo', 'merge_install': False, 'path': '/root/try/a1_ros2_simulation/a1_gazebo', 'symlink_install': False, 'test_result_base': None}
[0.275s] INFO:colcon.colcon_core.executor:Executing jobs using 'parallel' executor
[0.277s] DEBUG:colcon.colcon_parallel_executor.executor.parallel:run_until_complete
[0.277s] INFO:colcon.colcon_ros.task.ament_cmake.build:Building ROS package in '/root/try/a1_ros2_simulation/a1_gazebo' with build type 'ament_cmake'
[0.277s] INFO:colcon.colcon_cmake.task.cmake.build:Building CMake package in '/root/try/a1_ros2_simulation/a1_gazebo'
[0.280s] INFO:colcon.colcon_core.plugin_system:Skipping extension 'colcon_core.shell.bat': Not used on non-Windows systems
[0.280s] INFO:colcon.colcon_core.shell:Skip shell extension 'powershell' for command environment: Not usable outside of PowerShell
[0.281s] DEBUG:colcon.colcon_core.shell:Skip shell extension 'dsv' for command environment
[0.283s] DEBUG:colcon.colcon_core.shell:Ignoring prefix path '/opt/ros/foxy'
[0.304s] DEBUG:colcon.colcon_core.event_handler.log_command:Invoking command in '/root/try/a1_ros2_simulation/build/a1_gazebo': CMAKE_PREFIX_PATH=/root/try/a1_ros2_simulation/install/a1_msgs:/root/try/a1_ros2_simulation/install/a1_joint_control:/root/try/a1_ros2_simulation/install/a1_gazebo:/root/try/a1_ros2_simulation/install/a1_controller:/root/try/a1_ros2_simulation/install/a1_description:/opt/ros/foxy /usr/bin/cmake --build /root/try/a1_ros2_simulation/build/a1_gazebo -- -j4 -l4
[0.416s] DEBUG:colcon.colcon_core.event_handler.log_command:Invoked command in '/root/try/a1_ros2_simulation/build/a1_gazebo' returned '0': CMAKE_PREFIX_PATH=/root/try/a1_ros2_simulation/install/a1_msgs:/root/try/a1_ros2_simulation/install/a1_joint_control:/root/try/a1_ros2_simulation/install/a1_gazebo:/root/try/a1_ros2_simulation/install/a1_controller:/root/try/a1_ros2_simulation/install/a1_description:/opt/ros/foxy /usr/bin/cmake --build /root/try/a1_ros2_simulation/build/a1_gazebo -- -j4 -l4
[0.452s] DEBUG:colcon.colcon_core.event_handler.log_command:Invoking command in '/root/try/a1_ros2_simulation/build/a1_gazebo': CMAKE_PREFIX_PATH=/root/try/a1_ros2_simulation/install/a1_msgs:/root/try/a1_ros2_simulation/install/a1_joint_control:/root/try/a1_ros2_simulation/install/a1_gazebo:/root/try/a1_ros2_simulation/install/a1_controller:/root/try/a1_ros2_simulation/install/a1_description:/opt/ros/foxy /usr/bin/cmake --install /root/try/a1_ros2_simulation/build/a1_gazebo
[0.462s] Level 1:colcon.colcon_core.environment:create_environment_scripts_only(a1_gazebo)
[0.465s] Level 1:colcon.colcon_core.environment:checking '/root/try/a1_ros2_simulation/install/a1_gazebo' for CMake module files
[0.466s] DEBUG:colcon.colcon_core.event_handler.log_command:Invoked command in '/root/try/a1_ros2_simulation/build/a1_gazebo' returned '0': CMAKE_PREFIX_PATH=/root/try/a1_ros2_simulation/install/a1_msgs:/root/try/a1_ros2_simulation/install/a1_joint_control:/root/try/a1_ros2_simulation/install/a1_gazebo:/root/try/a1_ros2_simulation/install/a1_controller:/root/try/a1_ros2_simulation/install/a1_description:/opt/ros/foxy /usr/bin/cmake --install /root/try/a1_ros2_simulation/build/a1_gazebo
[0.466s] Level 1:colcon.colcon_core.environment:checking '/root/try/a1_ros2_simulation/install/a1_gazebo' for CMake config files
[0.466s] Level 1:colcon.colcon_core.shell:create_environment_hook('a1_gazebo', 'cmake_prefix_path')
[0.467s] INFO:colcon.colcon_core.shell:Creating environment hook '/root/try/a1_ros2_simulation/install/a1_gazebo/share/a1_gazebo/hook/cmake_prefix_path.ps1'
[0.467s] INFO:colcon.colcon_core.shell:Creating environment descriptor '/root/try/a1_ros2_simulation/install/a1_gazebo/share/a1_gazebo/hook/cmake_prefix_path.dsv'
[0.468s] INFO:colcon.colcon_core.shell:Creating environment hook '/root/try/a1_ros2_simulation/install/a1_gazebo/share/a1_gazebo/hook/cmake_prefix_path.sh'
[0.468s] Level 1:colcon.colcon_core.environment:checking '/root/try/a1_ros2_simulation/install/a1_gazebo/lib'
[0.469s] Level 1:colcon.colcon_core.environment:checking '/root/try/a1_ros2_simulation/install/a1_gazebo/bin'
[0.469s] Level 1:colcon.colcon_core.environment:checking '/root/try/a1_ros2_simulation/install/a1_gazebo/lib/pkgconfig/a1_gazebo.pc'
[0.469s] Level 1:colcon.colcon_core.environment:checking '/root/try/a1_ros2_simulation/install/a1_gazebo/lib/python3.8/site-packages'
[0.469s] INFO:colcon.colcon_core.shell:Creating package script '/root/try/a1_ros2_simulation/install/a1_gazebo/share/a1_gazebo/package.ps1'
[0.470s] INFO:colcon.colcon_core.shell:Creating package descriptor '/root/try/a1_ros2_simulation/install/a1_gazebo/share/a1_gazebo/package.dsv'
[0.470s] INFO:colcon.colcon_core.shell:Creating package script '/root/try/a1_ros2_simulation/install/a1_gazebo/share/a1_gazebo/package.sh'
[0.471s] INFO:colcon.colcon_core.shell:Creating package script '/root/try/a1_ros2_simulation/install/a1_gazebo/share/a1_gazebo/package.bash'
[0.472s] INFO:colcon.colcon_core.shell:Creating package script '/root/try/a1_ros2_simulation/install/a1_gazebo/share/a1_gazebo/package.zsh'
[0.473s] Level 1:colcon.colcon_core.environment:create_file_with_runtime_dependencies(/root/try/a1_ros2_simulation/install/a1_gazebo/share/colcon-core/packages/a1_gazebo)
[0.498s] Level 1:colcon.colcon_core.environment:create_environment_scripts_only(a1_gazebo)
[0.499s] Level 1:colcon.colcon_core.environment:checking '/root/try/a1_ros2_simulation/install/a1_gazebo' for CMake module files
[0.499s] Level 1:colcon.colcon_core.environment:checking '/root/try/a1_ros2_simulation/install/a1_gazebo' for CMake config files
[0.499s] Level 1:colcon.colcon_core.shell:create_environment_hook('a1_gazebo', 'cmake_prefix_path')
[0.500s] INFO:colcon.colcon_core.shell:Creating environment hook '/root/try/a1_ros2_simulation/install/a1_gazebo/share/a1_gazebo/hook/cmake_prefix_path.ps1'
[0.500s] INFO:colcon.colcon_core.shell:Creating environment descriptor '/root/try/a1_ros2_simulation/install/a1_gazebo/share/a1_gazebo/hook/cmake_prefix_path.dsv'
[0.501s] INFO:colcon.colcon_core.shell:Creating environment hook '/root/try/a1_ros2_simulation/install/a1_gazebo/share/a1_gazebo/hook/cmake_prefix_path.sh'
[0.501s] Level 1:colcon.colcon_core.environment:checking '/root/try/a1_ros2_simulation/install/a1_gazebo/lib'
[0.501s] Level 1:colcon.colcon_core.environment:checking '/root/try/a1_ros2_simulation/install/a1_gazebo/bin'
[0.501s] Level 1:colcon.colcon_core.environment:checking '/root/try/a1_ros2_simulation/install/a1_gazebo/lib/pkgconfig/a1_gazebo.pc'
[0.501s] Level 1:colcon.colcon_core.environment:checking '/root/try/a1_ros2_simulation/install/a1_gazebo/lib/python3.8/site-packages'
[0.502s] INFO:colcon.colcon_core.shell:Creating package script '/root/try/a1_ros2_simulation/install/a1_gazebo/share/a1_gazebo/package.ps1'
[0.502s] INFO:colcon.colcon_core.shell:Creating package descriptor '/root/try/a1_ros2_simulation/install/a1_gazebo/share/a1_gazebo/package.dsv'
[0.503s] INFO:colcon.colcon_core.shell:Creating package script '/root/try/a1_ros2_simulation/install/a1_gazebo/share/a1_gazebo/package.sh'
[0.504s] INFO:colcon.colcon_core.shell:Creating package script '/root/try/a1_ros2_simulation/install/a1_gazebo/share/a1_gazebo/package.bash'
[0.504s] INFO:colcon.colcon_core.shell:Creating package script '/root/try/a1_ros2_simulation/install/a1_gazebo/share/a1_gazebo/package.zsh'
[0.505s] Level 1:colcon.colcon_core.environment:create_file_with_runtime_dependencies(/root/try/a1_ros2_simulation/install/a1_gazebo/share/colcon-core/packages/a1_gazebo)
[0.505s] DEBUG:colcon.colcon_parallel_executor.executor.parallel:closing loop
[0.506s] DEBUG:colcon.colcon_parallel_executor.executor.parallel:loop closed
[0.506s] DEBUG:colcon.colcon_parallel_executor.executor.parallel:run_until_complete finished with '0'
[0.506s] DEBUG:colcon.colcon_core.event_reactor:joining thread
[0.511s] INFO:colcon.colcon_core.plugin_system:Skipping extension 'colcon_notification.desktop_notification.terminal_notifier': Not used on non-Darwin systems
[0.511s] INFO:colcon.colcon_core.plugin_system:Skipping extension 'colcon_notification.desktop_notification.win32': Not used on non-Windows systems
[0.511s] INFO:colcon.colcon_notification.desktop_notification:Sending desktop notification using 'notify2'
[0.516s] DEBUG:colcon.colcon_notification.desktop_notification.notify2:Failed to initialize notify2: org.freedesktop.DBus.Error.ServiceUnknown: The name org.freedesktop.Notifications was not provided by any .service files
[0.517s] DEBUG:colcon.colcon_core.event_reactor:joined thread
[0.518s] INFO:colcon.colcon_core.shell:Creating prefix script '/root/try/a1_ros2_simulation/install/local_setup.ps1'
[0.519s] INFO:colcon.colcon_core.shell:Creating prefix util module '/root/try/a1_ros2_simulation/install/_local_setup_util_ps1.py'
[0.520s] INFO:colcon.colcon_core.shell:Creating prefix chain script '/root/try/a1_ros2_simulation/install/setup.ps1'
[0.521s] INFO:colcon.colcon_core.shell:Creating prefix script '/root/try/a1_ros2_simulation/install/local_setup.sh'
[0.522s] INFO:colcon.colcon_core.shell:Creating prefix util module '/root/try/a1_ros2_simulation/install/_local_setup_util_sh.py'
[0.522s] INFO:colcon.colcon_core.shell:Creating prefix chain script '/root/try/a1_ros2_simulation/install/setup.sh'
[0.524s] INFO:colcon.colcon_core.shell:Creating prefix script '/root/try/a1_ros2_simulation/install/local_setup.bash'
[0.524s] INFO:colcon.colcon_core.shell:Creating prefix chain script '/root/try/a1_ros2_simulation/install/setup.bash'
[0.526s] INFO:colcon.colcon_core.shell:Creating prefix script '/root/try/a1_ros2_simulation/install/local_setup.zsh'
[0.527s] INFO:colcon.colcon_core.shell:Creating prefix chain script '/root/try/a1_ros2_simulation/install/setup.zsh'
