-- The C compiler identification is GNU 9.3.0
-- The CXX compiler identification is GNU 9.3.0
-- Check for working C compiler: /usr/bin/cc
-- Check for working C compiler: /usr/bin/cc -- works
-- Detecting C compiler ABI info
-- Detecting C compiler ABI info - done
-- Detecting C compile features
-- Detecting C compile features - done
-- Check for working CXX compiler: /usr/bin/c++
-- Check for working CXX compiler: /usr/bin/c++ -- works
-- Detecting CXX compiler ABI info
-- Detecting CXX compiler ABI info - done
-- Detecting CXX compile features
-- Detecting CXX compile features - done
-- Found ament_cmake: 0.9.8 (/opt/ros/foxy/share/ament_cmake/cmake)
-- Found PythonInterp: /usr/bin/python3 (found suitable version "3.8.10", minimum required is "3") 
-- Using PYTHON_EXECUTABLE: /usr/bin/python3
-- Found std_msgs: 2.0.4 (/opt/ros/foxy/share/std_msgs/cmake)
-- Using all available rosidl_typesupport_c: rosidl_typesupport_fastrtps_c;rosidl_typesupport_introspection_c
-- Found rosidl_adapter: 1.2.1 (/opt/ros/foxy/share/rosidl_adapter/cmake)
-- Found OpenSSL: /usr/lib/x86_64-linux-gnu/libcrypto.so (found version "1.1.1f")  
-- Found FastRTPS: /opt/ros/foxy/include  
-- Using all available rosidl_typesupport_cpp: rosidl_typesupport_fastrtps_cpp;rosidl_typesupport_introspection_cpp
-- Found rclcpp: 2.3.1 (/opt/ros/foxy/share/rclcpp/cmake)
-- Found rmw_implementation_cmake: 1.0.3 (/opt/ros/foxy/share/rmw_implementation_cmake/cmake)
-- Using RMW implementation 'rmw_fastrtps_cpp' as default
-- Looking for pthread.h
-- Looking for pthread.h - found
-- Performing Test CMAKE_HAVE_LIBC_PTHREAD
-- Performing Test CMAKE_HAVE_LIBC_PTHREAD - Failed
-- Looking for pthread_create in pthreads
-- Looking for pthread_create in pthreads - not found
-- Looking for pthread_create in pthread
-- Looking for pthread_create in pthread - found
-- Found Threads: TRUE  
-- Found controller_manager: 0.6.1 (/opt/ros/foxy/share/controller_manager/cmake)
-- Found joint_state_controller: 0.3.1 (/opt/ros/foxy/share/joint_state_controller/cmake)
-- Found robot_state_publisher: 2.4.2 (/opt/ros/foxy/share/robot_state_publisher/cmake)
-- Found eigen3_cmake_module: 0.1.1 (/opt/ros/foxy/share/eigen3_cmake_module/cmake)
-- Found Eigen3: TRUE (found version "3.3.7") 
-- Found gazebo_ros: 3.5.3 (/opt/ros/foxy/share/gazebo_ros/cmake)
-- Found PkgConfig: /usr/bin/pkg-config (found version "0.29.1") 
-- Checking for module 'bullet>=2.82'
--   Found bullet, version 2.88
-- Found ccd: /usr/include (found suitable version "2.0", minimum required is "2.0") 
-- Found fcl: /usr/include (found suitable version "0.5.0", minimum required is "0.3.2") 
-- Found assimp: /usr/include (found version "5.0.0") 
-- Found DART: /usr/include (Required is at least version "6.6") found components: dart 
-- Found Boost: /usr/lib/x86_64-linux-gnu/cmake/Boost-1.71.0/BoostConfig.cmake (found suitable version "1.71.0", minimum required is "1.40.0") found components: thread system filesystem program_options regex iostreams date_time 
-- Found Protobuf: /usr/lib/x86_64-linux-gnu/libprotobuf.so;-lpthread (found version "3.6.1") 
-- Looking for ignition-math6 -- found version 6.8.0
-- Searching for dependencies of ignition-math6
-- Looking for OGRE...
-- OGRE_PREFIX_WATCH changed.
-- Checking for module 'OGRE'
--   Found OGRE, version 1.9.0
-- Found Ogre Ghadamon (1.9.0)
-- Found OGRE: optimized;/usr/lib/x86_64-linux-gnu/libOgreMain.so;debug;/usr/lib/x86_64-linux-gnu/libOgreMain.so
-- Looking for OGRE_Paging...
-- Found OGRE_Paging: optimized;/usr/lib/x86_64-linux-gnu/libOgrePaging.so;debug;/usr/lib/x86_64-linux-gnu/libOgrePaging.so
-- Looking for OGRE_Terrain...
-- Found OGRE_Terrain: optimized;/usr/lib/x86_64-linux-gnu/libOgreTerrain.so;debug;/usr/lib/x86_64-linux-gnu/libOgreTerrain.so
-- Looking for OGRE_Property...
-- Found OGRE_Property: optimized;/usr/lib/x86_64-linux-gnu/libOgreProperty.so;debug;/usr/lib/x86_64-linux-gnu/libOgreProperty.so
-- Looking for OGRE_RTShaderSystem...
-- Found OGRE_RTShaderSystem: optimized;/usr/lib/x86_64-linux-gnu/libOgreRTShaderSystem.so;debug;/usr/lib/x86_64-linux-gnu/libOgreRTShaderSystem.so
-- Looking for OGRE_Volume...
-- Found OGRE_Volume: optimized;/usr/lib/x86_64-linux-gnu/libOgreVolume.so;debug;/usr/lib/x86_64-linux-gnu/libOgreVolume.so
-- Looking for OGRE_Overlay...
-- Found OGRE_Overlay: optimized;/usr/lib/x86_64-linux-gnu/libOgreOverlay.so;debug;/usr/lib/x86_64-linux-gnu/libOgreOverlay.so
-- Looking for ignition-math6 -- found version 6.8.0
-- Looking for ignition-transport8 -- found version 8.2.0
-- Searching for dependencies of ignition-transport8
-- Found Protobuf: /usr/lib/x86_64-linux-gnu/libprotobuf.so;-lpthread (found suitable version "3.6.1", minimum required is "3") 
-- Config-file not installed for ZeroMQ -- checking for pkg-config
-- Checking for module 'libzmq >= 4'
--   Found libzmq , version 4.3.2
-- Found ZeroMQ: TRUE (Required is at least version "4") 
-- Checking for module 'uuid'
--   Found uuid, version 2.34.0
-- Found UUID: TRUE  
-- Looking for ignition-msgs5 -- found version 5.7.0
-- Searching for dependencies of ignition-msgs5
-- Looking for ignition-math6 -- found version 6.8.0
-- Checking for module 'tinyxml2'
--   Found tinyxml2, version 6.2.0
-- Looking for ignition-msgs5 -- found version 5.7.0
-- Looking for ignition-common3 -- found version 3.13.2
-- Searching for dependencies of ignition-common3
-- Looking for dlfcn.h - found
-- Looking for libdl - found
-- Found DL: TRUE  
-- Searching for <ignition-common3> component [graphics]
-- Looking for ignition-common3-graphics -- found version 3.13.2
-- Searching for dependencies of ignition-common3-graphics
-- Looking for ignition-math6 -- found version 6.8.0
-- Looking for ignition-fuel_tools4 -- found version 4.3.0
-- Searching for dependencies of ignition-fuel_tools4
-- Found CURL: /usr/lib/x86_64-linux-gnu/libcurl.so (found version "7.68.0")  
-- Checking for module 'jsoncpp'
--   Found jsoncpp, version 1.7.4
-- Found JSONCPP: TRUE  
-- Checking for module 'libzip'
--   Found libzip, version 1.5.1
-- Found ZIP: TRUE  
-- Looking for ignition-common3 -- found version 3.13.2
-- Looking for ignition-msgs5 -- found version 5.7.0
-- Gazebo version: 11.5
-- Found a1_msgs: 0.0.1 (/root/try/a1_ros2_simulation/install/a1_msgs/share/a1_msgs/cmake)
-- Found gazebo_msgs: 3.5.3 (/opt/ros/foxy/share/gazebo_msgs/cmake)
-- Found ament_lint_auto: 0.9.6 (/opt/ros/foxy/share/ament_lint_auto/cmake)
-- Added test 'copyright' to check source files copyright and LICENSE
-- Added test 'cppcheck' to perform static code analysis on C / C++ code
-- Configured cppcheck include dirs: /root/try/a1_ros2_simulation/a1_controller/include
-- Configured cppcheck exclude dirs and/or files: 
-- Added test 'cpplint' to check C / C++ code against the Google style
-- Configured cpplint exclude dirs and/or files: 
-- Added test 'lint_cmake' to check CMake code style
-- Added test 'uncrustify' to check C / C++ code style
-- Configured uncrustify additional arguments: 
-- Added test 'xmllint' to check XML markup files
-- Configuring done
-- Generating done
-- Build files have been written to: /root/try/a1_ros2_simulation/build/a1_controller
[35m[1mScanning dependencies of target unitree_move[0m
[35m[1mScanning dependencies of target unitree_servo[0m
[ 20%] [32mBuilding CXX object CMakeFiles/unitree_move.dir/src/move_publisher.cpp.o[0m
[ 40%] [32mBuilding CXX object CMakeFiles/unitree_servo.dir/src/body.cpp.o[0m
[ 60%] [32mBuilding CXX object CMakeFiles/unitree_servo.dir/src/servo.cpp.o[0m
[ 80%] [32m[1mLinking CXX executable unitree_move[0m
[ 80%] Built target unitree_move
[100%] [32m[1mLinking CXX executable unitree_servo[0m
[100%] Built target unitree_servo
-- Install configuration: ""
-- Installing: /root/try/a1_ros2_simulation/install/a1_controller/lib/a1_controller/unitree_move
-- Set runtime path of "/root/try/a1_ros2_simulation/install/a1_controller/lib/a1_controller/unitree_move" to ""
-- Installing: /root/try/a1_ros2_simulation/install/a1_controller/lib/a1_controller/unitree_servo
-- Set runtime path of "/root/try/a1_ros2_simulation/install/a1_controller/lib/a1_controller/unitree_servo" to ""
-- Installing: /root/try/a1_ros2_simulation/install/a1_controller/share/ament_index/resource_index/package_run_dependencies/a1_controller
-- Installing: /root/try/a1_ros2_simulation/install/a1_controller/share/ament_index/resource_index/parent_prefix_path/a1_controller
-- Installing: /root/try/a1_ros2_simulation/install/a1_controller/share/a1_controller/environment/ament_prefix_path.sh
-- Installing: /root/try/a1_ros2_simulation/install/a1_controller/share/a1_controller/environment/ament_prefix_path.dsv
-- Installing: /root/try/a1_ros2_simulation/install/a1_controller/share/a1_controller/environment/path.sh
-- Installing: /root/try/a1_ros2_simulation/install/a1_controller/share/a1_controller/environment/path.dsv
-- Installing: /root/try/a1_ros2_simulation/install/a1_controller/share/a1_controller/local_setup.bash
-- Installing: /root/try/a1_ros2_simulation/install/a1_controller/share/a1_controller/local_setup.sh
-- Installing: /root/try/a1_ros2_simulation/install/a1_controller/share/a1_controller/local_setup.zsh
-- Installing: /root/try/a1_ros2_simulation/install/a1_controller/share/a1_controller/local_setup.dsv
-- Installing: /root/try/a1_ros2_simulation/install/a1_controller/share/a1_controller/package.dsv
-- Installing: /root/try/a1_ros2_simulation/install/a1_controller/share/ament_index/resource_index/packages/a1_controller
-- Installing: /root/try/a1_ros2_simulation/install/a1_controller/share/a1_controller/cmake/ament_cmake_export_include_directories-extras.cmake
-- Installing: /root/try/a1_ros2_simulation/install/a1_controller/share/a1_controller/cmake/ament_cmake_export_dependencies-extras.cmake
-- Installing: /root/try/a1_ros2_simulation/install/a1_controller/share/a1_controller/cmake/a1_controllerConfig.cmake
-- Installing: /root/try/a1_ros2_simulation/install/a1_controller/share/a1_controller/cmake/a1_controllerConfig-version.cmake
-- Installing: /root/try/a1_ros2_simulation/install/a1_controller/share/a1_controller/package.xml
