[35m[1mScanning dependencies of target unitree_legged_control[0m
[ 50%] [32mBuilding CXX object CMakeFiles/unitree_legged_control.dir/src/a1_joint.cpp.o[0m
[100%] [32m[1mLinking CXX static library libunitree_legged_control.a[0m
[100%] Built target unitree_legged_control
-- Install configuration: ""
-- Installing: /root/try/a1_ros2_simulation/install/a1_joint_control/share/a1_joint_control/unitree_controller_plugins.xml
-- Installing: /root/try/a1_ros2_simulation/install/a1_joint_control/lib/libunitree_legged_control.a
-- Up-to-date: /root/try/a1_ros2_simulation/install/a1_joint_control/share/ament_index/resource_index/package_run_dependencies/a1_joint_control
-- Up-to-date: /root/try/a1_ros2_simulation/install/a1_joint_control/share/ament_index/resource_index/parent_prefix_path/a1_joint_control
-- Up-to-date: /root/try/a1_ros2_simulation/install/a1_joint_control/share/a1_joint_control/environment/ament_prefix_path.sh
-- Up-to-date: /root/try/a1_ros2_simulation/install/a1_joint_control/share/a1_joint_control/environment/ament_prefix_path.dsv
-- Up-to-date: /root/try/a1_ros2_simulation/install/a1_joint_control/share/a1_joint_control/environment/path.sh
-- Up-to-date: /root/try/a1_ros2_simulation/install/a1_joint_control/share/a1_joint_control/environment/path.dsv
-- Up-to-date: /root/try/a1_ros2_simulation/install/a1_joint_control/share/a1_joint_control/local_setup.bash
-- Up-to-date: /root/try/a1_ros2_simulation/install/a1_joint_control/share/a1_joint_control/local_setup.sh
-- Up-to-date: /root/try/a1_ros2_simulation/install/a1_joint_control/share/a1_joint_control/local_setup.zsh
-- Up-to-date: /root/try/a1_ros2_simulation/install/a1_joint_control/share/a1_joint_control/local_setup.dsv
-- Installing: /root/try/a1_ros2_simulation/install/a1_joint_control/share/a1_joint_control/package.dsv
-- Up-to-date: /root/try/a1_ros2_simulation/install/a1_joint_control/share/ament_index/resource_index/packages/a1_joint_control
-- Up-to-date: /root/try/a1_ros2_simulation/install/a1_joint_control/share/ament_index/resource_index/controller_interface__pluginlib__plugin/a1_joint_control
-- Up-to-date: /root/try/a1_ros2_simulation/install/a1_joint_control/share/a1_joint_control/cmake/a1_joint_controlConfig.cmake
-- Up-to-date: /root/try/a1_ros2_simulation/install/a1_joint_control/share/a1_joint_control/cmake/a1_joint_controlConfig-version.cmake
-- Up-to-date: /root/try/a1_ros2_simulation/install/a1_joint_control/share/a1_joint_control/package.xml
