[0.015s] Invoking command in '/root/try/a1_ros2_simulation/build/a1_joint_control': CMAKE_PREFIX_PATH=/root/try/a1_ros2_simulation/install/a1_msgs:/root/try/a1_ros2_simulation/install/a1_joint_control:/root/try/a1_ros2_simulation/install/a1_gazebo:/root/try/a1_ros2_simulation/install/a1_controller:/root/try/a1_ros2_simulation/install/a1_description:/opt/ros/foxy /usr/bin/cmake --build /root/try/a1_ros2_simulation/build/a1_joint_control -- -j4 -l4
[0.065s] [35m[1mScanning dependencies of target unitree_legged_control[0m
[0.094s] [ 50%] [32mBuilding CXX object CMakeFiles/unitree_legged_control.dir/src/a1_joint.cpp.o[0m
[1.762s] [01m[K/root/try/a1_ros2_simulation/a1_joint_control/src/a1_joint.cpp:[m[K In constructor ‘[01m[Ka1_joint_control::UnitreeJointController::UnitreeJointController()[m[K’:
[1.762s] [01m[K/root/try/a1_ros2_simulation/a1_joint_control/src/a1_joint.cpp:39:59:[m[K [01;35m[Kwarning: [m[K‘[01m[Kvoid* memset(void*, int, size_t)[m[K’ clearing an object of non-trivial type ‘[01m[Kusing MotorCmd = struct a1_msgs::msg::MotorCmd_<std::allocator<void> >[m[K’ {aka ‘[01m[Kstruct a1_msgs::msg::MotorCmd_<std::allocator<void> >[m[K’}; use assignment or value-initialization instead [[01;35m[K-Wclass-memaccess[m[K]
[1.762s]    39 |         memset(&lastCmd, 0, sizeof(a1_msgs::msg::MotorCmd)[01;35m[K)[m[K;
[1.762s]       |                                                           [01;35m[K^[m[K
[1.762s] In file included from [01m[K/root/try/a1_ros2_simulation/install/a1_msgs/include/a1_msgs/msg/motor_cmd.hpp:7[m[K,
[1.762s]                  from [01m[K/root/try/a1_ros2_simulation/a1_joint_control/include/a1_joint.h:7[m[K,
[1.762s]                  from [01m[K/root/try/a1_ros2_simulation/a1_joint_control/src/a1_joint.cpp:2[m[K:
[1.762s] [01m[K/root/try/a1_ros2_simulation/install/a1_msgs/include/a1_msgs/msg/detail/motor_cmd__struct.hpp:31:8:[m[K [01;36m[Knote: [m[K‘[01m[Kusing MotorCmd = struct a1_msgs::msg::MotorCmd_<std::allocator<void> >[m[K’ {aka ‘[01m[Kstruct a1_msgs::msg::MotorCmd_<std::allocator<void> >[m[K’} declared here
[1.762s]    31 | struct [01;36m[KMotorCmd_[m[K
[1.762s]       |        [01;36m[K^~~~~~~~~[m[K
[1.762s] [01m[K/root/try/a1_ros2_simulation/a1_joint_control/src/a1_joint.cpp:40:63:[m[K [01;35m[Kwarning: [m[K‘[01m[Kvoid* memset(void*, int, size_t)[m[K’ clearing an object of non-trivial type ‘[01m[Kusing MotorState = struct a1_msgs::msg::MotorState_<std::allocator<void> >[m[K’ {aka ‘[01m[Kstruct a1_msgs::msg::MotorState_<std::allocator<void> >[m[K’}; use assignment or value-initialization instead [[01;35m[K-Wclass-memaccess[m[K]
[1.762s]    40 |         memset(&lastState, 0, sizeof(a1_msgs::msg::MotorState)[01;35m[K)[m[K;
[1.762s]       |                                                               [01;35m[K^[m[K
[1.762s] In file included from [01m[K/root/try/a1_ros2_simulation/install/a1_msgs/include/a1_msgs/msg/motor_state.hpp:7[m[K,
[1.762s]                  from [01m[K/root/try/a1_ros2_simulation/a1_joint_control/include/a1_joint.h:8[m[K,
[1.762s]                  from [01m[K/root/try/a1_ros2_simulation/a1_joint_control/src/a1_joint.cpp:2[m[K:
[1.763s] [01m[K/root/try/a1_ros2_simulation/install/a1_msgs/include/a1_msgs/msg/detail/motor_state__struct.hpp:31:8:[m[K [01;36m[Knote: [m[K‘[01m[Kusing MotorState = struct a1_msgs::msg::MotorState_<std::allocator<void> >[m[K’ {aka ‘[01m[Kstruct a1_msgs::msg::MotorState_<std::allocator<void> >[m[K’} declared here
[1.763s]    31 | struct [01;36m[KMotorState_[m[K
[1.763s]       |        [01;36m[K^~~~~~~~~~~[m[K
[3.745s] [01m[K/root/try/a1_ros2_simulation/a1_joint_control/src/a1_joint.cpp:[m[K In member function ‘[01m[Kvirtual controller_interface::return_type a1_joint_control::UnitreeJointController::update()[m[K’:
[3.745s] [01m[K/root/try/a1_ros2_simulation/a1_joint_control/src/a1_joint.cpp:169:32:[m[K [01;35m[Kwarning: [m[K‘[01m[KcurrentPos[m[K’ may be used uninitialized in this function [[01;35m[K-Wmaybe-uninitialized[m[K]
[3.745s]   169 |         currentVel = [01;35m[KcomputeVel(currentPos, (double)lastState.q, (double)lastState.dq, /*period.toSec()*/0)[m[K;
[3.745s]       |                      [01;35m[K~~~~~~~~~~^~~~~~~~~~~~~~~~~~~~~~~~~~~~~~~~~~~~~~~~~~~~~~~~~~~~~~~~~~~~~~~~~~~~~~~~~~~~[m[K
[6.312s] [100%] [32m[1mLinking CXX static library libunitree_legged_control.a[0m
[6.403s] [100%] Built target unitree_legged_control
[6.416s] Invoked command in '/root/try/a1_ros2_simulation/build/a1_joint_control' returned '0': CMAKE_PREFIX_PATH=/root/try/a1_ros2_simulation/install/a1_msgs:/root/try/a1_ros2_simulation/install/a1_joint_control:/root/try/a1_ros2_simulation/install/a1_gazebo:/root/try/a1_ros2_simulation/install/a1_controller:/root/try/a1_ros2_simulation/install/a1_description:/opt/ros/foxy /usr/bin/cmake --build /root/try/a1_ros2_simulation/build/a1_joint_control -- -j4 -l4
[6.448s] Invoking command in '/root/try/a1_ros2_simulation/build/a1_joint_control': CMAKE_PREFIX_PATH=/root/try/a1_ros2_simulation/install/a1_msgs:/root/try/a1_ros2_simulation/install/a1_joint_control:/root/try/a1_ros2_simulation/install/a1_gazebo:/root/try/a1_ros2_simulation/install/a1_controller:/root/try/a1_ros2_simulation/install/a1_description:/opt/ros/foxy /usr/bin/cmake --install /root/try/a1_ros2_simulation/build/a1_joint_control
[6.455s] -- Install configuration: ""
[6.455s] -- Installing: /root/try/a1_ros2_simulation/install/a1_joint_control/share/a1_joint_control/unitree_controller_plugins.xml
[6.455s] -- Installing: /root/try/a1_ros2_simulation/install/a1_joint_control/lib/libunitree_legged_control.a
[6.463s] -- Up-to-date: /root/try/a1_ros2_simulation/install/a1_joint_control/share/ament_index/resource_index/package_run_dependencies/a1_joint_control
[6.463s] -- Up-to-date: /root/try/a1_ros2_simulation/install/a1_joint_control/share/ament_index/resource_index/parent_prefix_path/a1_joint_control
[6.463s] -- Up-to-date: /root/try/a1_ros2_simulation/install/a1_joint_control/share/a1_joint_control/environment/ament_prefix_path.sh
[6.463s] -- Up-to-date: /root/try/a1_ros2_simulation/install/a1_joint_control/share/a1_joint_control/environment/ament_prefix_path.dsv
[6.463s] -- Up-to-date: /root/try/a1_ros2_simulation/install/a1_joint_control/share/a1_joint_control/environment/path.sh
[6.463s] -- Up-to-date: /root/try/a1_ros2_simulation/install/a1_joint_control/share/a1_joint_control/environment/path.dsv
[6.463s] -- Up-to-date: /root/try/a1_ros2_simulation/install/a1_joint_control/share/a1_joint_control/local_setup.bash
[6.463s] -- Up-to-date: /root/try/a1_ros2_simulation/install/a1_joint_control/share/a1_joint_control/local_setup.sh
[6.463s] -- Up-to-date: /root/try/a1_ros2_simulation/install/a1_joint_control/share/a1_joint_control/local_setup.zsh
[6.463s] -- Up-to-date: /root/try/a1_ros2_simulation/install/a1_joint_control/share/a1_joint_control/local_setup.dsv
[6.464s] -- Installing: /root/try/a1_ros2_simulation/install/a1_joint_control/share/a1_joint_control/package.dsv
[6.464s] -- Up-to-date: /root/try/a1_ros2_simulation/install/a1_joint_control/share/ament_index/resource_index/packages/a1_joint_control
[6.464s] -- Up-to-date: /root/try/a1_ros2_simulation/install/a1_joint_control/share/ament_index/resource_index/controller_interface__pluginlib__plugin/a1_joint_control
[6.464s] -- Up-to-date: /root/try/a1_ros2_simulation/install/a1_joint_control/share/a1_joint_control/cmake/a1_joint_controlConfig.cmake
[6.464s] -- Up-to-date: /root/try/a1_ros2_simulation/install/a1_joint_control/share/a1_joint_control/cmake/a1_joint_controlConfig-version.cmake
[6.464s] -- Up-to-date: /root/try/a1_ros2_simulation/install/a1_joint_control/share/a1_joint_control/package.xml
[6.466s] Invoked command in '/root/try/a1_ros2_simulation/build/a1_joint_control' returned '0': CMAKE_PREFIX_PATH=/root/try/a1_ros2_simulation/install/a1_msgs:/root/try/a1_ros2_simulation/install/a1_joint_control:/root/try/a1_ros2_simulation/install/a1_gazebo:/root/try/a1_ros2_simulation/install/a1_controller:/root/try/a1_ros2_simulation/install/a1_description:/opt/ros/foxy /usr/bin/cmake --install /root/try/a1_ros2_simulation/build/a1_joint_control
